  *******************************************
  *                                         *
  *        W E L C O M E  to  R O O T       *
  *                                         *
  *   Version   5.34/09      26 June 2013   *
  *                                         *
  *  You are welcome to visit our Web site  *
  *          http://root.cern.ch            *
  *                                         *
  *******************************************

ROOT 5.34/09 (v5-34-09@v5-34-09, Jun 26 2013, 17:10:36 on linux)

CINT/ROOT C/C++ Interpreter version 5.18.00, July 2, 2010
Type ? for help. Commands must be C++ statements.
Enclose multiple statements between { }.
*** Float Point Exception is OFF ***
 *** Start at Date : Mon Dec 14 15:09:46 2015
QAInfo:You are using STAR_LEVEL : pro, ROOT_LEVEL : 5.34.09 and node : rcas6006.rcf.bnl.gov 
0 :: file = /star/u/sprastar/data05/11GeV/flag/root/pV1A_A48029F7150C720F7984E014F85CEDC1_135.root
1 :: file = /star/u/sprastar/data05/11GeV/flag/root/pV1A_A48029F7150C720F7984E014F85CEDC1_120.root
2 :: file = /star/u/sprastar/data05/11GeV/flag/root/pV1A_A48029F7150C720F7984E014F85CEDC1_111.root
3 :: file = /star/u/sprastar/data05/11GeV/flag/root/pV1A_A48029F7150C720F7984E014F85CEDC1_110.root
4 :: file = /star/u/sprastar/data05/11GeV/flag/root/pV1A_A48029F7150C720F7984E014F85CEDC1_107.root
5 :: file = /star/u/sprastar/data05/11GeV/flag/root/pV1A_A48029F7150C720F7984E014F85CEDC1_116.root
6 :: file = /star/u/sprastar/data05/11GeV/flag/root/pV1A_A48029F7150C720F7984E014F85CEDC1_106.root
7 :: file = /star/u/sprastar/data05/11GeV/flag/root/pV1A_A48029F7150C720F7984E014F85CEDC1_123.root
8 :: file = /star/u/sprastar/data05/11GeV/flag/root/pV1A_A48029F7150C720F7984E014F85CEDC1_113.root
9 :: file = /star/u/sprastar/data05/11GeV/flag/root/pV1A_A48029F7150C720F7984E014F85CEDC1_112.root
10 :: file = /star/u/sprastar/data05/11GeV/flag/root/pV1A_A48029F7150C720F7984E014F85CEDC1_159.root
11 :: file = /star/u/sprastar/data05/11GeV/flag/root/pV1A_A48029F7150C720F7984E014F85CEDC1_161.root
12 :: file = /star/u/sprastar/data05/11GeV/flag/root/pV1A_A48029F7150C720F7984E014F85CEDC1_145.root
13 :: file = /star/u/sprastar/data05/11GeV/flag/root/pV1A_A48029F7150C720F7984E014F85CEDC1_6.root
14 :: file = /star/u/sprastar/data05/11GeV/flag/root/pV1A_A48029F7150C720F7984E014F85CEDC1_5.root
15 :: file = /star/u/sprastar/data05/11GeV/flag/root/pV1A_A48029F7150C720F7984E014F85CEDC1_88.root
16 :: file = /star/u/sprastar/data05/11GeV/flag/root/pV1A_A48029F7150C720F7984E014F85CEDC1_30.root
17 :: file = /star/u/sprastar/data05/11GeV/flag/root/pV1A_A48029F7150C720F7984E014F85CEDC1_36.root
18 :: file = /star/u/sprastar/data05/11GeV/flag/root/pV1A_A48029F7150C720F7984E014F85CEDC1_78.root
19 :: file = /star/u/sprastar/data05/11GeV/flag/root/pV1A_A48029F7150C720F7984E014F85CEDC1_67.root
20 :: file = /star/u/sprastar/data05/11GeV/flag/root/pV1A_A48029F7150C720F7984E014F85CEDC1_26.root
21 :: file = /star/u/sprastar/data05/11GeV/flag/root/pV1A_A48029F7150C720F7984E014F85CEDC1_80.root
22 :: file = /star/u/sprastar/data05/11GeV/flag/root/pV1A_A48029F7150C720F7984E014F85CEDC1_66.root
23 :: file = /star/u/sprastar/data05/11GeV/flag/root/pV1A_A48029F7150C720F7984E014F85CEDC1_85.root
24 :: file = /star/u/sprastar/data05/11GeV/flag/root/pV1A_A48029F7150C720F7984E014F85CEDC1_22.root
25 :: file = /star/u/sprastar/data05/11GeV/flag/root/pV1A_A48029F7150C720F7984E014F85CEDC1_21.root
26 :: file = /star/u/sprastar/data05/11GeV/flag/root/pV1A_A48029F7150C720F7984E014F85CEDC1_95.root
27 :: file = /star/u/sprastar/data05/11GeV/flag/root/pV1A_A48029F7150C720F7984E014F85CEDC1_86.root
28 :: file = /star/u/sprastar/data05/11GeV/flag/root/pV1A_A48029F7150C720F7984E014F85CEDC1_98.root
29 :: file = /star/u/sprastar/data05/11GeV/flag/root/pV1A_A48029F7150C720F7984E014F85CEDC1_96.root
30 :: file = /star/u/sprastar/data05/11GeV/flag/root/pV1A_A48029F7150C720F7984E014F85CEDC1_140.root
31 :: file = /star/u/sprastar/data05/11GeV/flag/root/pV1A_A48029F7150C720F7984E014F85CEDC1_154.root
32 :: file = /star/u/sprastar/data05/11GeV/flag/root/pV1A_A48029F7150C720F7984E014F85CEDC1_117.root
33 :: file = /star/u/sprastar/data05/11GeV/flag/root/pV1A_A48029F7150C720F7984E014F85CEDC1_164.root
34 :: file = /star/u/sprastar/data05/11GeV/flag/root/pV1A_A48029F7150C720F7984E014F85CEDC1_158.root
35 :: file = /star/u/sprastar/data05/11GeV/flag/root/pV1A_A48029F7150C720F7984E014F85CEDC1_1.root
36 :: file = /star/u/sprastar/data05/11GeV/flag/root/pV1A_A48029F7150C720F7984E014F85CEDC1_27.root
37 :: file = /star/u/sprastar/data05/11GeV/flag/root/pV1A_A48029F7150C720F7984E014F85CEDC1_3.root
38 :: file = /star/u/sprastar/data05/11GeV/flag/root/pV1A_A48029F7150C720F7984E014F85CEDC1_81.root
39 :: file = /star/u/sprastar/data05/11GeV/flag/root/pV1A_A48029F7150C720F7984E014F85CEDC1_17.root
40 :: file = /star/u/sprastar/data05/11GeV/flag/root/pV1A_A48029F7150C720F7984E014F85CEDC1_40.root
41 :: file = /star/u/sprastar/data05/11GeV/flag/root/pV1A_A48029F7150C720F7984E014F85CEDC1_56.root
42 :: file = /star/u/sprastar/data05/11GeV/flag/root/pV1A_A48029F7150C720F7984E014F85CEDC1_104.root
43 :: file = /star/u/sprastar/data05/11GeV/flag/root/pV1A_A48029F7150C720F7984E014F85CEDC1_62.root
44 :: file = /star/u/sprastar/data05/11GeV/flag/root/pV1A_A48029F7150C720F7984E014F85CEDC1_64.root
45 :: file = /star/u/sprastar/data05/11GeV/flag/root/pV1A_A48029F7150C720F7984E014F85CEDC1_73.root
46 :: file = /star/u/sprastar/data05/11GeV/flag/root/pV1A_A48029F7150C720F7984E014F85CEDC1_103.root
47 :: file = /star/u/sprastar/data05/11GeV/flag/root/pV1A_A48029F7150C720F7984E014F85CEDC1_44.root
48 :: file = /star/u/sprastar/data05/11GeV/flag/root/pV1A_A48029F7150C720F7984E014F85CEDC1_59.root
49 :: file = /star/u/sprastar/data05/11GeV/flag/root/pV1A_A48029F7150C720F7984E014F85CEDC1_102.root
50 :: file = /star/u/sprastar/data05/11GeV/flag/root/pV1A_A48029F7150C720F7984E014F85CEDC1_39.root
51 :: file = /star/u/sprastar/data05/11GeV/flag/root/pV1A_A48029F7150C720F7984E014F85CEDC1_48.root
52 :: file = /star/u/sprastar/data05/11GeV/flag/root/pV1A_A48029F7150C720F7984E014F85CEDC1_74.root
53 :: file = /star/u/sprastar/data05/11GeV/flag/root/pV1A_A48029F7150C720F7984E014F85CEDC1_71.root
54 :: file = /star/u/sprastar/data05/11GeV/flag/root/pV1A_A48029F7150C720F7984E014F85CEDC1_136.root
55 :: file = /star/u/sprastar/data05/11GeV/flag/root/pV1A_A48029F7150C720F7984E014F85CEDC1_137.root
56 :: file = /star/u/sprastar/data05/11GeV/flag/root/pV1A_A48029F7150C720F7984E014F85CEDC1_169.root
57 :: file = /star/u/sprastar/data05/11GeV/flag/root/pV1A_A48029F7150C720F7984E014F85CEDC1_150.root
58 :: file = /star/u/sprastar/data05/11GeV/flag/root/pV1A_A48029F7150C720F7984E014F85CEDC1_124.root
59 :: file = /star/u/sprastar/data05/11GeV/flag/root/pV1A_A48029F7150C720F7984E014F85CEDC1_8.root
60 :: file = /star/u/sprastar/data05/11GeV/flag/root/pV1A_A48029F7150C720F7984E014F85CEDC1_4.root
61 :: file = /star/u/sprastar/data05/11GeV/flag/root/pV1A_A48029F7150C720F7984E014F85CEDC1_38.root
62 :: file = /star/u/sprastar/data05/11GeV/flag/root/pV1A_A48029F7150C720F7984E014F85CEDC1_25.root
63 :: file = /star/u/sprastar/data05/11GeV/flag/root/pV1A_A48029F7150C720F7984E014F85CEDC1_28.root
64 :: file = /star/u/sprastar/data05/11GeV/flag/root/pV1A_A48029F7150C720F7984E014F85CEDC1_23.root
65 :: file = /star/u/sprastar/data05/11GeV/flag/root/pV1A_A48029F7150C720F7984E014F85CEDC1_7.root
66 :: file = /star/u/sprastar/data05/11GeV/flag/root/pV1A_A48029F7150C720F7984E014F85CEDC1_52.root
67 :: file = /star/u/sprastar/data05/11GeV/flag/root/pV1A_A48029F7150C720F7984E014F85CEDC1_54.root
68 :: file = /star/u/sprastar/data05/11GeV/flag/root/pV1A_A48029F7150C720F7984E014F85CEDC1_83.root
69 :: file = /star/u/sprastar/data05/11GeV/flag/root/pV1A_A48029F7150C720F7984E014F85CEDC1_29.root
70 :: file = /star/u/sprastar/data05/11GeV/flag/root/pV1A_A48029F7150C720F7984E014F85CEDC1_70.root
71 :: file = /star/u/sprastar/data05/11GeV/flag/root/pV1A_A48029F7150C720F7984E014F85CEDC1_20.root
72 :: file = /star/u/sprastar/data05/11GeV/flag/root/pV1A_A48029F7150C720F7984E014F85CEDC1_93.root
73 :: file = /star/u/sprastar/data05/11GeV/flag/root/pV1A_A48029F7150C720F7984E014F85CEDC1_121.root
74 :: file = /star/u/sprastar/data05/11GeV/flag/root/pV1A_A48029F7150C720F7984E014F85CEDC1_130.root
75 :: file = /star/u/sprastar/data05/11GeV/flag/root/pV1A_A48029F7150C720F7984E014F85CEDC1_105.root
76 :: file = /star/u/sprastar/data05/11GeV/flag/root/pV1A_A48029F7150C720F7984E014F85CEDC1_108.root
77 :: file = /star/u/sprastar/data05/11GeV/flag/root/pV1A_A48029F7150C720F7984E014F85CEDC1_122.root
78 :: file = /star/u/sprastar/data05/11GeV/flag/root/pV1A_A48029F7150C720F7984E014F85CEDC1_126.root
79 :: file = /star/u/sprastar/data05/11GeV/flag/root/pV1A_A48029F7150C720F7984E014F85CEDC1_155.root
80 :: file = /star/u/sprastar/data05/11GeV/flag/root/pV1A_A48029F7150C720F7984E014F85CEDC1_115.root
81 :: file = /star/u/sprastar/data05/11GeV/flag/root/pV1A_A48029F7150C720F7984E014F85CEDC1_168.root
82 :: file = /star/u/sprastar/data05/11GeV/flag/root/pV1A_A48029F7150C720F7984E014F85CEDC1_156.root
83 :: file = /star/u/sprastar/data05/11GeV/flag/root/pV1A_A48029F7150C720F7984E014F85CEDC1_165.root
84 :: file = /star/u/sprastar/data05/11GeV/flag/root/pV1A_A48029F7150C720F7984E014F85CEDC1_49.root
85 :: file = /star/u/sprastar/data05/11GeV/flag/root/pV1A_A48029F7150C720F7984E014F85CEDC1_33.root
86 :: file = /star/u/sprastar/data05/11GeV/flag/root/pV1A_A48029F7150C720F7984E014F85CEDC1_13.root
87 :: file = /star/u/sprastar/data05/11GeV/flag/root/pV1A_A48029F7150C720F7984E014F85CEDC1_43.root
88 :: file = /star/u/sprastar/data05/11GeV/flag/root/pV1A_A48029F7150C720F7984E014F85CEDC1_89.root
89 :: file = /star/u/sprastar/data05/11GeV/flag/root/pV1A_A48029F7150C720F7984E014F85CEDC1_50.root
90 :: file = /star/u/sprastar/data05/11GeV/flag/root/pV1A_A48029F7150C720F7984E014F85CEDC1_60.root
91 :: file = /star/u/sprastar/data05/11GeV/flag/root/pV1A_A48029F7150C720F7984E014F85CEDC1_84.root
92 :: file = /star/u/sprastar/data05/11GeV/flag/root/pV1A_A48029F7150C720F7984E014F85CEDC1_118.root
93 :: file = /star/u/sprastar/data05/11GeV/flag/root/pV1A_A48029F7150C720F7984E014F85CEDC1_92.root
94 :: file = /star/u/sprastar/data05/11GeV/flag/root/pV1A_A48029F7150C720F7984E014F85CEDC1_61.root
95 :: file = /star/u/sprastar/data05/11GeV/flag/root/pV1A_A48029F7150C720F7984E014F85CEDC1_142.root
96 :: file = /star/u/sprastar/data05/11GeV/flag/root/pV1A_A48029F7150C720F7984E014F85CEDC1_90.root
97 :: file = /star/u/sprastar/data05/11GeV/flag/root/pV1A_A48029F7150C720F7984E014F85CEDC1_16.root
98 :: file = /star/u/sprastar/data05/11GeV/flag/root/pV1A_A48029F7150C720F7984E014F85CEDC1_141.root
99 :: file = /star/u/sprastar/data05/11GeV/flag/root/pV1A_A48029F7150C720F7984E014F85CEDC1_131.root
100 :: file = /star/u/sprastar/data05/11GeV/flag/root/pV1A_A48029F7150C720F7984E014F85CEDC1_139.root
101 :: file = /star/u/sprastar/data05/11GeV/flag/root/pV1A_A48029F7150C720F7984E014F85CEDC1_132.root
102 :: file = /star/u/sprastar/data05/11GeV/flag/root/pV1A_A48029F7150C720F7984E014F85CEDC1_157.root
103 :: file = /star/u/sprastar/data05/11GeV/flag/root/pV1A_A48029F7150C720F7984E014F85CEDC1_149.root
104 :: file = /star/u/sprastar/data05/11GeV/flag/root/pV1A_A48029F7150C720F7984E014F85CEDC1_152.root
105 :: file = /star/u/sprastar/data05/11GeV/flag/root/pV1A_A48029F7150C720F7984E014F85CEDC1_119.root
106 :: file = /star/u/sprastar/data05/11GeV/flag/root/pV1A_A48029F7150C720F7984E014F85CEDC1_138.root
107 :: file = /star/u/sprastar/data05/11GeV/flag/root/pV1A_A48029F7150C720F7984E014F85CEDC1_171.root
108 :: file = /star/u/sprastar/data05/11GeV/flag/root/pV1A_A48029F7150C720F7984E014F85CEDC1_19.root
109 :: file = /star/u/sprastar/data05/11GeV/flag/root/pV1A_A48029F7150C720F7984E014F85CEDC1_18.root
110 :: file = /star/u/sprastar/data05/11GeV/flag/root/pV1A_A48029F7150C720F7984E014F85CEDC1_63.root
111 :: file = /star/u/sprastar/data05/11GeV/flag/root/pV1A_A48029F7150C720F7984E014F85CEDC1_53.root
112 :: file = /star/u/sprastar/data05/11GeV/flag/root/pV1A_A48029F7150C720F7984E014F85CEDC1_42.root
113 :: file = /star/u/sprastar/data05/11GeV/flag/root/pV1A_A48029F7150C720F7984E014F85CEDC1_46.root
114 :: file = /star/u/sprastar/data05/11GeV/flag/root/pV1A_A48029F7150C720F7984E014F85CEDC1_72.root
115 :: file = /star/u/sprastar/data05/11GeV/flag/root/pV1A_A48029F7150C720F7984E014F85CEDC1_68.root
116 :: file = /star/u/sprastar/data05/11GeV/flag/root/pV1A_A48029F7150C720F7984E014F85CEDC1_45.root
117 :: file = /star/u/sprastar/data05/11GeV/flag/root/pV1A_A48029F7150C720F7984E014F85CEDC1_75.root
118 :: file = /star/u/sprastar/data05/11GeV/flag/root/pV1A_A48029F7150C720F7984E014F85CEDC1_134.root
119 :: file = /star/u/sprastar/data05/11GeV/flag/root/pV1A_A48029F7150C720F7984E014F85CEDC1_153.root
120 :: file = /star/u/sprastar/data05/11GeV/flag/root/pV1A_A48029F7150C720F7984E014F85CEDC1_143.root
121 :: file = /star/u/sprastar/data05/11GeV/flag/root/pV1A_A48029F7150C720F7984E014F85CEDC1_166.root
122 :: file = /star/u/sprastar/data05/11GeV/flag/root/pV1A_A48029F7150C720F7984E014F85CEDC1_125.root
123 :: file = /star/u/sprastar/data05/11GeV/flag/root/pV1A_A48029F7150C720F7984E014F85CEDC1_147.root
124 :: file = /star/u/sprastar/data05/11GeV/flag/root/pV1A_A48029F7150C720F7984E014F85CEDC1_163.root
125 :: file = /star/u/sprastar/data05/11GeV/flag/root/pV1A_A48029F7150C720F7984E014F85CEDC1_162.root
126 :: file = /star/u/sprastar/data05/11GeV/flag/root/pV1A_A48029F7150C720F7984E014F85CEDC1_160.root
127 :: file = /star/u/sprastar/data05/11GeV/flag/root/pV1A_A48029F7150C720F7984E014F85CEDC1_9.root
128 :: file = /star/u/sprastar/data05/11GeV/flag/root/pV1A_A48029F7150C720F7984E014F85CEDC1_32.root
129 :: file = /star/u/sprastar/data05/11GeV/flag/root/pV1A_A48029F7150C720F7984E014F85CEDC1_2.root
130 :: file = /star/u/sprastar/data05/11GeV/flag/root/pV1A_A48029F7150C720F7984E014F85CEDC1_15.root
131 :: file = /star/u/sprastar/data05/11GeV/flag/root/pV1A_A48029F7150C720F7984E014F85CEDC1_87.root
132 :: file = /star/u/sprastar/data05/11GeV/flag/root/pV1A_A48029F7150C720F7984E014F85CEDC1_35.root
133 :: file = /star/u/sprastar/data05/11GeV/flag/root/pV1A_A48029F7150C720F7984E014F85CEDC1_101.root
134 :: file = /star/u/sprastar/data05/11GeV/flag/root/pV1A_A48029F7150C720F7984E014F85CEDC1_31.root
135 :: file = /star/u/sprastar/data05/11GeV/flag/root/pV1A_A48029F7150C720F7984E014F85CEDC1_69.root
136 :: file = /star/u/sprastar/data05/11GeV/flag/root/pV1A_A48029F7150C720F7984E014F85CEDC1_99.root
137 :: file = /star/u/sprastar/data05/11GeV/flag/root/pV1A_A48029F7150C720F7984E014F85CEDC1_37.root
138 :: file = /star/u/sprastar/data05/11GeV/flag/root/pV1A_A48029F7150C720F7984E014F85CEDC1_100.root
139 :: file = /star/u/sprastar/data05/11GeV/flag/root/pV1A_A48029F7150C720F7984E014F85CEDC1_91.root
140 :: file = /star/u/sprastar/data05/11GeV/flag/root/pV1A_A48029F7150C720F7984E014F85CEDC1_109.root
141 :: file = /star/u/sprastar/data05/11GeV/flag/root/pV1A_A48029F7150C720F7984E014F85CEDC1_151.root
142 :: file = /star/u/sprastar/data05/11GeV/flag/root/pV1A_A48029F7150C720F7984E014F85CEDC1_114.root
143 :: file = /star/u/sprastar/data05/11GeV/flag/root/pV1A_A48029F7150C720F7984E014F85CEDC1_148.root
144 :: file = /star/u/sprastar/data05/11GeV/flag/root/pV1A_A48029F7150C720F7984E014F85CEDC1_170.root
145 :: file = /star/u/sprastar/data05/11GeV/flag/root/pV1A_A48029F7150C720F7984E014F85CEDC1_76.root
146 :: file = /star/u/sprastar/data05/11GeV/flag/root/pV1A_A48029F7150C720F7984E014F85CEDC1_12.root
147 :: file = /star/u/sprastar/data05/11GeV/flag/root/pV1A_A48029F7150C720F7984E014F85CEDC1_14.root
148 :: file = /star/u/sprastar/data05/11GeV/flag/root/pV1A_A48029F7150C720F7984E014F85CEDC1_58.root
149 :: file = /star/u/sprastar/data05/11GeV/flag/root/pV1A_A48029F7150C720F7984E014F85CEDC1_11.root
150 :: file = /star/u/sprastar/data05/11GeV/flag/root/pV1A_A48029F7150C720F7984E014F85CEDC1_77.root
151 :: file = /star/u/sprastar/data05/11GeV/flag/root/pV1A_A48029F7150C720F7984E014F85CEDC1_57.root
152 :: file = /star/u/sprastar/data05/11GeV/flag/root/pV1A_A48029F7150C720F7984E014F85CEDC1_47.root
153 :: file = /star/u/sprastar/data05/11GeV/flag/root/pV1A_A48029F7150C720F7984E014F85CEDC1_51.root
154 :: file = /star/u/sprastar/data05/11GeV/flag/root/pV1A_A48029F7150C720F7984E014F85CEDC1_82.root
155 :: file = /star/u/sprastar/data05/11GeV/flag/root/pV1A_A48029F7150C720F7984E014F85CEDC1_65.root
156 :: file = /star/u/sprastar/data05/11GeV/flag/root/pV1A_A48029F7150C720F7984E014F85CEDC1_79.root
157 :: file = /star/u/sprastar/data05/11GeV/flag/root/pV1A_A48029F7150C720F7984E014F85CEDC1_94.root
158 :: file = /star/u/sprastar/data05/11GeV/flag/root/pV1A_A48029F7150C720F7984E014F85CEDC1_34.root
159 :: file = /star/u/sprastar/data05/11GeV/flag/root/pV1A_A48029F7150C720F7984E014F85CEDC1_133.root
160 :: file = /star/u/sprastar/data05/11GeV/flag/root/pV1A_A48029F7150C720F7984E014F85CEDC1_127.root
161 :: file = /star/u/sprastar/data05/11GeV/flag/root/pV1A_A48029F7150C720F7984E014F85CEDC1_129.root
162 :: file = /star/u/sprastar/data05/11GeV/flag/root/pV1A_A48029F7150C720F7984E014F85CEDC1_128.root
163 :: file = /star/u/sprastar/data05/11GeV/flag/root/pV1A_A48029F7150C720F7984E014F85CEDC1_144.root
164 :: file = /star/u/sprastar/data05/11GeV/flag/root/pV1A_A48029F7150C720F7984E014F85CEDC1_167.root
165 :: file = /star/u/sprastar/data05/11GeV/flag/root/pV1A_A48029F7150C720F7984E014F85CEDC1_146.root
166 :: file = /star/u/sprastar/data05/11GeV/flag/root/pV1A_A48029F7150C720F7984E014F85CEDC1_0.root
167 :: file = /star/u/sprastar/data05/11GeV/flag/root/pV1A_A48029F7150C720F7984E014F85CEDC1_10.root
168 :: file = /star/u/sprastar/data05/11GeV/flag/root/pV1A_A48029F7150C720F7984E014F85CEDC1_97.root
169 :: file = /star/u/sprastar/data05/11GeV/flag/root/pV1A_A48029F7150C720F7984E014F85CEDC1_24.root
170 :: file = /star/u/sprastar/data05/11GeV/flag/root/pV1A_A48029F7150C720F7984E014F85CEDC1_41.root
171 :: file = /star/u/sprastar/data05/11GeV/flag/root/pV1A_A48029F7150C720F7984E014F85CEDC1_55.root
69472228
0
1000000
2000000
3000000
4000000
5000000
6000000
7000000
8000000
9000000
10000000
11000000
12000000
13000000
14000000
15000000
16000000
17000000
18000000
19000000
20000000
21000000
22000000
23000000
24000000
25000000
26000000
27000000
28000000
29000000
30000000
31000000
32000000
33000000
34000000
35000000
36000000
37000000
38000000
39000000
40000000
41000000
42000000
43000000
44000000
45000000
46000000
47000000
48000000
49000000
50000000
51000000
52000000
53000000
54000000
55000000
56000000
57000000
58000000
59000000
60000000
61000000
62000000
63000000
64000000
65000000
66000000
67000000
68000000
69000000

This is the end of ROOT -- Goodbye

