  *******************************************
  *                                         *
  *        W E L C O M E  to  R O O T       *
  *                                         *
  *   Version   5.34/09      26 June 2013   *
  *                                         *
  *  You are welcome to visit our Web site  *
  *          http://root.cern.ch            *
  *                                         *
  *******************************************

ROOT 5.34/09 (v5-34-09@v5-34-09, Jun 26 2013, 17:10:36 on linux)

CINT/ROOT C/C++ Interpreter version 5.18.00, July 2, 2010
Type ? for help. Commands must be C++ statements.
Enclose multiple statements between { }.
*** Float Point Exception is OFF ***
 *** Start at Date : Mon Dec 14 15:11:14 2015
QAInfo:You are using STAR_LEVEL : pro, ROOT_LEVEL : 5.34.09 and node : rcas6006.rcf.bnl.gov 
0 :: file = /star/u/sprastar/data05/11GeV/flag/root/pV1A_FE67CC2316FFB488811BEAB7A111F90D_42.root
1 :: file = /star/u/sprastar/data05/11GeV/flag/root/pV1A_FE67CC2316FFB488811BEAB7A111F90D_47.root
2 :: file = /star/u/sprastar/data05/11GeV/flag/root/pV1A_FE67CC2316FFB488811BEAB7A111F90D_166.root
3 :: file = /star/u/sprastar/data05/11GeV/flag/root/pV1A_FE67CC2316FFB488811BEAB7A111F90D_26.root
4 :: file = /star/u/sprastar/data05/11GeV/flag/root/pV1A_FE67CC2316FFB488811BEAB7A111F90D_12.root
5 :: file = /star/u/sprastar/data05/11GeV/flag/root/pV1A_FE67CC2316FFB488811BEAB7A111F90D_182.root
6 :: file = /star/u/sprastar/data05/11GeV/flag/root/pV1A_FE67CC2316FFB488811BEAB7A111F90D_95.root
7 :: file = /star/u/sprastar/data05/11GeV/flag/root/pV1A_FE67CC2316FFB488811BEAB7A111F90D_58.root
8 :: file = /star/u/sprastar/data05/11GeV/flag/root/pV1A_FE67CC2316FFB488811BEAB7A111F90D_48.root
9 :: file = /star/u/sprastar/data05/11GeV/flag/root/pV1A_FE67CC2316FFB488811BEAB7A111F90D_175.root
10 :: file = /star/u/sprastar/data05/11GeV/flag/root/pV1A_FE67CC2316FFB488811BEAB7A111F90D_63.root
11 :: file = /star/u/sprastar/data05/11GeV/flag/root/pV1A_FE67CC2316FFB488811BEAB7A111F90D_179.root
12 :: file = /star/u/sprastar/data05/11GeV/flag/root/pV1A_FE67CC2316FFB488811BEAB7A111F90D_178.root
13 :: file = /star/u/sprastar/data05/11GeV/flag/root/pV1A_FE67CC2316FFB488811BEAB7A111F90D_146.root
14 :: file = /star/u/sprastar/data05/11GeV/flag/root/pV1A_FE67CC2316FFB488811BEAB7A111F90D_97.root
15 :: file = /star/u/sprastar/data05/11GeV/flag/root/pV1A_FE67CC2316FFB488811BEAB7A111F90D_136.root
16 :: file = /star/u/sprastar/data05/11GeV/flag/root/pV1A_FE67CC2316FFB488811BEAB7A111F90D_114.root
17 :: file = /star/u/sprastar/data05/11GeV/flag/root/pV1A_FE67CC2316FFB488811BEAB7A111F90D_192.root
18 :: file = /star/u/sprastar/data05/11GeV/flag/root/pV1A_FE67CC2316FFB488811BEAB7A111F90D_184.root
19 :: file = /star/u/sprastar/data05/11GeV/flag/root/pV1A_FE67CC2316FFB488811BEAB7A111F90D_40.root
20 :: file = /star/u/sprastar/data05/11GeV/flag/root/pV1A_FE67CC2316FFB488811BEAB7A111F90D_150.root
21 :: file = /star/u/sprastar/data05/11GeV/flag/root/pV1A_FE67CC2316FFB488811BEAB7A111F90D_124.root
22 :: file = /star/u/sprastar/data05/11GeV/flag/root/pV1A_FE67CC2316FFB488811BEAB7A111F90D_187.root
23 :: file = /star/u/sprastar/data05/11GeV/flag/root/pV1A_FE67CC2316FFB488811BEAB7A111F90D_128.root
24 :: file = /star/u/sprastar/data05/11GeV/flag/root/pV1A_FE67CC2316FFB488811BEAB7A111F90D_196.root
25 :: file = /star/u/sprastar/data05/11GeV/flag/root/pV1A_FE67CC2316FFB488811BEAB7A111F90D_254.root
26 :: file = /star/u/sprastar/data05/11GeV/flag/root/pV1A_FE67CC2316FFB488811BEAB7A111F90D_247.root
27 :: file = /star/u/sprastar/data05/11GeV/flag/root/pV1A_FE67CC2316FFB488811BEAB7A111F90D_227.root
28 :: file = /star/u/sprastar/data05/11GeV/flag/root/pV1A_FE67CC2316FFB488811BEAB7A111F90D_249.root
29 :: file = /star/u/sprastar/data05/11GeV/flag/root/pV1A_FE67CC2316FFB488811BEAB7A111F90D_261.root
30 :: file = /star/u/sprastar/data05/11GeV/flag/root/pV1A_FE67CC2316FFB488811BEAB7A111F90D_301.root
31 :: file = /star/u/sprastar/data05/11GeV/flag/root/pV1A_FE67CC2316FFB488811BEAB7A111F90D_275.root
32 :: file = /star/u/sprastar/data05/11GeV/flag/root/pV1A_FE67CC2316FFB488811BEAB7A111F90D_276.root
33 :: file = /star/u/sprastar/data05/11GeV/flag/root/pV1A_FE67CC2316FFB488811BEAB7A111F90D_294.root
34 :: file = /star/u/sprastar/data05/11GeV/flag/root/pV1A_FE67CC2316FFB488811BEAB7A111F90D_308.root
35 :: file = /star/u/sprastar/data05/11GeV/flag/root/pV1A_FE67CC2316FFB488811BEAB7A111F90D_358.root
36 :: file = /star/u/sprastar/data05/11GeV/flag/root/pV1A_FE67CC2316FFB488811BEAB7A111F90D_311.root
37 :: file = /star/u/sprastar/data05/11GeV/flag/root/pV1A_FE67CC2316FFB488811BEAB7A111F90D_333.root
38 :: file = /star/u/sprastar/data05/11GeV/flag/root/pV1A_FE67CC2316FFB488811BEAB7A111F90D_329.root
39 :: file = /star/u/sprastar/data05/11GeV/flag/root/pV1A_FE67CC2316FFB488811BEAB7A111F90D_344.root
40 :: file = /star/u/sprastar/data05/11GeV/flag/root/pV1A_FE67CC2316FFB488811BEAB7A111F90D_345.root
41 :: file = /star/u/sprastar/data05/11GeV/flag/root/pV1A_FE67CC2316FFB488811BEAB7A111F90D_357.root
42 :: file = /star/u/sprastar/data05/11GeV/flag/root/pV1A_FE67CC2316FFB488811BEAB7A111F90D_5.root
43 :: file = /star/u/sprastar/data05/11GeV/flag/root/pV1A_FE67CC2316FFB488811BEAB7A111F90D_168.root
44 :: file = /star/u/sprastar/data05/11GeV/flag/root/pV1A_FE67CC2316FFB488811BEAB7A111F90D_199.root
45 :: file = /star/u/sprastar/data05/11GeV/flag/root/pV1A_FE67CC2316FFB488811BEAB7A111F90D_30.root
46 :: file = /star/u/sprastar/data05/11GeV/flag/root/pV1A_FE67CC2316FFB488811BEAB7A111F90D_54.root
47 :: file = /star/u/sprastar/data05/11GeV/flag/root/pV1A_FE67CC2316FFB488811BEAB7A111F90D_70.root
48 :: file = /star/u/sprastar/data05/11GeV/flag/root/pV1A_FE67CC2316FFB488811BEAB7A111F90D_103.root
49 :: file = /star/u/sprastar/data05/11GeV/flag/root/pV1A_FE67CC2316FFB488811BEAB7A111F90D_173.root
50 :: file = /star/u/sprastar/data05/11GeV/flag/root/pV1A_FE67CC2316FFB488811BEAB7A111F90D_22.root
51 :: file = /star/u/sprastar/data05/11GeV/flag/root/pV1A_FE67CC2316FFB488811BEAB7A111F90D_38.root
52 :: file = /star/u/sprastar/data05/11GeV/flag/root/pV1A_FE67CC2316FFB488811BEAB7A111F90D_2.root
53 :: file = /star/u/sprastar/data05/11GeV/flag/root/pV1A_FE67CC2316FFB488811BEAB7A111F90D_171.root
54 :: file = /star/u/sprastar/data05/11GeV/flag/root/pV1A_FE67CC2316FFB488811BEAB7A111F90D_115.root
55 :: file = /star/u/sprastar/data05/11GeV/flag/root/pV1A_FE67CC2316FFB488811BEAB7A111F90D_219.root
56 :: file = /star/u/sprastar/data05/11GeV/flag/root/pV1A_FE67CC2316FFB488811BEAB7A111F90D_160.root
57 :: file = /star/u/sprastar/data05/11GeV/flag/root/pV1A_FE67CC2316FFB488811BEAB7A111F90D_108.root
58 :: file = /star/u/sprastar/data05/11GeV/flag/root/pV1A_FE67CC2316FFB488811BEAB7A111F90D_222.root
59 :: file = /star/u/sprastar/data05/11GeV/flag/root/pV1A_FE67CC2316FFB488811BEAB7A111F90D_137.root
60 :: file = /star/u/sprastar/data05/11GeV/flag/root/pV1A_FE67CC2316FFB488811BEAB7A111F90D_159.root
61 :: file = /star/u/sprastar/data05/11GeV/flag/root/pV1A_FE67CC2316FFB488811BEAB7A111F90D_139.root
62 :: file = /star/u/sprastar/data05/11GeV/flag/root/pV1A_FE67CC2316FFB488811BEAB7A111F90D_98.root
63 :: file = /star/u/sprastar/data05/11GeV/flag/root/pV1A_FE67CC2316FFB488811BEAB7A111F90D_152.root
64 :: file = /star/u/sprastar/data05/11GeV/flag/root/pV1A_FE67CC2316FFB488811BEAB7A111F90D_212.root
65 :: file = /star/u/sprastar/data05/11GeV/flag/root/pV1A_FE67CC2316FFB488811BEAB7A111F90D_85.root
66 :: file = /star/u/sprastar/data05/11GeV/flag/root/pV1A_FE67CC2316FFB488811BEAB7A111F90D_142.root
67 :: file = /star/u/sprastar/data05/11GeV/flag/root/pV1A_FE67CC2316FFB488811BEAB7A111F90D_183.root
68 :: file = /star/u/sprastar/data05/11GeV/flag/root/pV1A_FE67CC2316FFB488811BEAB7A111F90D_207.root
69 :: file = /star/u/sprastar/data05/11GeV/flag/root/pV1A_FE67CC2316FFB488811BEAB7A111F90D_120.root
70 :: file = /star/u/sprastar/data05/11GeV/flag/root/pV1A_FE67CC2316FFB488811BEAB7A111F90D_220.root
71 :: file = /star/u/sprastar/data05/11GeV/flag/root/pV1A_FE67CC2316FFB488811BEAB7A111F90D_186.root
72 :: file = /star/u/sprastar/data05/11GeV/flag/root/pV1A_FE67CC2316FFB488811BEAB7A111F90D_233.root
73 :: file = /star/u/sprastar/data05/11GeV/flag/root/pV1A_FE67CC2316FFB488811BEAB7A111F90D_252.root
74 :: file = /star/u/sprastar/data05/11GeV/flag/root/pV1A_FE67CC2316FFB488811BEAB7A111F90D_241.root
75 :: file = /star/u/sprastar/data05/11GeV/flag/root/pV1A_FE67CC2316FFB488811BEAB7A111F90D_270.root
76 :: file = /star/u/sprastar/data05/11GeV/flag/root/pV1A_FE67CC2316FFB488811BEAB7A111F90D_273.root
77 :: file = /star/u/sprastar/data05/11GeV/flag/root/pV1A_FE67CC2316FFB488811BEAB7A111F90D_251.root
78 :: file = /star/u/sprastar/data05/11GeV/flag/root/pV1A_FE67CC2316FFB488811BEAB7A111F90D_257.root
79 :: file = /star/u/sprastar/data05/11GeV/flag/root/pV1A_FE67CC2316FFB488811BEAB7A111F90D_280.root
80 :: file = /star/u/sprastar/data05/11GeV/flag/root/pV1A_FE67CC2316FFB488811BEAB7A111F90D_272.root
81 :: file = /star/u/sprastar/data05/11GeV/flag/root/pV1A_FE67CC2316FFB488811BEAB7A111F90D_274.root
82 :: file = /star/u/sprastar/data05/11GeV/flag/root/pV1A_FE67CC2316FFB488811BEAB7A111F90D_278.root
83 :: file = /star/u/sprastar/data05/11GeV/flag/root/pV1A_FE67CC2316FFB488811BEAB7A111F90D_338.root
84 :: file = /star/u/sprastar/data05/11GeV/flag/root/pV1A_FE67CC2316FFB488811BEAB7A111F90D_284.root
85 :: file = /star/u/sprastar/data05/11GeV/flag/root/pV1A_FE67CC2316FFB488811BEAB7A111F90D_266.root
86 :: file = /star/u/sprastar/data05/11GeV/flag/root/pV1A_FE67CC2316FFB488811BEAB7A111F90D_331.root
87 :: file = /star/u/sprastar/data05/11GeV/flag/root/pV1A_FE67CC2316FFB488811BEAB7A111F90D_339.root
88 :: file = /star/u/sprastar/data05/11GeV/flag/root/pV1A_FE67CC2316FFB488811BEAB7A111F90D_328.root
89 :: file = /star/u/sprastar/data05/11GeV/flag/root/pV1A_FE67CC2316FFB488811BEAB7A111F90D_342.root
90 :: file = /star/u/sprastar/data05/11GeV/flag/root/pV1A_FE67CC2316FFB488811BEAB7A111F90D_337.root
91 :: file = /star/u/sprastar/data05/11GeV/flag/root/pV1A_FE67CC2316FFB488811BEAB7A111F90D_348.root
92 :: file = /star/u/sprastar/data05/11GeV/flag/root/pV1A_FE67CC2316FFB488811BEAB7A111F90D_361.root
93 :: file = /star/u/sprastar/data05/11GeV/flag/root/pV1A_FE67CC2316FFB488811BEAB7A111F90D_68.root
94 :: file = /star/u/sprastar/data05/11GeV/flag/root/pV1A_FE67CC2316FFB488811BEAB7A111F90D_94.root
95 :: file = /star/u/sprastar/data05/11GeV/flag/root/pV1A_FE67CC2316FFB488811BEAB7A111F90D_16.root
96 :: file = /star/u/sprastar/data05/11GeV/flag/root/pV1A_FE67CC2316FFB488811BEAB7A111F90D_45.root
97 :: file = /star/u/sprastar/data05/11GeV/flag/root/pV1A_FE67CC2316FFB488811BEAB7A111F90D_43.root
98 :: file = /star/u/sprastar/data05/11GeV/flag/root/pV1A_FE67CC2316FFB488811BEAB7A111F90D_74.root
99 :: file = /star/u/sprastar/data05/11GeV/flag/root/pV1A_FE67CC2316FFB488811BEAB7A111F90D_73.root
100 :: file = /star/u/sprastar/data05/11GeV/flag/root/pV1A_FE67CC2316FFB488811BEAB7A111F90D_60.root
101 :: file = /star/u/sprastar/data05/11GeV/flag/root/pV1A_FE67CC2316FFB488811BEAB7A111F90D_176.root
102 :: file = /star/u/sprastar/data05/11GeV/flag/root/pV1A_FE67CC2316FFB488811BEAB7A111F90D_107.root
103 :: file = /star/u/sprastar/data05/11GeV/flag/root/pV1A_FE67CC2316FFB488811BEAB7A111F90D_65.root
104 :: file = /star/u/sprastar/data05/11GeV/flag/root/pV1A_FE67CC2316FFB488811BEAB7A111F90D_165.root
105 :: file = /star/u/sprastar/data05/11GeV/flag/root/pV1A_FE67CC2316FFB488811BEAB7A111F90D_18.root
106 :: file = /star/u/sprastar/data05/11GeV/flag/root/pV1A_FE67CC2316FFB488811BEAB7A111F90D_75.root
107 :: file = /star/u/sprastar/data05/11GeV/flag/root/pV1A_FE67CC2316FFB488811BEAB7A111F90D_123.root
108 :: file = /star/u/sprastar/data05/11GeV/flag/root/pV1A_FE67CC2316FFB488811BEAB7A111F90D_76.root
109 :: file = /star/u/sprastar/data05/11GeV/flag/root/pV1A_FE67CC2316FFB488811BEAB7A111F90D_191.root
110 :: file = /star/u/sprastar/data05/11GeV/flag/root/pV1A_FE67CC2316FFB488811BEAB7A111F90D_172.root
111 :: file = /star/u/sprastar/data05/11GeV/flag/root/pV1A_FE67CC2316FFB488811BEAB7A111F90D_157.root
112 :: file = /star/u/sprastar/data05/11GeV/flag/root/pV1A_FE67CC2316FFB488811BEAB7A111F90D_91.root
113 :: file = /star/u/sprastar/data05/11GeV/flag/root/pV1A_FE67CC2316FFB488811BEAB7A111F90D_156.root
114 :: file = /star/u/sprastar/data05/11GeV/flag/root/pV1A_FE67CC2316FFB488811BEAB7A111F90D_141.root
115 :: file = /star/u/sprastar/data05/11GeV/flag/root/pV1A_FE67CC2316FFB488811BEAB7A111F90D_223.root
116 :: file = /star/u/sprastar/data05/11GeV/flag/root/pV1A_FE67CC2316FFB488811BEAB7A111F90D_211.root
117 :: file = /star/u/sprastar/data05/11GeV/flag/root/pV1A_FE67CC2316FFB488811BEAB7A111F90D_180.root
118 :: file = /star/u/sprastar/data05/11GeV/flag/root/pV1A_FE67CC2316FFB488811BEAB7A111F90D_39.root
119 :: file = /star/u/sprastar/data05/11GeV/flag/root/pV1A_FE67CC2316FFB488811BEAB7A111F90D_154.root
120 :: file = /star/u/sprastar/data05/11GeV/flag/root/pV1A_FE67CC2316FFB488811BEAB7A111F90D_218.root
121 :: file = /star/u/sprastar/data05/11GeV/flag/root/pV1A_FE67CC2316FFB488811BEAB7A111F90D_153.root
122 :: file = /star/u/sprastar/data05/11GeV/flag/root/pV1A_FE67CC2316FFB488811BEAB7A111F90D_105.root
123 :: file = /star/u/sprastar/data05/11GeV/flag/root/pV1A_FE67CC2316FFB488811BEAB7A111F90D_189.root
124 :: file = /star/u/sprastar/data05/11GeV/flag/root/pV1A_FE67CC2316FFB488811BEAB7A111F90D_162.root
125 :: file = /star/u/sprastar/data05/11GeV/flag/root/pV1A_FE67CC2316FFB488811BEAB7A111F90D_161.root
126 :: file = /star/u/sprastar/data05/11GeV/flag/root/pV1A_FE67CC2316FFB488811BEAB7A111F90D_232.root
127 :: file = /star/u/sprastar/data05/11GeV/flag/root/pV1A_FE67CC2316FFB488811BEAB7A111F90D_231.root
128 :: file = /star/u/sprastar/data05/11GeV/flag/root/pV1A_FE67CC2316FFB488811BEAB7A111F90D_264.root
129 :: file = /star/u/sprastar/data05/11GeV/flag/root/pV1A_FE67CC2316FFB488811BEAB7A111F90D_230.root
130 :: file = /star/u/sprastar/data05/11GeV/flag/root/pV1A_FE67CC2316FFB488811BEAB7A111F90D_263.root
131 :: file = /star/u/sprastar/data05/11GeV/flag/root/pV1A_FE67CC2316FFB488811BEAB7A111F90D_302.root
132 :: file = /star/u/sprastar/data05/11GeV/flag/root/pV1A_FE67CC2316FFB488811BEAB7A111F90D_237.root
133 :: file = /star/u/sprastar/data05/11GeV/flag/root/pV1A_FE67CC2316FFB488811BEAB7A111F90D_287.root
134 :: file = /star/u/sprastar/data05/11GeV/flag/root/pV1A_FE67CC2316FFB488811BEAB7A111F90D_265.root
135 :: file = /star/u/sprastar/data05/11GeV/flag/root/pV1A_FE67CC2316FFB488811BEAB7A111F90D_310.root
136 :: file = /star/u/sprastar/data05/11GeV/flag/root/pV1A_FE67CC2316FFB488811BEAB7A111F90D_267.root
137 :: file = /star/u/sprastar/data05/11GeV/flag/root/pV1A_FE67CC2316FFB488811BEAB7A111F90D_330.root
138 :: file = /star/u/sprastar/data05/11GeV/flag/root/pV1A_FE67CC2316FFB488811BEAB7A111F90D_319.root
139 :: file = /star/u/sprastar/data05/11GeV/flag/root/pV1A_FE67CC2316FFB488811BEAB7A111F90D_304.root
140 :: file = /star/u/sprastar/data05/11GeV/flag/root/pV1A_FE67CC2316FFB488811BEAB7A111F90D_335.root
141 :: file = /star/u/sprastar/data05/11GeV/flag/root/pV1A_FE67CC2316FFB488811BEAB7A111F90D_334.root
142 :: file = /star/u/sprastar/data05/11GeV/flag/root/pV1A_FE67CC2316FFB488811BEAB7A111F90D_356.root
143 :: file = /star/u/sprastar/data05/11GeV/flag/root/pV1A_FE67CC2316FFB488811BEAB7A111F90D_354.root
144 :: file = /star/u/sprastar/data05/11GeV/flag/root/pV1A_FE67CC2316FFB488811BEAB7A111F90D_359.root
145 :: file = /star/u/sprastar/data05/11GeV/flag/root/pV1A_FE67CC2316FFB488811BEAB7A111F90D_367.root
146 :: file = /star/u/sprastar/data05/11GeV/flag/root/pV1A_FE67CC2316FFB488811BEAB7A111F90D_21.root
147 :: file = /star/u/sprastar/data05/11GeV/flag/root/pV1A_FE67CC2316FFB488811BEAB7A111F90D_111.root
148 :: file = /star/u/sprastar/data05/11GeV/flag/root/pV1A_FE67CC2316FFB488811BEAB7A111F90D_10.root
149 :: file = /star/u/sprastar/data05/11GeV/flag/root/pV1A_FE67CC2316FFB488811BEAB7A111F90D_174.root
150 :: file = /star/u/sprastar/data05/11GeV/flag/root/pV1A_FE67CC2316FFB488811BEAB7A111F90D_15.root
151 :: file = /star/u/sprastar/data05/11GeV/flag/root/pV1A_FE67CC2316FFB488811BEAB7A111F90D_131.root
152 :: file = /star/u/sprastar/data05/11GeV/flag/root/pV1A_FE67CC2316FFB488811BEAB7A111F90D_164.root
153 :: file = /star/u/sprastar/data05/11GeV/flag/root/pV1A_FE67CC2316FFB488811BEAB7A111F90D_138.root
154 :: file = /star/u/sprastar/data05/11GeV/flag/root/pV1A_FE67CC2316FFB488811BEAB7A111F90D_158.root
155 :: file = /star/u/sprastar/data05/11GeV/flag/root/pV1A_FE67CC2316FFB488811BEAB7A111F90D_0.root
156 :: file = /star/u/sprastar/data05/11GeV/flag/root/pV1A_FE67CC2316FFB488811BEAB7A111F90D_102.root
157 :: file = /star/u/sprastar/data05/11GeV/flag/root/pV1A_FE67CC2316FFB488811BEAB7A111F90D_121.root
158 :: file = /star/u/sprastar/data05/11GeV/flag/root/pV1A_FE67CC2316FFB488811BEAB7A111F90D_20.root
159 :: file = /star/u/sprastar/data05/11GeV/flag/root/pV1A_FE67CC2316FFB488811BEAB7A111F90D_149.root
160 :: file = /star/u/sprastar/data05/11GeV/flag/root/pV1A_FE67CC2316FFB488811BEAB7A111F90D_190.root
161 :: file = /star/u/sprastar/data05/11GeV/flag/root/pV1A_FE67CC2316FFB488811BEAB7A111F90D_33.root
162 :: file = /star/u/sprastar/data05/11GeV/flag/root/pV1A_FE67CC2316FFB488811BEAB7A111F90D_109.root
163 :: file = /star/u/sprastar/data05/11GeV/flag/root/pV1A_FE67CC2316FFB488811BEAB7A111F90D_11.root
164 :: file = /star/u/sprastar/data05/11GeV/flag/root/pV1A_FE67CC2316FFB488811BEAB7A111F90D_202.root
165 :: file = /star/u/sprastar/data05/11GeV/flag/root/pV1A_FE67CC2316FFB488811BEAB7A111F90D_117.root
166 :: file = /star/u/sprastar/data05/11GeV/flag/root/pV1A_FE67CC2316FFB488811BEAB7A111F90D_24.root
167 :: file = /star/u/sprastar/data05/11GeV/flag/root/pV1A_FE67CC2316FFB488811BEAB7A111F90D_81.root
168 :: file = /star/u/sprastar/data05/11GeV/flag/root/pV1A_FE67CC2316FFB488811BEAB7A111F90D_96.root
169 :: file = /star/u/sprastar/data05/11GeV/flag/root/pV1A_FE67CC2316FFB488811BEAB7A111F90D_132.root
170 :: file = /star/u/sprastar/data05/11GeV/flag/root/pV1A_FE67CC2316FFB488811BEAB7A111F90D_204.root
171 :: file = /star/u/sprastar/data05/11GeV/flag/root/pV1A_FE67CC2316FFB488811BEAB7A111F90D_52.root
172 :: file = /star/u/sprastar/data05/11GeV/flag/root/pV1A_FE67CC2316FFB488811BEAB7A111F90D_27.root
173 :: file = /star/u/sprastar/data05/11GeV/flag/root/pV1A_FE67CC2316FFB488811BEAB7A111F90D_216.root
174 :: file = /star/u/sprastar/data05/11GeV/flag/root/pV1A_FE67CC2316FFB488811BEAB7A111F90D_90.root
175 :: file = /star/u/sprastar/data05/11GeV/flag/root/pV1A_FE67CC2316FFB488811BEAB7A111F90D_71.root
176 :: file = /star/u/sprastar/data05/11GeV/flag/root/pV1A_FE67CC2316FFB488811BEAB7A111F90D_214.root
177 :: file = /star/u/sprastar/data05/11GeV/flag/root/pV1A_FE67CC2316FFB488811BEAB7A111F90D_213.root
178 :: file = /star/u/sprastar/data05/11GeV/flag/root/pV1A_FE67CC2316FFB488811BEAB7A111F90D_195.root
179 :: file = /star/u/sprastar/data05/11GeV/flag/root/pV1A_FE67CC2316FFB488811BEAB7A111F90D_217.root
180 :: file = /star/u/sprastar/data05/11GeV/flag/root/pV1A_FE67CC2316FFB488811BEAB7A111F90D_253.root
181 :: file = /star/u/sprastar/data05/11GeV/flag/root/pV1A_FE67CC2316FFB488811BEAB7A111F90D_283.root
182 :: file = /star/u/sprastar/data05/11GeV/flag/root/pV1A_FE67CC2316FFB488811BEAB7A111F90D_288.root
183 :: file = /star/u/sprastar/data05/11GeV/flag/root/pV1A_FE67CC2316FFB488811BEAB7A111F90D_238.root
184 :: file = /star/u/sprastar/data05/11GeV/flag/root/pV1A_FE67CC2316FFB488811BEAB7A111F90D_262.root
185 :: file = /star/u/sprastar/data05/11GeV/flag/root/pV1A_FE67CC2316FFB488811BEAB7A111F90D_243.root
186 :: file = /star/u/sprastar/data05/11GeV/flag/root/pV1A_FE67CC2316FFB488811BEAB7A111F90D_298.root
187 :: file = /star/u/sprastar/data05/11GeV/flag/root/pV1A_FE67CC2316FFB488811BEAB7A111F90D_289.root
188 :: file = /star/u/sprastar/data05/11GeV/flag/root/pV1A_FE67CC2316FFB488811BEAB7A111F90D_291.root
189 :: file = /star/u/sprastar/data05/11GeV/flag/root/pV1A_FE67CC2316FFB488811BEAB7A111F90D_285.root
190 :: file = /star/u/sprastar/data05/11GeV/flag/root/pV1A_FE67CC2316FFB488811BEAB7A111F90D_306.root
191 :: file = /star/u/sprastar/data05/11GeV/flag/root/pV1A_FE67CC2316FFB488811BEAB7A111F90D_336.root
192 :: file = /star/u/sprastar/data05/11GeV/flag/root/pV1A_FE67CC2316FFB488811BEAB7A111F90D_366.root
193 :: file = /star/u/sprastar/data05/11GeV/flag/root/pV1A_FE67CC2316FFB488811BEAB7A111F90D_369.root
194 :: file = /star/u/sprastar/data05/11GeV/flag/root/pV1A_FE67CC2316FFB488811BEAB7A111F90D_349.root
195 :: file = /star/u/sprastar/data05/11GeV/flag/root/pV1A_FE67CC2316FFB488811BEAB7A111F90D_365.root
196 :: file = /star/u/sprastar/data05/11GeV/flag/root/pV1A_FE67CC2316FFB488811BEAB7A111F90D_106.root
197 :: file = /star/u/sprastar/data05/11GeV/flag/root/pV1A_FE67CC2316FFB488811BEAB7A111F90D_17.root
198 :: file = /star/u/sprastar/data05/11GeV/flag/root/pV1A_FE67CC2316FFB488811BEAB7A111F90D_66.root
199 :: file = /star/u/sprastar/data05/11GeV/flag/root/pV1A_FE67CC2316FFB488811BEAB7A111F90D_144.root
200 :: file = /star/u/sprastar/data05/11GeV/flag/root/pV1A_FE67CC2316FFB488811BEAB7A111F90D_93.root
201 :: file = /star/u/sprastar/data05/11GeV/flag/root/pV1A_FE67CC2316FFB488811BEAB7A111F90D_80.root
202 :: file = /star/u/sprastar/data05/11GeV/flag/root/pV1A_FE67CC2316FFB488811BEAB7A111F90D_113.root
203 :: file = /star/u/sprastar/data05/11GeV/flag/root/pV1A_FE67CC2316FFB488811BEAB7A111F90D_34.root
204 :: file = /star/u/sprastar/data05/11GeV/flag/root/pV1A_FE67CC2316FFB488811BEAB7A111F90D_4.root
205 :: file = /star/u/sprastar/data05/11GeV/flag/root/pV1A_FE67CC2316FFB488811BEAB7A111F90D_7.root
206 :: file = /star/u/sprastar/data05/11GeV/flag/root/pV1A_FE67CC2316FFB488811BEAB7A111F90D_59.root
207 :: file = /star/u/sprastar/data05/11GeV/flag/root/pV1A_FE67CC2316FFB488811BEAB7A111F90D_8.root
208 :: file = /star/u/sprastar/data05/11GeV/flag/root/pV1A_FE67CC2316FFB488811BEAB7A111F90D_200.root
209 :: file = /star/u/sprastar/data05/11GeV/flag/root/pV1A_FE67CC2316FFB488811BEAB7A111F90D_46.root
210 :: file = /star/u/sprastar/data05/11GeV/flag/root/pV1A_FE67CC2316FFB488811BEAB7A111F90D_41.root
211 :: file = /star/u/sprastar/data05/11GeV/flag/root/pV1A_FE67CC2316FFB488811BEAB7A111F90D_19.root
212 :: file = /star/u/sprastar/data05/11GeV/flag/root/pV1A_FE67CC2316FFB488811BEAB7A111F90D_126.root
213 :: file = /star/u/sprastar/data05/11GeV/flag/root/pV1A_FE67CC2316FFB488811BEAB7A111F90D_167.root
214 :: file = /star/u/sprastar/data05/11GeV/flag/root/pV1A_FE67CC2316FFB488811BEAB7A111F90D_116.root
215 :: file = /star/u/sprastar/data05/11GeV/flag/root/pV1A_FE67CC2316FFB488811BEAB7A111F90D_145.root
216 :: file = /star/u/sprastar/data05/11GeV/flag/root/pV1A_FE67CC2316FFB488811BEAB7A111F90D_135.root
217 :: file = /star/u/sprastar/data05/11GeV/flag/root/pV1A_FE67CC2316FFB488811BEAB7A111F90D_55.root
218 :: file = /star/u/sprastar/data05/11GeV/flag/root/pV1A_FE67CC2316FFB488811BEAB7A111F90D_209.root
219 :: file = /star/u/sprastar/data05/11GeV/flag/root/pV1A_FE67CC2316FFB488811BEAB7A111F90D_198.root
220 :: file = /star/u/sprastar/data05/11GeV/flag/root/pV1A_FE67CC2316FFB488811BEAB7A111F90D_130.root
221 :: file = /star/u/sprastar/data05/11GeV/flag/root/pV1A_FE67CC2316FFB488811BEAB7A111F90D_205.root
222 :: file = /star/u/sprastar/data05/11GeV/flag/root/pV1A_FE67CC2316FFB488811BEAB7A111F90D_225.root
223 :: file = /star/u/sprastar/data05/11GeV/flag/root/pV1A_FE67CC2316FFB488811BEAB7A111F90D_226.root
224 :: file = /star/u/sprastar/data05/11GeV/flag/root/pV1A_FE67CC2316FFB488811BEAB7A111F90D_104.root
225 :: file = /star/u/sprastar/data05/11GeV/flag/root/pV1A_FE67CC2316FFB488811BEAB7A111F90D_134.root
226 :: file = /star/u/sprastar/data05/11GeV/flag/root/pV1A_FE67CC2316FFB488811BEAB7A111F90D_259.root
227 :: file = /star/u/sprastar/data05/11GeV/flag/root/pV1A_FE67CC2316FFB488811BEAB7A111F90D_277.root
228 :: file = /star/u/sprastar/data05/11GeV/flag/root/pV1A_FE67CC2316FFB488811BEAB7A111F90D_246.root
229 :: file = /star/u/sprastar/data05/11GeV/flag/root/pV1A_FE67CC2316FFB488811BEAB7A111F90D_250.root
230 :: file = /star/u/sprastar/data05/11GeV/flag/root/pV1A_FE67CC2316FFB488811BEAB7A111F90D_258.root
231 :: file = /star/u/sprastar/data05/11GeV/flag/root/pV1A_FE67CC2316FFB488811BEAB7A111F90D_322.root
232 :: file = /star/u/sprastar/data05/11GeV/flag/root/pV1A_FE67CC2316FFB488811BEAB7A111F90D_309.root
233 :: file = /star/u/sprastar/data05/11GeV/flag/root/pV1A_FE67CC2316FFB488811BEAB7A111F90D_316.root
234 :: file = /star/u/sprastar/data05/11GeV/flag/root/pV1A_FE67CC2316FFB488811BEAB7A111F90D_315.root
235 :: file = /star/u/sprastar/data05/11GeV/flag/root/pV1A_FE67CC2316FFB488811BEAB7A111F90D_346.root
236 :: file = /star/u/sprastar/data05/11GeV/flag/root/pV1A_FE67CC2316FFB488811BEAB7A111F90D_340.root
237 :: file = /star/u/sprastar/data05/11GeV/flag/root/pV1A_FE67CC2316FFB488811BEAB7A111F90D_352.root
238 :: file = /star/u/sprastar/data05/11GeV/flag/root/pV1A_FE67CC2316FFB488811BEAB7A111F90D_362.root
239 :: file = /star/u/sprastar/data05/11GeV/flag/root/pV1A_FE67CC2316FFB488811BEAB7A111F90D_368.root
240 :: file = /star/u/sprastar/data05/11GeV/flag/root/pV1A_FE67CC2316FFB488811BEAB7A111F90D_343.root
241 :: file = /star/u/sprastar/data05/11GeV/flag/root/pV1A_FE67CC2316FFB488811BEAB7A111F90D_360.root
242 :: file = /star/u/sprastar/data05/11GeV/flag/root/pV1A_FE67CC2316FFB488811BEAB7A111F90D_122.root
243 :: file = /star/u/sprastar/data05/11GeV/flag/root/pV1A_FE67CC2316FFB488811BEAB7A111F90D_92.root
244 :: file = /star/u/sprastar/data05/11GeV/flag/root/pV1A_FE67CC2316FFB488811BEAB7A111F90D_170.root
245 :: file = /star/u/sprastar/data05/11GeV/flag/root/pV1A_FE67CC2316FFB488811BEAB7A111F90D_169.root
246 :: file = /star/u/sprastar/data05/11GeV/flag/root/pV1A_FE67CC2316FFB488811BEAB7A111F90D_118.root
247 :: file = /star/u/sprastar/data05/11GeV/flag/root/pV1A_FE67CC2316FFB488811BEAB7A111F90D_49.root
248 :: file = /star/u/sprastar/data05/11GeV/flag/root/pV1A_FE67CC2316FFB488811BEAB7A111F90D_29.root
249 :: file = /star/u/sprastar/data05/11GeV/flag/root/pV1A_FE67CC2316FFB488811BEAB7A111F90D_6.root
250 :: file = /star/u/sprastar/data05/11GeV/flag/root/pV1A_FE67CC2316FFB488811BEAB7A111F90D_32.root
251 :: file = /star/u/sprastar/data05/11GeV/flag/root/pV1A_FE67CC2316FFB488811BEAB7A111F90D_147.root
252 :: file = /star/u/sprastar/data05/11GeV/flag/root/pV1A_FE67CC2316FFB488811BEAB7A111F90D_9.root
253 :: file = /star/u/sprastar/data05/11GeV/flag/root/pV1A_FE67CC2316FFB488811BEAB7A111F90D_14.root
254 :: file = /star/u/sprastar/data05/11GeV/flag/root/pV1A_FE67CC2316FFB488811BEAB7A111F90D_64.root
255 :: file = /star/u/sprastar/data05/11GeV/flag/root/pV1A_FE67CC2316FFB488811BEAB7A111F90D_206.root
256 :: file = /star/u/sprastar/data05/11GeV/flag/root/pV1A_FE67CC2316FFB488811BEAB7A111F90D_83.root
257 :: file = /star/u/sprastar/data05/11GeV/flag/root/pV1A_FE67CC2316FFB488811BEAB7A111F90D_35.root
258 :: file = /star/u/sprastar/data05/11GeV/flag/root/pV1A_FE67CC2316FFB488811BEAB7A111F90D_51.root
259 :: file = /star/u/sprastar/data05/11GeV/flag/root/pV1A_FE67CC2316FFB488811BEAB7A111F90D_28.root
260 :: file = /star/u/sprastar/data05/11GeV/flag/root/pV1A_FE67CC2316FFB488811BEAB7A111F90D_89.root
261 :: file = /star/u/sprastar/data05/11GeV/flag/root/pV1A_FE67CC2316FFB488811BEAB7A111F90D_119.root
262 :: file = /star/u/sprastar/data05/11GeV/flag/root/pV1A_FE67CC2316FFB488811BEAB7A111F90D_210.root
263 :: file = /star/u/sprastar/data05/11GeV/flag/root/pV1A_FE67CC2316FFB488811BEAB7A111F90D_36.root
264 :: file = /star/u/sprastar/data05/11GeV/flag/root/pV1A_FE67CC2316FFB488811BEAB7A111F90D_87.root
265 :: file = /star/u/sprastar/data05/11GeV/flag/root/pV1A_FE67CC2316FFB488811BEAB7A111F90D_140.root
266 :: file = /star/u/sprastar/data05/11GeV/flag/root/pV1A_FE67CC2316FFB488811BEAB7A111F90D_56.root
267 :: file = /star/u/sprastar/data05/11GeV/flag/root/pV1A_FE67CC2316FFB488811BEAB7A111F90D_86.root
268 :: file = /star/u/sprastar/data05/11GeV/flag/root/pV1A_FE67CC2316FFB488811BEAB7A111F90D_72.root
269 :: file = /star/u/sprastar/data05/11GeV/flag/root/pV1A_FE67CC2316FFB488811BEAB7A111F90D_50.root
270 :: file = /star/u/sprastar/data05/11GeV/flag/root/pV1A_FE67CC2316FFB488811BEAB7A111F90D_125.root
271 :: file = /star/u/sprastar/data05/11GeV/flag/root/pV1A_FE67CC2316FFB488811BEAB7A111F90D_256.root
272 :: file = /star/u/sprastar/data05/11GeV/flag/root/pV1A_FE67CC2316FFB488811BEAB7A111F90D_242.root
273 :: file = /star/u/sprastar/data05/11GeV/flag/root/pV1A_FE67CC2316FFB488811BEAB7A111F90D_236.root
274 :: file = /star/u/sprastar/data05/11GeV/flag/root/pV1A_FE67CC2316FFB488811BEAB7A111F90D_235.root
275 :: file = /star/u/sprastar/data05/11GeV/flag/root/pV1A_FE67CC2316FFB488811BEAB7A111F90D_240.root
276 :: file = /star/u/sprastar/data05/11GeV/flag/root/pV1A_FE67CC2316FFB488811BEAB7A111F90D_279.root
277 :: file = /star/u/sprastar/data05/11GeV/flag/root/pV1A_FE67CC2316FFB488811BEAB7A111F90D_244.root
278 :: file = /star/u/sprastar/data05/11GeV/flag/root/pV1A_FE67CC2316FFB488811BEAB7A111F90D_260.root
279 :: file = /star/u/sprastar/data05/11GeV/flag/root/pV1A_FE67CC2316FFB488811BEAB7A111F90D_307.root
280 :: file = /star/u/sprastar/data05/11GeV/flag/root/pV1A_FE67CC2316FFB488811BEAB7A111F90D_281.root
281 :: file = /star/u/sprastar/data05/11GeV/flag/root/pV1A_FE67CC2316FFB488811BEAB7A111F90D_293.root
282 :: file = /star/u/sprastar/data05/11GeV/flag/root/pV1A_FE67CC2316FFB488811BEAB7A111F90D_271.root
283 :: file = /star/u/sprastar/data05/11GeV/flag/root/pV1A_FE67CC2316FFB488811BEAB7A111F90D_332.root
284 :: file = /star/u/sprastar/data05/11GeV/flag/root/pV1A_FE67CC2316FFB488811BEAB7A111F90D_305.root
285 :: file = /star/u/sprastar/data05/11GeV/flag/root/pV1A_FE67CC2316FFB488811BEAB7A111F90D_313.root
286 :: file = /star/u/sprastar/data05/11GeV/flag/root/pV1A_FE67CC2316FFB488811BEAB7A111F90D_290.root
287 :: file = /star/u/sprastar/data05/11GeV/flag/root/pV1A_FE67CC2316FFB488811BEAB7A111F90D_323.root
288 :: file = /star/u/sprastar/data05/11GeV/flag/root/pV1A_FE67CC2316FFB488811BEAB7A111F90D_312.root
289 :: file = /star/u/sprastar/data05/11GeV/flag/root/pV1A_FE67CC2316FFB488811BEAB7A111F90D_314.root
290 :: file = /star/u/sprastar/data05/11GeV/flag/root/pV1A_FE67CC2316FFB488811BEAB7A111F90D_317.root
291 :: file = /star/u/sprastar/data05/11GeV/flag/root/pV1A_FE67CC2316FFB488811BEAB7A111F90D_364.root
292 :: file = /star/u/sprastar/data05/11GeV/flag/root/pV1A_FE67CC2316FFB488811BEAB7A111F90D_13.root
293 :: file = /star/u/sprastar/data05/11GeV/flag/root/pV1A_FE67CC2316FFB488811BEAB7A111F90D_79.root
294 :: file = /star/u/sprastar/data05/11GeV/flag/root/pV1A_FE67CC2316FFB488811BEAB7A111F90D_57.root
295 :: file = /star/u/sprastar/data05/11GeV/flag/root/pV1A_FE67CC2316FFB488811BEAB7A111F90D_151.root
296 :: file = /star/u/sprastar/data05/11GeV/flag/root/pV1A_FE67CC2316FFB488811BEAB7A111F90D_201.root
297 :: file = /star/u/sprastar/data05/11GeV/flag/root/pV1A_FE67CC2316FFB488811BEAB7A111F90D_23.root
298 :: file = /star/u/sprastar/data05/11GeV/flag/root/pV1A_FE67CC2316FFB488811BEAB7A111F90D_61.root
299 :: file = /star/u/sprastar/data05/11GeV/flag/root/pV1A_FE67CC2316FFB488811BEAB7A111F90D_185.root
300 :: file = /star/u/sprastar/data05/11GeV/flag/root/pV1A_FE67CC2316FFB488811BEAB7A111F90D_53.root
301 :: file = /star/u/sprastar/data05/11GeV/flag/root/pV1A_FE67CC2316FFB488811BEAB7A111F90D_78.root
302 :: file = /star/u/sprastar/data05/11GeV/flag/root/pV1A_FE67CC2316FFB488811BEAB7A111F90D_188.root
303 :: file = /star/u/sprastar/data05/11GeV/flag/root/pV1A_FE67CC2316FFB488811BEAB7A111F90D_44.root
304 :: file = /star/u/sprastar/data05/11GeV/flag/root/pV1A_FE67CC2316FFB488811BEAB7A111F90D_100.root
305 :: file = /star/u/sprastar/data05/11GeV/flag/root/pV1A_FE67CC2316FFB488811BEAB7A111F90D_129.root
306 :: file = /star/u/sprastar/data05/11GeV/flag/root/pV1A_FE67CC2316FFB488811BEAB7A111F90D_69.root
307 :: file = /star/u/sprastar/data05/11GeV/flag/root/pV1A_FE67CC2316FFB488811BEAB7A111F90D_112.root
308 :: file = /star/u/sprastar/data05/11GeV/flag/root/pV1A_FE67CC2316FFB488811BEAB7A111F90D_25.root
309 :: file = /star/u/sprastar/data05/11GeV/flag/root/pV1A_FE67CC2316FFB488811BEAB7A111F90D_203.root
310 :: file = /star/u/sprastar/data05/11GeV/flag/root/pV1A_FE67CC2316FFB488811BEAB7A111F90D_67.root
311 :: file = /star/u/sprastar/data05/11GeV/flag/root/pV1A_FE67CC2316FFB488811BEAB7A111F90D_110.root
312 :: file = /star/u/sprastar/data05/11GeV/flag/root/pV1A_FE67CC2316FFB488811BEAB7A111F90D_193.root
313 :: file = /star/u/sprastar/data05/11GeV/flag/root/pV1A_FE67CC2316FFB488811BEAB7A111F90D_224.root
314 :: file = /star/u/sprastar/data05/11GeV/flag/root/pV1A_FE67CC2316FFB488811BEAB7A111F90D_177.root
315 :: file = /star/u/sprastar/data05/11GeV/flag/root/pV1A_FE67CC2316FFB488811BEAB7A111F90D_31.root
316 :: file = /star/u/sprastar/data05/11GeV/flag/root/pV1A_FE67CC2316FFB488811BEAB7A111F90D_143.root
317 :: file = /star/u/sprastar/data05/11GeV/flag/root/pV1A_FE67CC2316FFB488811BEAB7A111F90D_77.root
318 :: file = /star/u/sprastar/data05/11GeV/flag/root/pV1A_FE67CC2316FFB488811BEAB7A111F90D_127.root
319 :: file = /star/u/sprastar/data05/11GeV/flag/root/pV1A_FE67CC2316FFB488811BEAB7A111F90D_155.root
320 :: file = /star/u/sprastar/data05/11GeV/flag/root/pV1A_FE67CC2316FFB488811BEAB7A111F90D_197.root
321 :: file = /star/u/sprastar/data05/11GeV/flag/root/pV1A_FE67CC2316FFB488811BEAB7A111F90D_133.root
322 :: file = /star/u/sprastar/data05/11GeV/flag/root/pV1A_FE67CC2316FFB488811BEAB7A111F90D_181.root
323 :: file = /star/u/sprastar/data05/11GeV/flag/root/pV1A_FE67CC2316FFB488811BEAB7A111F90D_255.root
324 :: file = /star/u/sprastar/data05/11GeV/flag/root/pV1A_FE67CC2316FFB488811BEAB7A111F90D_234.root
325 :: file = /star/u/sprastar/data05/11GeV/flag/root/pV1A_FE67CC2316FFB488811BEAB7A111F90D_324.root
326 :: file = /star/u/sprastar/data05/11GeV/flag/root/pV1A_FE67CC2316FFB488811BEAB7A111F90D_286.root
327 :: file = /star/u/sprastar/data05/11GeV/flag/root/pV1A_FE67CC2316FFB488811BEAB7A111F90D_268.root
328 :: file = /star/u/sprastar/data05/11GeV/flag/root/pV1A_FE67CC2316FFB488811BEAB7A111F90D_296.root
329 :: file = /star/u/sprastar/data05/11GeV/flag/root/pV1A_FE67CC2316FFB488811BEAB7A111F90D_325.root
330 :: file = /star/u/sprastar/data05/11GeV/flag/root/pV1A_FE67CC2316FFB488811BEAB7A111F90D_300.root
331 :: file = /star/u/sprastar/data05/11GeV/flag/root/pV1A_FE67CC2316FFB488811BEAB7A111F90D_303.root
332 :: file = /star/u/sprastar/data05/11GeV/flag/root/pV1A_FE67CC2316FFB488811BEAB7A111F90D_318.root
333 :: file = /star/u/sprastar/data05/11GeV/flag/root/pV1A_FE67CC2316FFB488811BEAB7A111F90D_299.root
334 :: file = /star/u/sprastar/data05/11GeV/flag/root/pV1A_FE67CC2316FFB488811BEAB7A111F90D_353.root
335 :: file = /star/u/sprastar/data05/11GeV/flag/root/pV1A_FE67CC2316FFB488811BEAB7A111F90D_355.root
336 :: file = /star/u/sprastar/data05/11GeV/flag/root/pV1A_FE67CC2316FFB488811BEAB7A111F90D_347.root
337 :: file = /star/u/sprastar/data05/11GeV/flag/root/pV1A_FE67CC2316FFB488811BEAB7A111F90D_84.root
338 :: file = /star/u/sprastar/data05/11GeV/flag/root/pV1A_FE67CC2316FFB488811BEAB7A111F90D_62.root
339 :: file = /star/u/sprastar/data05/11GeV/flag/root/pV1A_FE67CC2316FFB488811BEAB7A111F90D_1.root
340 :: file = /star/u/sprastar/data05/11GeV/flag/root/pV1A_FE67CC2316FFB488811BEAB7A111F90D_3.root
341 :: file = /star/u/sprastar/data05/11GeV/flag/root/pV1A_FE67CC2316FFB488811BEAB7A111F90D_148.root
342 :: file = /star/u/sprastar/data05/11GeV/flag/root/pV1A_FE67CC2316FFB488811BEAB7A111F90D_88.root
343 :: file = /star/u/sprastar/data05/11GeV/flag/root/pV1A_FE67CC2316FFB488811BEAB7A111F90D_101.root
344 :: file = /star/u/sprastar/data05/11GeV/flag/root/pV1A_FE67CC2316FFB488811BEAB7A111F90D_163.root
345 :: file = /star/u/sprastar/data05/11GeV/flag/root/pV1A_FE67CC2316FFB488811BEAB7A111F90D_99.root
346 :: file = /star/u/sprastar/data05/11GeV/flag/root/pV1A_FE67CC2316FFB488811BEAB7A111F90D_82.root
347 :: file = /star/u/sprastar/data05/11GeV/flag/root/pV1A_FE67CC2316FFB488811BEAB7A111F90D_208.root
348 :: file = /star/u/sprastar/data05/11GeV/flag/root/pV1A_FE67CC2316FFB488811BEAB7A111F90D_194.root
349 :: file = /star/u/sprastar/data05/11GeV/flag/root/pV1A_FE67CC2316FFB488811BEAB7A111F90D_37.root
350 :: file = /star/u/sprastar/data05/11GeV/flag/root/pV1A_FE67CC2316FFB488811BEAB7A111F90D_221.root
351 :: file = /star/u/sprastar/data05/11GeV/flag/root/pV1A_FE67CC2316FFB488811BEAB7A111F90D_215.root
352 :: file = /star/u/sprastar/data05/11GeV/flag/root/pV1A_FE67CC2316FFB488811BEAB7A111F90D_228.root
353 :: file = /star/u/sprastar/data05/11GeV/flag/root/pV1A_FE67CC2316FFB488811BEAB7A111F90D_245.root
354 :: file = /star/u/sprastar/data05/11GeV/flag/root/pV1A_FE67CC2316FFB488811BEAB7A111F90D_326.root
355 :: file = /star/u/sprastar/data05/11GeV/flag/root/pV1A_FE67CC2316FFB488811BEAB7A111F90D_239.root
356 :: file = /star/u/sprastar/data05/11GeV/flag/root/pV1A_FE67CC2316FFB488811BEAB7A111F90D_248.root
357 :: file = /star/u/sprastar/data05/11GeV/flag/root/pV1A_FE67CC2316FFB488811BEAB7A111F90D_229.root
358 :: file = /star/u/sprastar/data05/11GeV/flag/root/pV1A_FE67CC2316FFB488811BEAB7A111F90D_321.root
359 :: file = /star/u/sprastar/data05/11GeV/flag/root/pV1A_FE67CC2316FFB488811BEAB7A111F90D_295.root
360 :: file = /star/u/sprastar/data05/11GeV/flag/root/pV1A_FE67CC2316FFB488811BEAB7A111F90D_292.root
361 :: file = /star/u/sprastar/data05/11GeV/flag/root/pV1A_FE67CC2316FFB488811BEAB7A111F90D_269.root
362 :: file = /star/u/sprastar/data05/11GeV/flag/root/pV1A_FE67CC2316FFB488811BEAB7A111F90D_282.root
363 :: file = /star/u/sprastar/data05/11GeV/flag/root/pV1A_FE67CC2316FFB488811BEAB7A111F90D_327.root
364 :: file = /star/u/sprastar/data05/11GeV/flag/root/pV1A_FE67CC2316FFB488811BEAB7A111F90D_363.root
365 :: file = /star/u/sprastar/data05/11GeV/flag/root/pV1A_FE67CC2316FFB488811BEAB7A111F90D_320.root
366 :: file = /star/u/sprastar/data05/11GeV/flag/root/pV1A_FE67CC2316FFB488811BEAB7A111F90D_297.root
367 :: file = /star/u/sprastar/data05/11GeV/flag/root/pV1A_FE67CC2316FFB488811BEAB7A111F90D_341.root
368 :: file = /star/u/sprastar/data05/11GeV/flag/root/pV1A_FE67CC2316FFB488811BEAB7A111F90D_351.root
369 :: file = /star/u/sprastar/data05/11GeV/flag/root/pV1A_FE67CC2316FFB488811BEAB7A111F90D_350.root
44917698
0
1000000
2000000
3000000
4000000
5000000
6000000
7000000
8000000
9000000
10000000
11000000
12000000
13000000
14000000
15000000
16000000
17000000
18000000
19000000
20000000
21000000
22000000
23000000
24000000
25000000
26000000
27000000
28000000
29000000
30000000
31000000
32000000
33000000
34000000
35000000
36000000
37000000
38000000
39000000
40000000
41000000
42000000
43000000
44000000

This is the end of ROOT -- Goodbye

