  *******************************************
  *                                         *
  *        W E L C O M E  to  R O O T       *
  *                                         *
  *   Version   5.34/09      26 June 2013   *
  *                                         *
  *  You are welcome to visit our Web site  *
  *          http://root.cern.ch            *
  *                                         *
  *******************************************

ROOT 5.34/09 (v5-34-09@v5-34-09, Jun 26 2013, 17:10:36 on linux)

CINT/ROOT C/C++ Interpreter version 5.18.00, July 2, 2010
Type ? for help. Commands must be C++ statements.
Enclose multiple statements between { }.
*** Float Point Exception is OFF ***
 *** Start at Date : Mon Dec 14 15:12:25 2015
QAInfo:You are using STAR_LEVEL : pro, ROOT_LEVEL : 5.34.09 and node : rcas6006.rcf.bnl.gov 
0 :: file = /star/u/sprastar/data05/11GeV/flag/root/pV1K_B378C1B8778E174DB5D662F7EFB54816_166.root
1 :: file = /star/u/sprastar/data05/11GeV/flag/root/pV1K_B378C1B8778E174DB5D662F7EFB54816_183.root
2 :: file = /star/u/sprastar/data05/11GeV/flag/root/pV1K_B378C1B8778E174DB5D662F7EFB54816_200.root
3 :: file = /star/u/sprastar/data05/11GeV/flag/root/pV1K_B378C1B8778E174DB5D662F7EFB54816_175.root
4 :: file = /star/u/sprastar/data05/11GeV/flag/root/pV1K_B378C1B8778E174DB5D662F7EFB54816_227.root
5 :: file = /star/u/sprastar/data05/11GeV/flag/root/pV1K_B378C1B8778E174DB5D662F7EFB54816_160.root
6 :: file = /star/u/sprastar/data05/11GeV/flag/root/pV1K_B378C1B8778E174DB5D662F7EFB54816_174.root
7 :: file = /star/u/sprastar/data05/11GeV/flag/root/pV1K_B378C1B8778E174DB5D662F7EFB54816_204.root
8 :: file = /star/u/sprastar/data05/11GeV/flag/root/pV1K_B378C1B8778E174DB5D662F7EFB54816_225.root
9 :: file = /star/u/sprastar/data05/11GeV/flag/root/pV1K_B378C1B8778E174DB5D662F7EFB54816_214.root
10 :: file = /star/u/sprastar/data05/11GeV/flag/root/pV1K_B378C1B8778E174DB5D662F7EFB54816_220.root
11 :: file = /star/u/sprastar/data05/11GeV/flag/root/pV1K_B378C1B8778E174DB5D662F7EFB54816_193.root
12 :: file = /star/u/sprastar/data05/11GeV/flag/root/pV1K_B378C1B8778E174DB5D662F7EFB54816_156.root
13 :: file = /star/u/sprastar/data05/11GeV/flag/root/pV1K_B378C1B8778E174DB5D662F7EFB54816_170.root
14 :: file = /star/u/sprastar/data05/11GeV/flag/root/pV1K_B378C1B8778E174DB5D662F7EFB54816_228.root
15 :: file = /star/u/sprastar/data05/11GeV/flag/root/pV1K_B378C1B8778E174DB5D662F7EFB54816_178.root
16 :: file = /star/u/sprastar/data05/11GeV/flag/root/pV1K_B378C1B8778E174DB5D662F7EFB54816_37.root
17 :: file = /star/u/sprastar/data05/11GeV/flag/root/pV1K_B378C1B8778E174DB5D662F7EFB54816_44.root
18 :: file = /star/u/sprastar/data05/11GeV/flag/root/pV1K_B378C1B8778E174DB5D662F7EFB54816_208.root
19 :: file = /star/u/sprastar/data05/11GeV/flag/root/pV1K_B378C1B8778E174DB5D662F7EFB54816_159.root
20 :: file = /star/u/sprastar/data05/11GeV/flag/root/pV1K_B378C1B8778E174DB5D662F7EFB54816_197.root
21 :: file = /star/u/sprastar/data05/11GeV/flag/root/pV1K_B378C1B8778E174DB5D662F7EFB54816_119.root
22 :: file = /star/u/sprastar/data05/11GeV/flag/root/pV1K_B378C1B8778E174DB5D662F7EFB54816_130.root
23 :: file = /star/u/sprastar/data05/11GeV/flag/root/pV1K_B378C1B8778E174DB5D662F7EFB54816_26.root
24 :: file = /star/u/sprastar/data05/11GeV/flag/root/pV1K_B378C1B8778E174DB5D662F7EFB54816_89.root
25 :: file = /star/u/sprastar/data05/11GeV/flag/root/pV1K_B378C1B8778E174DB5D662F7EFB54816_86.root
26 :: file = /star/u/sprastar/data05/11GeV/flag/root/pV1K_B378C1B8778E174DB5D662F7EFB54816_50.root
27 :: file = /star/u/sprastar/data05/11GeV/flag/root/pV1K_B378C1B8778E174DB5D662F7EFB54816_45.root
28 :: file = /star/u/sprastar/data05/11GeV/flag/root/pV1K_B378C1B8778E174DB5D662F7EFB54816_116.root
29 :: file = /star/u/sprastar/data05/11GeV/flag/root/pV1K_B378C1B8778E174DB5D662F7EFB54816_59.root
30 :: file = /star/u/sprastar/data05/11GeV/flag/root/pV1K_B378C1B8778E174DB5D662F7EFB54816_22.root
31 :: file = /star/u/sprastar/data05/11GeV/flag/root/pV1K_B378C1B8778E174DB5D662F7EFB54816_75.root
32 :: file = /star/u/sprastar/data05/11GeV/flag/root/pV1K_B378C1B8778E174DB5D662F7EFB54816_40.root
33 :: file = /star/u/sprastar/data05/11GeV/flag/root/pV1K_B378C1B8778E174DB5D662F7EFB54816_61.root
34 :: file = /star/u/sprastar/data05/11GeV/flag/root/pV1K_B378C1B8778E174DB5D662F7EFB54816_128.root
35 :: file = /star/u/sprastar/data05/11GeV/flag/root/pV1K_B378C1B8778E174DB5D662F7EFB54816_136.root
36 :: file = /star/u/sprastar/data05/11GeV/flag/root/pV1K_B378C1B8778E174DB5D662F7EFB54816_142.root
37 :: file = /star/u/sprastar/data05/11GeV/flag/root/pV1K_B378C1B8778E174DB5D662F7EFB54816_112.root
38 :: file = /star/u/sprastar/data05/11GeV/flag/root/pV1K_B378C1B8778E174DB5D662F7EFB54816_66.root
39 :: file = /star/u/sprastar/data05/11GeV/flag/root/pV1K_B378C1B8778E174DB5D662F7EFB54816_187.root
40 :: file = /star/u/sprastar/data05/11GeV/flag/root/pV1K_B378C1B8778E174DB5D662F7EFB54816_226.root
41 :: file = /star/u/sprastar/data05/11GeV/flag/root/pV1K_B378C1B8778E174DB5D662F7EFB54816_209.root
42 :: file = /star/u/sprastar/data05/11GeV/flag/root/pV1K_B378C1B8778E174DB5D662F7EFB54816_155.root
43 :: file = /star/u/sprastar/data05/11GeV/flag/root/pV1K_B378C1B8778E174DB5D662F7EFB54816_173.root
44 :: file = /star/u/sprastar/data05/11GeV/flag/root/pV1K_B378C1B8778E174DB5D662F7EFB54816_216.root
45 :: file = /star/u/sprastar/data05/11GeV/flag/root/pV1K_B378C1B8778E174DB5D662F7EFB54816_169.root
46 :: file = /star/u/sprastar/data05/11GeV/flag/root/pV1K_B378C1B8778E174DB5D662F7EFB54816_39.root
47 :: file = /star/u/sprastar/data05/11GeV/flag/root/pV1K_B378C1B8778E174DB5D662F7EFB54816_120.root
48 :: file = /star/u/sprastar/data05/11GeV/flag/root/pV1K_B378C1B8778E174DB5D662F7EFB54816_88.root
49 :: file = /star/u/sprastar/data05/11GeV/flag/root/pV1K_B378C1B8778E174DB5D662F7EFB54816_113.root
50 :: file = /star/u/sprastar/data05/11GeV/flag/root/pV1K_B378C1B8778E174DB5D662F7EFB54816_42.root
51 :: file = /star/u/sprastar/data05/11GeV/flag/root/pV1K_B378C1B8778E174DB5D662F7EFB54816_41.root
52 :: file = /star/u/sprastar/data05/11GeV/flag/root/pV1K_B378C1B8778E174DB5D662F7EFB54816_60.root
53 :: file = /star/u/sprastar/data05/11GeV/flag/root/pV1K_B378C1B8778E174DB5D662F7EFB54816_11.root
54 :: file = /star/u/sprastar/data05/11GeV/flag/root/pV1K_B378C1B8778E174DB5D662F7EFB54816_80.root
55 :: file = /star/u/sprastar/data05/11GeV/flag/root/pV1K_B378C1B8778E174DB5D662F7EFB54816_64.root
56 :: file = /star/u/sprastar/data05/11GeV/flag/root/pV1K_B378C1B8778E174DB5D662F7EFB54816_20.root
57 :: file = /star/u/sprastar/data05/11GeV/flag/root/pV1K_B378C1B8778E174DB5D662F7EFB54816_51.root
58 :: file = /star/u/sprastar/data05/11GeV/flag/root/pV1K_B378C1B8778E174DB5D662F7EFB54816_110.root
59 :: file = /star/u/sprastar/data05/11GeV/flag/root/pV1K_B378C1B8778E174DB5D662F7EFB54816_47.root
60 :: file = /star/u/sprastar/data05/11GeV/flag/root/pV1K_B378C1B8778E174DB5D662F7EFB54816_7.root
61 :: file = /star/u/sprastar/data05/11GeV/flag/root/pV1K_B378C1B8778E174DB5D662F7EFB54816_111.root
62 :: file = /star/u/sprastar/data05/11GeV/flag/root/pV1K_B378C1B8778E174DB5D662F7EFB54816_140.root
63 :: file = /star/u/sprastar/data05/11GeV/flag/root/pV1K_B378C1B8778E174DB5D662F7EFB54816_97.root
64 :: file = /star/u/sprastar/data05/11GeV/flag/root/pV1K_B378C1B8778E174DB5D662F7EFB54816_192.root
65 :: file = /star/u/sprastar/data05/11GeV/flag/root/pV1K_B378C1B8778E174DB5D662F7EFB54816_151.root
66 :: file = /star/u/sprastar/data05/11GeV/flag/root/pV1K_B378C1B8778E174DB5D662F7EFB54816_190.root
67 :: file = /star/u/sprastar/data05/11GeV/flag/root/pV1K_B378C1B8778E174DB5D662F7EFB54816_215.root
68 :: file = /star/u/sprastar/data05/11GeV/flag/root/pV1K_B378C1B8778E174DB5D662F7EFB54816_223.root
69 :: file = /star/u/sprastar/data05/11GeV/flag/root/pV1K_B378C1B8778E174DB5D662F7EFB54816_152.root
70 :: file = /star/u/sprastar/data05/11GeV/flag/root/pV1K_B378C1B8778E174DB5D662F7EFB54816_34.root
71 :: file = /star/u/sprastar/data05/11GeV/flag/root/pV1K_B378C1B8778E174DB5D662F7EFB54816_69.root
72 :: file = /star/u/sprastar/data05/11GeV/flag/root/pV1K_B378C1B8778E174DB5D662F7EFB54816_27.root
73 :: file = /star/u/sprastar/data05/11GeV/flag/root/pV1K_B378C1B8778E174DB5D662F7EFB54816_105.root
74 :: file = /star/u/sprastar/data05/11GeV/flag/root/pV1K_B378C1B8778E174DB5D662F7EFB54816_67.root
75 :: file = /star/u/sprastar/data05/11GeV/flag/root/pV1K_B378C1B8778E174DB5D662F7EFB54816_135.root
76 :: file = /star/u/sprastar/data05/11GeV/flag/root/pV1K_B378C1B8778E174DB5D662F7EFB54816_24.root
77 :: file = /star/u/sprastar/data05/11GeV/flag/root/pV1K_B378C1B8778E174DB5D662F7EFB54816_17.root
78 :: file = /star/u/sprastar/data05/11GeV/flag/root/pV1K_B378C1B8778E174DB5D662F7EFB54816_65.root
79 :: file = /star/u/sprastar/data05/11GeV/flag/root/pV1K_B378C1B8778E174DB5D662F7EFB54816_221.root
80 :: file = /star/u/sprastar/data05/11GeV/flag/root/pV1K_B378C1B8778E174DB5D662F7EFB54816_46.root
81 :: file = /star/u/sprastar/data05/11GeV/flag/root/pV1K_B378C1B8778E174DB5D662F7EFB54816_78.root
82 :: file = /star/u/sprastar/data05/11GeV/flag/root/pV1K_B378C1B8778E174DB5D662F7EFB54816_30.root
83 :: file = /star/u/sprastar/data05/11GeV/flag/root/pV1K_B378C1B8778E174DB5D662F7EFB54816_8.root
84 :: file = /star/u/sprastar/data05/11GeV/flag/root/pV1K_B378C1B8778E174DB5D662F7EFB54816_14.root
85 :: file = /star/u/sprastar/data05/11GeV/flag/root/pV1K_B378C1B8778E174DB5D662F7EFB54816_19.root
86 :: file = /star/u/sprastar/data05/11GeV/flag/root/pV1K_B378C1B8778E174DB5D662F7EFB54816_6.root
87 :: file = /star/u/sprastar/data05/11GeV/flag/root/pV1K_B378C1B8778E174DB5D662F7EFB54816_103.root
88 :: file = /star/u/sprastar/data05/11GeV/flag/root/pV1K_B378C1B8778E174DB5D662F7EFB54816_131.root
89 :: file = /star/u/sprastar/data05/11GeV/flag/root/pV1K_B378C1B8778E174DB5D662F7EFB54816_76.root
90 :: file = /star/u/sprastar/data05/11GeV/flag/root/pV1K_B378C1B8778E174DB5D662F7EFB54816_115.root
91 :: file = /star/u/sprastar/data05/11GeV/flag/root/pV1K_B378C1B8778E174DB5D662F7EFB54816_139.root
92 :: file = /star/u/sprastar/data05/11GeV/flag/root/pV1K_B378C1B8778E174DB5D662F7EFB54816_182.root
93 :: file = /star/u/sprastar/data05/11GeV/flag/root/pV1K_B378C1B8778E174DB5D662F7EFB54816_186.root
94 :: file = /star/u/sprastar/data05/11GeV/flag/root/pV1K_B378C1B8778E174DB5D662F7EFB54816_148.root
95 :: file = /star/u/sprastar/data05/11GeV/flag/root/pV1K_B378C1B8778E174DB5D662F7EFB54816_102.root
96 :: file = /star/u/sprastar/data05/11GeV/flag/root/pV1K_B378C1B8778E174DB5D662F7EFB54816_201.root
97 :: file = /star/u/sprastar/data05/11GeV/flag/root/pV1K_B378C1B8778E174DB5D662F7EFB54816_203.root
98 :: file = /star/u/sprastar/data05/11GeV/flag/root/pV1K_B378C1B8778E174DB5D662F7EFB54816_234.root
99 :: file = /star/u/sprastar/data05/11GeV/flag/root/pV1K_B378C1B8778E174DB5D662F7EFB54816_233.root
100 :: file = /star/u/sprastar/data05/11GeV/flag/root/pV1K_B378C1B8778E174DB5D662F7EFB54816_185.root
101 :: file = /star/u/sprastar/data05/11GeV/flag/root/pV1K_B378C1B8778E174DB5D662F7EFB54816_189.root
102 :: file = /star/u/sprastar/data05/11GeV/flag/root/pV1K_B378C1B8778E174DB5D662F7EFB54816_172.root
103 :: file = /star/u/sprastar/data05/11GeV/flag/root/pV1K_B378C1B8778E174DB5D662F7EFB54816_38.root
104 :: file = /star/u/sprastar/data05/11GeV/flag/root/pV1K_B378C1B8778E174DB5D662F7EFB54816_126.root
105 :: file = /star/u/sprastar/data05/11GeV/flag/root/pV1K_B378C1B8778E174DB5D662F7EFB54816_28.root
106 :: file = /star/u/sprastar/data05/11GeV/flag/root/pV1K_B378C1B8778E174DB5D662F7EFB54816_4.root
107 :: file = /star/u/sprastar/data05/11GeV/flag/root/pV1K_B378C1B8778E174DB5D662F7EFB54816_29.root
108 :: file = /star/u/sprastar/data05/11GeV/flag/root/pV1K_B378C1B8778E174DB5D662F7EFB54816_100.root
109 :: file = /star/u/sprastar/data05/11GeV/flag/root/pV1K_B378C1B8778E174DB5D662F7EFB54816_3.root
110 :: file = /star/u/sprastar/data05/11GeV/flag/root/pV1K_B378C1B8778E174DB5D662F7EFB54816_54.root
111 :: file = /star/u/sprastar/data05/11GeV/flag/root/pV1K_B378C1B8778E174DB5D662F7EFB54816_21.root
112 :: file = /star/u/sprastar/data05/11GeV/flag/root/pV1K_B378C1B8778E174DB5D662F7EFB54816_104.root
113 :: file = /star/u/sprastar/data05/11GeV/flag/root/pV1K_B378C1B8778E174DB5D662F7EFB54816_0.root
114 :: file = /star/u/sprastar/data05/11GeV/flag/root/pV1K_B378C1B8778E174DB5D662F7EFB54816_98.root
115 :: file = /star/u/sprastar/data05/11GeV/flag/root/pV1K_B378C1B8778E174DB5D662F7EFB54816_25.root
116 :: file = /star/u/sprastar/data05/11GeV/flag/root/pV1K_B378C1B8778E174DB5D662F7EFB54816_107.root
117 :: file = /star/u/sprastar/data05/11GeV/flag/root/pV1K_B378C1B8778E174DB5D662F7EFB54816_96.root
118 :: file = /star/u/sprastar/data05/11GeV/flag/root/pV1K_B378C1B8778E174DB5D662F7EFB54816_109.root
119 :: file = /star/u/sprastar/data05/11GeV/flag/root/pV1K_B378C1B8778E174DB5D662F7EFB54816_81.root
120 :: file = /star/u/sprastar/data05/11GeV/flag/root/pV1K_B378C1B8778E174DB5D662F7EFB54816_133.root
121 :: file = /star/u/sprastar/data05/11GeV/flag/root/pV1K_B378C1B8778E174DB5D662F7EFB54816_150.root
122 :: file = /star/u/sprastar/data05/11GeV/flag/root/pV1K_B378C1B8778E174DB5D662F7EFB54816_194.root
123 :: file = /star/u/sprastar/data05/11GeV/flag/root/pV1K_B378C1B8778E174DB5D662F7EFB54816_207.root
124 :: file = /star/u/sprastar/data05/11GeV/flag/root/pV1K_B378C1B8778E174DB5D662F7EFB54816_231.root
125 :: file = /star/u/sprastar/data05/11GeV/flag/root/pV1K_B378C1B8778E174DB5D662F7EFB54816_195.root
126 :: file = /star/u/sprastar/data05/11GeV/flag/root/pV1K_B378C1B8778E174DB5D662F7EFB54816_167.root
127 :: file = /star/u/sprastar/data05/11GeV/flag/root/pV1K_B378C1B8778E174DB5D662F7EFB54816_222.root
128 :: file = /star/u/sprastar/data05/11GeV/flag/root/pV1K_B378C1B8778E174DB5D662F7EFB54816_154.root
129 :: file = /star/u/sprastar/data05/11GeV/flag/root/pV1K_B378C1B8778E174DB5D662F7EFB54816_171.root
130 :: file = /star/u/sprastar/data05/11GeV/flag/root/pV1K_B378C1B8778E174DB5D662F7EFB54816_33.root
131 :: file = /star/u/sprastar/data05/11GeV/flag/root/pV1K_B378C1B8778E174DB5D662F7EFB54816_36.root
132 :: file = /star/u/sprastar/data05/11GeV/flag/root/pV1K_B378C1B8778E174DB5D662F7EFB54816_122.root
133 :: file = /star/u/sprastar/data05/11GeV/flag/root/pV1K_B378C1B8778E174DB5D662F7EFB54816_117.root
134 :: file = /star/u/sprastar/data05/11GeV/flag/root/pV1K_B378C1B8778E174DB5D662F7EFB54816_32.root
135 :: file = /star/u/sprastar/data05/11GeV/flag/root/pV1K_B378C1B8778E174DB5D662F7EFB54816_2.root
136 :: file = /star/u/sprastar/data05/11GeV/flag/root/pV1K_B378C1B8778E174DB5D662F7EFB54816_71.root
137 :: file = /star/u/sprastar/data05/11GeV/flag/root/pV1K_B378C1B8778E174DB5D662F7EFB54816_57.root
138 :: file = /star/u/sprastar/data05/11GeV/flag/root/pV1K_B378C1B8778E174DB5D662F7EFB54816_9.root
139 :: file = /star/u/sprastar/data05/11GeV/flag/root/pV1K_B378C1B8778E174DB5D662F7EFB54816_35.root
140 :: file = /star/u/sprastar/data05/11GeV/flag/root/pV1K_B378C1B8778E174DB5D662F7EFB54816_92.root
141 :: file = /star/u/sprastar/data05/11GeV/flag/root/pV1K_B378C1B8778E174DB5D662F7EFB54816_91.root
142 :: file = /star/u/sprastar/data05/11GeV/flag/root/pV1K_B378C1B8778E174DB5D662F7EFB54816_121.root
143 :: file = /star/u/sprastar/data05/11GeV/flag/root/pV1K_B378C1B8778E174DB5D662F7EFB54816_63.root
144 :: file = /star/u/sprastar/data05/11GeV/flag/root/pV1K_B378C1B8778E174DB5D662F7EFB54816_62.root
145 :: file = /star/u/sprastar/data05/11GeV/flag/root/pV1K_B378C1B8778E174DB5D662F7EFB54816_141.root
146 :: file = /star/u/sprastar/data05/11GeV/flag/root/pV1K_B378C1B8778E174DB5D662F7EFB54816_124.root
147 :: file = /star/u/sprastar/data05/11GeV/flag/root/pV1K_B378C1B8778E174DB5D662F7EFB54816_84.root
148 :: file = /star/u/sprastar/data05/11GeV/flag/root/pV1K_B378C1B8778E174DB5D662F7EFB54816_165.root
149 :: file = /star/u/sprastar/data05/11GeV/flag/root/pV1K_B378C1B8778E174DB5D662F7EFB54816_211.root
150 :: file = /star/u/sprastar/data05/11GeV/flag/root/pV1K_B378C1B8778E174DB5D662F7EFB54816_177.root
151 :: file = /star/u/sprastar/data05/11GeV/flag/root/pV1K_B378C1B8778E174DB5D662F7EFB54816_213.root
152 :: file = /star/u/sprastar/data05/11GeV/flag/root/pV1K_B378C1B8778E174DB5D662F7EFB54816_205.root
153 :: file = /star/u/sprastar/data05/11GeV/flag/root/pV1K_B378C1B8778E174DB5D662F7EFB54816_158.root
154 :: file = /star/u/sprastar/data05/11GeV/flag/root/pV1K_B378C1B8778E174DB5D662F7EFB54816_145.root
155 :: file = /star/u/sprastar/data05/11GeV/flag/root/pV1K_B378C1B8778E174DB5D662F7EFB54816_188.root
156 :: file = /star/u/sprastar/data05/11GeV/flag/root/pV1K_B378C1B8778E174DB5D662F7EFB54816_229.root
157 :: file = /star/u/sprastar/data05/11GeV/flag/root/pV1K_B378C1B8778E174DB5D662F7EFB54816_181.root
158 :: file = /star/u/sprastar/data05/11GeV/flag/root/pV1K_B378C1B8778E174DB5D662F7EFB54816_217.root
159 :: file = /star/u/sprastar/data05/11GeV/flag/root/pV1K_B378C1B8778E174DB5D662F7EFB54816_58.root
160 :: file = /star/u/sprastar/data05/11GeV/flag/root/pV1K_B378C1B8778E174DB5D662F7EFB54816_219.root
161 :: file = /star/u/sprastar/data05/11GeV/flag/root/pV1K_B378C1B8778E174DB5D662F7EFB54816_10.root
162 :: file = /star/u/sprastar/data05/11GeV/flag/root/pV1K_B378C1B8778E174DB5D662F7EFB54816_87.root
163 :: file = /star/u/sprastar/data05/11GeV/flag/root/pV1K_B378C1B8778E174DB5D662F7EFB54816_218.root
164 :: file = /star/u/sprastar/data05/11GeV/flag/root/pV1K_B378C1B8778E174DB5D662F7EFB54816_48.root
165 :: file = /star/u/sprastar/data05/11GeV/flag/root/pV1K_B378C1B8778E174DB5D662F7EFB54816_16.root
166 :: file = /star/u/sprastar/data05/11GeV/flag/root/pV1K_B378C1B8778E174DB5D662F7EFB54816_13.root
167 :: file = /star/u/sprastar/data05/11GeV/flag/root/pV1K_B378C1B8778E174DB5D662F7EFB54816_132.root
168 :: file = /star/u/sprastar/data05/11GeV/flag/root/pV1K_B378C1B8778E174DB5D662F7EFB54816_138.root
169 :: file = /star/u/sprastar/data05/11GeV/flag/root/pV1K_B378C1B8778E174DB5D662F7EFB54816_72.root
170 :: file = /star/u/sprastar/data05/11GeV/flag/root/pV1K_B378C1B8778E174DB5D662F7EFB54816_83.root
171 :: file = /star/u/sprastar/data05/11GeV/flag/root/pV1K_B378C1B8778E174DB5D662F7EFB54816_5.root
172 :: file = /star/u/sprastar/data05/11GeV/flag/root/pV1K_B378C1B8778E174DB5D662F7EFB54816_79.root
173 :: file = /star/u/sprastar/data05/11GeV/flag/root/pV1K_B378C1B8778E174DB5D662F7EFB54816_31.root
174 :: file = /star/u/sprastar/data05/11GeV/flag/root/pV1K_B378C1B8778E174DB5D662F7EFB54816_123.root
175 :: file = /star/u/sprastar/data05/11GeV/flag/root/pV1K_B378C1B8778E174DB5D662F7EFB54816_134.root
176 :: file = /star/u/sprastar/data05/11GeV/flag/root/pV1K_B378C1B8778E174DB5D662F7EFB54816_85.root
177 :: file = /star/u/sprastar/data05/11GeV/flag/root/pV1K_B378C1B8778E174DB5D662F7EFB54816_164.root
178 :: file = /star/u/sprastar/data05/11GeV/flag/root/pV1K_B378C1B8778E174DB5D662F7EFB54816_114.root
179 :: file = /star/u/sprastar/data05/11GeV/flag/root/pV1K_B378C1B8778E174DB5D662F7EFB54816_163.root
180 :: file = /star/u/sprastar/data05/11GeV/flag/root/pV1K_B378C1B8778E174DB5D662F7EFB54816_230.root
181 :: file = /star/u/sprastar/data05/11GeV/flag/root/pV1K_B378C1B8778E174DB5D662F7EFB54816_144.root
182 :: file = /star/u/sprastar/data05/11GeV/flag/root/pV1K_B378C1B8778E174DB5D662F7EFB54816_149.root
183 :: file = /star/u/sprastar/data05/11GeV/flag/root/pV1K_B378C1B8778E174DB5D662F7EFB54816_157.root
184 :: file = /star/u/sprastar/data05/11GeV/flag/root/pV1K_B378C1B8778E174DB5D662F7EFB54816_210.root
185 :: file = /star/u/sprastar/data05/11GeV/flag/root/pV1K_B378C1B8778E174DB5D662F7EFB54816_206.root
186 :: file = /star/u/sprastar/data05/11GeV/flag/root/pV1K_B378C1B8778E174DB5D662F7EFB54816_180.root
187 :: file = /star/u/sprastar/data05/11GeV/flag/root/pV1K_B378C1B8778E174DB5D662F7EFB54816_176.root
188 :: file = /star/u/sprastar/data05/11GeV/flag/root/pV1K_B378C1B8778E174DB5D662F7EFB54816_212.root
189 :: file = /star/u/sprastar/data05/11GeV/flag/root/pV1K_B378C1B8778E174DB5D662F7EFB54816_198.root
190 :: file = /star/u/sprastar/data05/11GeV/flag/root/pV1K_B378C1B8778E174DB5D662F7EFB54816_232.root
191 :: file = /star/u/sprastar/data05/11GeV/flag/root/pV1K_B378C1B8778E174DB5D662F7EFB54816_179.root
192 :: file = /star/u/sprastar/data05/11GeV/flag/root/pV1K_B378C1B8778E174DB5D662F7EFB54816_199.root
193 :: file = /star/u/sprastar/data05/11GeV/flag/root/pV1K_B378C1B8778E174DB5D662F7EFB54816_93.root
194 :: file = /star/u/sprastar/data05/11GeV/flag/root/pV1K_B378C1B8778E174DB5D662F7EFB54816_55.root
195 :: file = /star/u/sprastar/data05/11GeV/flag/root/pV1K_B378C1B8778E174DB5D662F7EFB54816_52.root
196 :: file = /star/u/sprastar/data05/11GeV/flag/root/pV1K_B378C1B8778E174DB5D662F7EFB54816_94.root
197 :: file = /star/u/sprastar/data05/11GeV/flag/root/pV1K_B378C1B8778E174DB5D662F7EFB54816_53.root
198 :: file = /star/u/sprastar/data05/11GeV/flag/root/pV1K_B378C1B8778E174DB5D662F7EFB54816_77.root
199 :: file = /star/u/sprastar/data05/11GeV/flag/root/pV1K_B378C1B8778E174DB5D662F7EFB54816_125.root
200 :: file = /star/u/sprastar/data05/11GeV/flag/root/pV1K_B378C1B8778E174DB5D662F7EFB54816_1.root
201 :: file = /star/u/sprastar/data05/11GeV/flag/root/pV1K_B378C1B8778E174DB5D662F7EFB54816_101.root
202 :: file = /star/u/sprastar/data05/11GeV/flag/root/pV1K_B378C1B8778E174DB5D662F7EFB54816_118.root
203 :: file = /star/u/sprastar/data05/11GeV/flag/root/pV1K_B378C1B8778E174DB5D662F7EFB54816_99.root
204 :: file = /star/u/sprastar/data05/11GeV/flag/root/pV1K_B378C1B8778E174DB5D662F7EFB54816_12.root
205 :: file = /star/u/sprastar/data05/11GeV/flag/root/pV1K_B378C1B8778E174DB5D662F7EFB54816_108.root
206 :: file = /star/u/sprastar/data05/11GeV/flag/root/pV1K_B378C1B8778E174DB5D662F7EFB54816_127.root
207 :: file = /star/u/sprastar/data05/11GeV/flag/root/pV1K_B378C1B8778E174DB5D662F7EFB54816_143.root
208 :: file = /star/u/sprastar/data05/11GeV/flag/root/pV1K_B378C1B8778E174DB5D662F7EFB54816_162.root
209 :: file = /star/u/sprastar/data05/11GeV/flag/root/pV1K_B378C1B8778E174DB5D662F7EFB54816_191.root
210 :: file = /star/u/sprastar/data05/11GeV/flag/root/pV1K_B378C1B8778E174DB5D662F7EFB54816_153.root
211 :: file = /star/u/sprastar/data05/11GeV/flag/root/pV1K_B378C1B8778E174DB5D662F7EFB54816_168.root
212 :: file = /star/u/sprastar/data05/11GeV/flag/root/pV1K_B378C1B8778E174DB5D662F7EFB54816_196.root
213 :: file = /star/u/sprastar/data05/11GeV/flag/root/pV1K_B378C1B8778E174DB5D662F7EFB54816_147.root
214 :: file = /star/u/sprastar/data05/11GeV/flag/root/pV1K_B378C1B8778E174DB5D662F7EFB54816_161.root
215 :: file = /star/u/sprastar/data05/11GeV/flag/root/pV1K_B378C1B8778E174DB5D662F7EFB54816_184.root
216 :: file = /star/u/sprastar/data05/11GeV/flag/root/pV1K_B378C1B8778E174DB5D662F7EFB54816_146.root
217 :: file = /star/u/sprastar/data05/11GeV/flag/root/pV1K_B378C1B8778E174DB5D662F7EFB54816_43.root
218 :: file = /star/u/sprastar/data05/11GeV/flag/root/pV1K_B378C1B8778E174DB5D662F7EFB54816_224.root
219 :: file = /star/u/sprastar/data05/11GeV/flag/root/pV1K_B378C1B8778E174DB5D662F7EFB54816_56.root
220 :: file = /star/u/sprastar/data05/11GeV/flag/root/pV1K_B378C1B8778E174DB5D662F7EFB54816_202.root
221 :: file = /star/u/sprastar/data05/11GeV/flag/root/pV1K_B378C1B8778E174DB5D662F7EFB54816_137.root
222 :: file = /star/u/sprastar/data05/11GeV/flag/root/pV1K_B378C1B8778E174DB5D662F7EFB54816_70.root
223 :: file = /star/u/sprastar/data05/11GeV/flag/root/pV1K_B378C1B8778E174DB5D662F7EFB54816_18.root
224 :: file = /star/u/sprastar/data05/11GeV/flag/root/pV1K_B378C1B8778E174DB5D662F7EFB54816_95.root
225 :: file = /star/u/sprastar/data05/11GeV/flag/root/pV1K_B378C1B8778E174DB5D662F7EFB54816_90.root
226 :: file = /star/u/sprastar/data05/11GeV/flag/root/pV1K_B378C1B8778E174DB5D662F7EFB54816_129.root
227 :: file = /star/u/sprastar/data05/11GeV/flag/root/pV1K_B378C1B8778E174DB5D662F7EFB54816_49.root
228 :: file = /star/u/sprastar/data05/11GeV/flag/root/pV1K_B378C1B8778E174DB5D662F7EFB54816_15.root
229 :: file = /star/u/sprastar/data05/11GeV/flag/root/pV1K_B378C1B8778E174DB5D662F7EFB54816_68.root
230 :: file = /star/u/sprastar/data05/11GeV/flag/root/pV1K_B378C1B8778E174DB5D662F7EFB54816_73.root
231 :: file = /star/u/sprastar/data05/11GeV/flag/root/pV1K_B378C1B8778E174DB5D662F7EFB54816_82.root
232 :: file = /star/u/sprastar/data05/11GeV/flag/root/pV1K_B378C1B8778E174DB5D662F7EFB54816_74.root
233 :: file = /star/u/sprastar/data05/11GeV/flag/root/pV1K_B378C1B8778E174DB5D662F7EFB54816_106.root
234 :: file = /star/u/sprastar/data05/11GeV/flag/root/pV1K_B378C1B8778E174DB5D662F7EFB54816_23.root
314066841
0
1000000
2000000
3000000
4000000
5000000
6000000
7000000
8000000
9000000
10000000
11000000
12000000
13000000
14000000
15000000
16000000
17000000
18000000
19000000
20000000
21000000
22000000
23000000
24000000
25000000
26000000
27000000
28000000
29000000
30000000
31000000
32000000
33000000
34000000
35000000
36000000
37000000
38000000
39000000
40000000
41000000
42000000
43000000
44000000
45000000
46000000
47000000
48000000
49000000
50000000
51000000
52000000
53000000
54000000
55000000
56000000
57000000
58000000
59000000
60000000
61000000
62000000
63000000
64000000
65000000
66000000
67000000
68000000
69000000
70000000
71000000
72000000
73000000
74000000
75000000
76000000
77000000
78000000
79000000
80000000
81000000
82000000
83000000
84000000
85000000
86000000
87000000
88000000
89000000
90000000
91000000
92000000
93000000
94000000
95000000
96000000
97000000
98000000
99000000
100000000
101000000
102000000
103000000
104000000
105000000
106000000
107000000
108000000
109000000
110000000
111000000
112000000
113000000
114000000
115000000
116000000
117000000
118000000
119000000
120000000
121000000
122000000
123000000
124000000
125000000
126000000
127000000
128000000
129000000
130000000
131000000
132000000
133000000
134000000
135000000
136000000
137000000
138000000
139000000
140000000
141000000
142000000
143000000
144000000
145000000
146000000
147000000
148000000
149000000
150000000
151000000
152000000
153000000
154000000
155000000
156000000
157000000
158000000
159000000
160000000
161000000
162000000
163000000
164000000
165000000
166000000
167000000
168000000
169000000
170000000
171000000
172000000
173000000
174000000
175000000
176000000
177000000
178000000
179000000
180000000
181000000
182000000
183000000
184000000
185000000
186000000
187000000
188000000
189000000
190000000
191000000
192000000
193000000
194000000
195000000
196000000
197000000
198000000
199000000
200000000
201000000
202000000
203000000
204000000
205000000
206000000
207000000
208000000
209000000
210000000
211000000
212000000
213000000
214000000
215000000
216000000
217000000
218000000
219000000
220000000
221000000
222000000
223000000
224000000
225000000
226000000
227000000
228000000
229000000
230000000
231000000
232000000
233000000
234000000
235000000
236000000
237000000
238000000
239000000
240000000
241000000
242000000
243000000
244000000
245000000
246000000
247000000
248000000
249000000
250000000
251000000
252000000
253000000
254000000
255000000
256000000
257000000
258000000
259000000
260000000
261000000
262000000
263000000
264000000
265000000
266000000
267000000
268000000
269000000
270000000
271000000
272000000
273000000
274000000
275000000
276000000
277000000
278000000
279000000
280000000
281000000
282000000
283000000
284000000
285000000
286000000
287000000
288000000
289000000
290000000
291000000
292000000
293000000
294000000
295000000
296000000
297000000
298000000
299000000
300000000
301000000
302000000
303000000
304000000
305000000
306000000
307000000
308000000
309000000
310000000
311000000
312000000
313000000
314000000

This is the end of ROOT -- Goodbye

