  *******************************************
  *                                         *
  *        W E L C O M E  to  R O O T       *
  *                                         *
  *   Version   5.34/09      26 June 2013   *
  *                                         *
  *  You are welcome to visit our Web site  *
  *          http://root.cern.ch            *
  *                                         *
  *******************************************

ROOT 5.34/09 (v5-34-09@v5-34-09, Jun 26 2013, 17:10:36 on linux)

CINT/ROOT C/C++ Interpreter version 5.18.00, July 2, 2010
Type ? for help. Commands must be C++ statements.
Enclose multiple statements between { }.
*** Float Point Exception is OFF ***
 *** Start at Date : Mon Dec 14 15:13:36 2015
QAInfo:You are using STAR_LEVEL : pro, ROOT_LEVEL : 5.34.09 and node : rcas6006.rcf.bnl.gov 
0 :: file = /star/u/sprastar/data05/11GeV/flag/root/pV1K_C036128E0EC9B5BA46A6B888DBFBAA3B_184.root
1 :: file = /star/u/sprastar/data05/11GeV/flag/root/pV1K_C036128E0EC9B5BA46A6B888DBFBAA3B_344.root
2 :: file = /star/u/sprastar/data05/11GeV/flag/root/pV1K_C036128E0EC9B5BA46A6B888DBFBAA3B_75.root
3 :: file = /star/u/sprastar/data05/11GeV/flag/root/pV1K_C036128E0EC9B5BA46A6B888DBFBAA3B_27.root
4 :: file = /star/u/sprastar/data05/11GeV/flag/root/pV1K_C036128E0EC9B5BA46A6B888DBFBAA3B_71.root
5 :: file = /star/u/sprastar/data05/11GeV/flag/root/pV1K_C036128E0EC9B5BA46A6B888DBFBAA3B_6.root
6 :: file = /star/u/sprastar/data05/11GeV/flag/root/pV1K_C036128E0EC9B5BA46A6B888DBFBAA3B_360.root
7 :: file = /star/u/sprastar/data05/11GeV/flag/root/pV1K_C036128E0EC9B5BA46A6B888DBFBAA3B_225.root
8 :: file = /star/u/sprastar/data05/11GeV/flag/root/pV1K_C036128E0EC9B5BA46A6B888DBFBAA3B_105.root
9 :: file = /star/u/sprastar/data05/11GeV/flag/root/pV1K_C036128E0EC9B5BA46A6B888DBFBAA3B_161.root
10 :: file = /star/u/sprastar/data05/11GeV/flag/root/pV1K_C036128E0EC9B5BA46A6B888DBFBAA3B_255.root
11 :: file = /star/u/sprastar/data05/11GeV/flag/root/pV1K_C036128E0EC9B5BA46A6B888DBFBAA3B_302.root
12 :: file = /star/u/sprastar/data05/11GeV/flag/root/pV1K_C036128E0EC9B5BA46A6B888DBFBAA3B_245.root
13 :: file = /star/u/sprastar/data05/11GeV/flag/root/pV1K_C036128E0EC9B5BA46A6B888DBFBAA3B_326.root
14 :: file = /star/u/sprastar/data05/11GeV/flag/root/pV1K_C036128E0EC9B5BA46A6B888DBFBAA3B_288.root
15 :: file = /star/u/sprastar/data05/11GeV/flag/root/pV1K_C036128E0EC9B5BA46A6B888DBFBAA3B_286.root
16 :: file = /star/u/sprastar/data05/11GeV/flag/root/pV1K_C036128E0EC9B5BA46A6B888DBFBAA3B_236.root
17 :: file = /star/u/sprastar/data05/11GeV/flag/root/pV1K_C036128E0EC9B5BA46A6B888DBFBAA3B_298.root
18 :: file = /star/u/sprastar/data05/11GeV/flag/root/pV1K_C036128E0EC9B5BA46A6B888DBFBAA3B_254.root
19 :: file = /star/u/sprastar/data05/11GeV/flag/root/pV1K_C036128E0EC9B5BA46A6B888DBFBAA3B_53.root
20 :: file = /star/u/sprastar/data05/11GeV/flag/root/pV1K_C036128E0EC9B5BA46A6B888DBFBAA3B_49.root
21 :: file = /star/u/sprastar/data05/11GeV/flag/root/pV1K_C036128E0EC9B5BA46A6B888DBFBAA3B_62.root
22 :: file = /star/u/sprastar/data05/11GeV/flag/root/pV1K_C036128E0EC9B5BA46A6B888DBFBAA3B_275.root
23 :: file = /star/u/sprastar/data05/11GeV/flag/root/pV1K_C036128E0EC9B5BA46A6B888DBFBAA3B_249.root
24 :: file = /star/u/sprastar/data05/11GeV/flag/root/pV1K_C036128E0EC9B5BA46A6B888DBFBAA3B_64.root
25 :: file = /star/u/sprastar/data05/11GeV/flag/root/pV1K_C036128E0EC9B5BA46A6B888DBFBAA3B_149.root
26 :: file = /star/u/sprastar/data05/11GeV/flag/root/pV1K_C036128E0EC9B5BA46A6B888DBFBAA3B_322.root
27 :: file = /star/u/sprastar/data05/11GeV/flag/root/pV1K_C036128E0EC9B5BA46A6B888DBFBAA3B_43.root
28 :: file = /star/u/sprastar/data05/11GeV/flag/root/pV1K_C036128E0EC9B5BA46A6B888DBFBAA3B_146.root
29 :: file = /star/u/sprastar/data05/11GeV/flag/root/pV1K_C036128E0EC9B5BA46A6B888DBFBAA3B_65.root
30 :: file = /star/u/sprastar/data05/11GeV/flag/root/pV1K_C036128E0EC9B5BA46A6B888DBFBAA3B_188.root
31 :: file = /star/u/sprastar/data05/11GeV/flag/root/pV1K_C036128E0EC9B5BA46A6B888DBFBAA3B_59.root
32 :: file = /star/u/sprastar/data05/11GeV/flag/root/pV1K_C036128E0EC9B5BA46A6B888DBFBAA3B_74.root
33 :: file = /star/u/sprastar/data05/11GeV/flag/root/pV1K_C036128E0EC9B5BA46A6B888DBFBAA3B_144.root
34 :: file = /star/u/sprastar/data05/11GeV/flag/root/pV1K_C036128E0EC9B5BA46A6B888DBFBAA3B_141.root
35 :: file = /star/u/sprastar/data05/11GeV/flag/root/pV1K_C036128E0EC9B5BA46A6B888DBFBAA3B_115.root
36 :: file = /star/u/sprastar/data05/11GeV/flag/root/pV1K_C036128E0EC9B5BA46A6B888DBFBAA3B_222.root
37 :: file = /star/u/sprastar/data05/11GeV/flag/root/pV1K_C036128E0EC9B5BA46A6B888DBFBAA3B_269.root
38 :: file = /star/u/sprastar/data05/11GeV/flag/root/pV1K_C036128E0EC9B5BA46A6B888DBFBAA3B_41.root
39 :: file = /star/u/sprastar/data05/11GeV/flag/root/pV1K_C036128E0EC9B5BA46A6B888DBFBAA3B_224.root
40 :: file = /star/u/sprastar/data05/11GeV/flag/root/pV1K_C036128E0EC9B5BA46A6B888DBFBAA3B_17.root
41 :: file = /star/u/sprastar/data05/11GeV/flag/root/pV1K_C036128E0EC9B5BA46A6B888DBFBAA3B_192.root
42 :: file = /star/u/sprastar/data05/11GeV/flag/root/pV1K_C036128E0EC9B5BA46A6B888DBFBAA3B_157.root
43 :: file = /star/u/sprastar/data05/11GeV/flag/root/pV1K_C036128E0EC9B5BA46A6B888DBFBAA3B_320.root
44 :: file = /star/u/sprastar/data05/11GeV/flag/root/pV1K_C036128E0EC9B5BA46A6B888DBFBAA3B_294.root
45 :: file = /star/u/sprastar/data05/11GeV/flag/root/pV1K_C036128E0EC9B5BA46A6B888DBFBAA3B_199.root
46 :: file = /star/u/sprastar/data05/11GeV/flag/root/pV1K_C036128E0EC9B5BA46A6B888DBFBAA3B_353.root
47 :: file = /star/u/sprastar/data05/11GeV/flag/root/pV1K_C036128E0EC9B5BA46A6B888DBFBAA3B_346.root
48 :: file = /star/u/sprastar/data05/11GeV/flag/root/pV1K_C036128E0EC9B5BA46A6B888DBFBAA3B_26.root
49 :: file = /star/u/sprastar/data05/11GeV/flag/root/pV1K_C036128E0EC9B5BA46A6B888DBFBAA3B_219.root
50 :: file = /star/u/sprastar/data05/11GeV/flag/root/pV1K_C036128E0EC9B5BA46A6B888DBFBAA3B_297.root
51 :: file = /star/u/sprastar/data05/11GeV/flag/root/pV1K_C036128E0EC9B5BA46A6B888DBFBAA3B_12.root
52 :: file = /star/u/sprastar/data05/11GeV/flag/root/pV1K_C036128E0EC9B5BA46A6B888DBFBAA3B_354.root
53 :: file = /star/u/sprastar/data05/11GeV/flag/root/pV1K_C036128E0EC9B5BA46A6B888DBFBAA3B_20.root
54 :: file = /star/u/sprastar/data05/11GeV/flag/root/pV1K_C036128E0EC9B5BA46A6B888DBFBAA3B_77.root
55 :: file = /star/u/sprastar/data05/11GeV/flag/root/pV1K_C036128E0EC9B5BA46A6B888DBFBAA3B_19.root
56 :: file = /star/u/sprastar/data05/11GeV/flag/root/pV1K_C036128E0EC9B5BA46A6B888DBFBAA3B_359.root
57 :: file = /star/u/sprastar/data05/11GeV/flag/root/pV1K_C036128E0EC9B5BA46A6B888DBFBAA3B_368.root
58 :: file = /star/u/sprastar/data05/11GeV/flag/root/pV1K_C036128E0EC9B5BA46A6B888DBFBAA3B_154.root
59 :: file = /star/u/sprastar/data05/11GeV/flag/root/pV1K_C036128E0EC9B5BA46A6B888DBFBAA3B_212.root
60 :: file = /star/u/sprastar/data05/11GeV/flag/root/pV1K_C036128E0EC9B5BA46A6B888DBFBAA3B_186.root
61 :: file = /star/u/sprastar/data05/11GeV/flag/root/pV1K_C036128E0EC9B5BA46A6B888DBFBAA3B_104.root
62 :: file = /star/u/sprastar/data05/11GeV/flag/root/pV1K_C036128E0EC9B5BA46A6B888DBFBAA3B_252.root
63 :: file = /star/u/sprastar/data05/11GeV/flag/root/pV1K_C036128E0EC9B5BA46A6B888DBFBAA3B_234.root
64 :: file = /star/u/sprastar/data05/11GeV/flag/root/pV1K_C036128E0EC9B5BA46A6B888DBFBAA3B_227.root
65 :: file = /star/u/sprastar/data05/11GeV/flag/root/pV1K_C036128E0EC9B5BA46A6B888DBFBAA3B_237.root
66 :: file = /star/u/sprastar/data05/11GeV/flag/root/pV1K_C036128E0EC9B5BA46A6B888DBFBAA3B_292.root
67 :: file = /star/u/sprastar/data05/11GeV/flag/root/pV1K_C036128E0EC9B5BA46A6B888DBFBAA3B_241.root
68 :: file = /star/u/sprastar/data05/11GeV/flag/root/pV1K_C036128E0EC9B5BA46A6B888DBFBAA3B_148.root
69 :: file = /star/u/sprastar/data05/11GeV/flag/root/pV1K_C036128E0EC9B5BA46A6B888DBFBAA3B_308.root
70 :: file = /star/u/sprastar/data05/11GeV/flag/root/pV1K_C036128E0EC9B5BA46A6B888DBFBAA3B_46.root
71 :: file = /star/u/sprastar/data05/11GeV/flag/root/pV1K_C036128E0EC9B5BA46A6B888DBFBAA3B_330.root
72 :: file = /star/u/sprastar/data05/11GeV/flag/root/pV1K_C036128E0EC9B5BA46A6B888DBFBAA3B_121.root
73 :: file = /star/u/sprastar/data05/11GeV/flag/root/pV1K_C036128E0EC9B5BA46A6B888DBFBAA3B_94.root
74 :: file = /star/u/sprastar/data05/11GeV/flag/root/pV1K_C036128E0EC9B5BA46A6B888DBFBAA3B_258.root
75 :: file = /star/u/sprastar/data05/11GeV/flag/root/pV1K_C036128E0EC9B5BA46A6B888DBFBAA3B_145.root
76 :: file = /star/u/sprastar/data05/11GeV/flag/root/pV1K_C036128E0EC9B5BA46A6B888DBFBAA3B_30.root
77 :: file = /star/u/sprastar/data05/11GeV/flag/root/pV1K_C036128E0EC9B5BA46A6B888DBFBAA3B_176.root
78 :: file = /star/u/sprastar/data05/11GeV/flag/root/pV1K_C036128E0EC9B5BA46A6B888DBFBAA3B_273.root
79 :: file = /star/u/sprastar/data05/11GeV/flag/root/pV1K_C036128E0EC9B5BA46A6B888DBFBAA3B_23.root
80 :: file = /star/u/sprastar/data05/11GeV/flag/root/pV1K_C036128E0EC9B5BA46A6B888DBFBAA3B_358.root
81 :: file = /star/u/sprastar/data05/11GeV/flag/root/pV1K_C036128E0EC9B5BA46A6B888DBFBAA3B_83.root
82 :: file = /star/u/sprastar/data05/11GeV/flag/root/pV1K_C036128E0EC9B5BA46A6B888DBFBAA3B_329.root
83 :: file = /star/u/sprastar/data05/11GeV/flag/root/pV1K_C036128E0EC9B5BA46A6B888DBFBAA3B_73.root
84 :: file = /star/u/sprastar/data05/11GeV/flag/root/pV1K_C036128E0EC9B5BA46A6B888DBFBAA3B_15.root
85 :: file = /star/u/sprastar/data05/11GeV/flag/root/pV1K_C036128E0EC9B5BA46A6B888DBFBAA3B_106.root
86 :: file = /star/u/sprastar/data05/11GeV/flag/root/pV1K_C036128E0EC9B5BA46A6B888DBFBAA3B_33.root
87 :: file = /star/u/sprastar/data05/11GeV/flag/root/pV1K_C036128E0EC9B5BA46A6B888DBFBAA3B_9.root
88 :: file = /star/u/sprastar/data05/11GeV/flag/root/pV1K_C036128E0EC9B5BA46A6B888DBFBAA3B_98.root
89 :: file = /star/u/sprastar/data05/11GeV/flag/root/pV1K_C036128E0EC9B5BA46A6B888DBFBAA3B_8.root
90 :: file = /star/u/sprastar/data05/11GeV/flag/root/pV1K_C036128E0EC9B5BA46A6B888DBFBAA3B_136.root
91 :: file = /star/u/sprastar/data05/11GeV/flag/root/pV1K_C036128E0EC9B5BA46A6B888DBFBAA3B_3.root
92 :: file = /star/u/sprastar/data05/11GeV/flag/root/pV1K_C036128E0EC9B5BA46A6B888DBFBAA3B_357.root
93 :: file = /star/u/sprastar/data05/11GeV/flag/root/pV1K_C036128E0EC9B5BA46A6B888DBFBAA3B_139.root
94 :: file = /star/u/sprastar/data05/11GeV/flag/root/pV1K_C036128E0EC9B5BA46A6B888DBFBAA3B_365.root
95 :: file = /star/u/sprastar/data05/11GeV/flag/root/pV1K_C036128E0EC9B5BA46A6B888DBFBAA3B_367.root
96 :: file = /star/u/sprastar/data05/11GeV/flag/root/pV1K_C036128E0EC9B5BA46A6B888DBFBAA3B_194.root
97 :: file = /star/u/sprastar/data05/11GeV/flag/root/pV1K_C036128E0EC9B5BA46A6B888DBFBAA3B_37.root
98 :: file = /star/u/sprastar/data05/11GeV/flag/root/pV1K_C036128E0EC9B5BA46A6B888DBFBAA3B_226.root
99 :: file = /star/u/sprastar/data05/11GeV/flag/root/pV1K_C036128E0EC9B5BA46A6B888DBFBAA3B_122.root
100 :: file = /star/u/sprastar/data05/11GeV/flag/root/pV1K_C036128E0EC9B5BA46A6B888DBFBAA3B_57.root
101 :: file = /star/u/sprastar/data05/11GeV/flag/root/pV1K_C036128E0EC9B5BA46A6B888DBFBAA3B_215.root
102 :: file = /star/u/sprastar/data05/11GeV/flag/root/pV1K_C036128E0EC9B5BA46A6B888DBFBAA3B_174.root
103 :: file = /star/u/sprastar/data05/11GeV/flag/root/pV1K_C036128E0EC9B5BA46A6B888DBFBAA3B_259.root
104 :: file = /star/u/sprastar/data05/11GeV/flag/root/pV1K_C036128E0EC9B5BA46A6B888DBFBAA3B_84.root
105 :: file = /star/u/sprastar/data05/11GeV/flag/root/pV1K_C036128E0EC9B5BA46A6B888DBFBAA3B_140.root
106 :: file = /star/u/sprastar/data05/11GeV/flag/root/pV1K_C036128E0EC9B5BA46A6B888DBFBAA3B_119.root
107 :: file = /star/u/sprastar/data05/11GeV/flag/root/pV1K_C036128E0EC9B5BA46A6B888DBFBAA3B_270.root
108 :: file = /star/u/sprastar/data05/11GeV/flag/root/pV1K_C036128E0EC9B5BA46A6B888DBFBAA3B_243.root
109 :: file = /star/u/sprastar/data05/11GeV/flag/root/pV1K_C036128E0EC9B5BA46A6B888DBFBAA3B_203.root
110 :: file = /star/u/sprastar/data05/11GeV/flag/root/pV1K_C036128E0EC9B5BA46A6B888DBFBAA3B_321.root
111 :: file = /star/u/sprastar/data05/11GeV/flag/root/pV1K_C036128E0EC9B5BA46A6B888DBFBAA3B_264.root
112 :: file = /star/u/sprastar/data05/11GeV/flag/root/pV1K_C036128E0EC9B5BA46A6B888DBFBAA3B_102.root
113 :: file = /star/u/sprastar/data05/11GeV/flag/root/pV1K_C036128E0EC9B5BA46A6B888DBFBAA3B_132.root
114 :: file = /star/u/sprastar/data05/11GeV/flag/root/pV1K_C036128E0EC9B5BA46A6B888DBFBAA3B_135.root
115 :: file = /star/u/sprastar/data05/11GeV/flag/root/pV1K_C036128E0EC9B5BA46A6B888DBFBAA3B_265.root
116 :: file = /star/u/sprastar/data05/11GeV/flag/root/pV1K_C036128E0EC9B5BA46A6B888DBFBAA3B_159.root
117 :: file = /star/u/sprastar/data05/11GeV/flag/root/pV1K_C036128E0EC9B5BA46A6B888DBFBAA3B_48.root
118 :: file = /star/u/sprastar/data05/11GeV/flag/root/pV1K_C036128E0EC9B5BA46A6B888DBFBAA3B_231.root
119 :: file = /star/u/sprastar/data05/11GeV/flag/root/pV1K_C036128E0EC9B5BA46A6B888DBFBAA3B_240.root
120 :: file = /star/u/sprastar/data05/11GeV/flag/root/pV1K_C036128E0EC9B5BA46A6B888DBFBAA3B_230.root
121 :: file = /star/u/sprastar/data05/11GeV/flag/root/pV1K_C036128E0EC9B5BA46A6B888DBFBAA3B_274.root
122 :: file = /star/u/sprastar/data05/11GeV/flag/root/pV1K_C036128E0EC9B5BA46A6B888DBFBAA3B_218.root
123 :: file = /star/u/sprastar/data05/11GeV/flag/root/pV1K_C036128E0EC9B5BA46A6B888DBFBAA3B_63.root
124 :: file = /star/u/sprastar/data05/11GeV/flag/root/pV1K_C036128E0EC9B5BA46A6B888DBFBAA3B_95.root
125 :: file = /star/u/sprastar/data05/11GeV/flag/root/pV1K_C036128E0EC9B5BA46A6B888DBFBAA3B_7.root
126 :: file = /star/u/sprastar/data05/11GeV/flag/root/pV1K_C036128E0EC9B5BA46A6B888DBFBAA3B_316.root
127 :: file = /star/u/sprastar/data05/11GeV/flag/root/pV1K_C036128E0EC9B5BA46A6B888DBFBAA3B_304.root
128 :: file = /star/u/sprastar/data05/11GeV/flag/root/pV1K_C036128E0EC9B5BA46A6B888DBFBAA3B_125.root
129 :: file = /star/u/sprastar/data05/11GeV/flag/root/pV1K_C036128E0EC9B5BA46A6B888DBFBAA3B_117.root
130 :: file = /star/u/sprastar/data05/11GeV/flag/root/pV1K_C036128E0EC9B5BA46A6B888DBFBAA3B_137.root
131 :: file = /star/u/sprastar/data05/11GeV/flag/root/pV1K_C036128E0EC9B5BA46A6B888DBFBAA3B_305.root
132 :: file = /star/u/sprastar/data05/11GeV/flag/root/pV1K_C036128E0EC9B5BA46A6B888DBFBAA3B_103.root
133 :: file = /star/u/sprastar/data05/11GeV/flag/root/pV1K_C036128E0EC9B5BA46A6B888DBFBAA3B_25.root
134 :: file = /star/u/sprastar/data05/11GeV/flag/root/pV1K_C036128E0EC9B5BA46A6B888DBFBAA3B_96.root
135 :: file = /star/u/sprastar/data05/11GeV/flag/root/pV1K_C036128E0EC9B5BA46A6B888DBFBAA3B_315.root
136 :: file = /star/u/sprastar/data05/11GeV/flag/root/pV1K_C036128E0EC9B5BA46A6B888DBFBAA3B_348.root
137 :: file = /star/u/sprastar/data05/11GeV/flag/root/pV1K_C036128E0EC9B5BA46A6B888DBFBAA3B_268.root
138 :: file = /star/u/sprastar/data05/11GeV/flag/root/pV1K_C036128E0EC9B5BA46A6B888DBFBAA3B_81.root
139 :: file = /star/u/sprastar/data05/11GeV/flag/root/pV1K_C036128E0EC9B5BA46A6B888DBFBAA3B_267.root
140 :: file = /star/u/sprastar/data05/11GeV/flag/root/pV1K_C036128E0EC9B5BA46A6B888DBFBAA3B_282.root
141 :: file = /star/u/sprastar/data05/11GeV/flag/root/pV1K_C036128E0EC9B5BA46A6B888DBFBAA3B_208.root
142 :: file = /star/u/sprastar/data05/11GeV/flag/root/pV1K_C036128E0EC9B5BA46A6B888DBFBAA3B_200.root
143 :: file = /star/u/sprastar/data05/11GeV/flag/root/pV1K_C036128E0EC9B5BA46A6B888DBFBAA3B_342.root
144 :: file = /star/u/sprastar/data05/11GeV/flag/root/pV1K_C036128E0EC9B5BA46A6B888DBFBAA3B_280.root
145 :: file = /star/u/sprastar/data05/11GeV/flag/root/pV1K_C036128E0EC9B5BA46A6B888DBFBAA3B_86.root
146 :: file = /star/u/sprastar/data05/11GeV/flag/root/pV1K_C036128E0EC9B5BA46A6B888DBFBAA3B_352.root
147 :: file = /star/u/sprastar/data05/11GeV/flag/root/pV1K_C036128E0EC9B5BA46A6B888DBFBAA3B_340.root
148 :: file = /star/u/sprastar/data05/11GeV/flag/root/pV1K_C036128E0EC9B5BA46A6B888DBFBAA3B_318.root
149 :: file = /star/u/sprastar/data05/11GeV/flag/root/pV1K_C036128E0EC9B5BA46A6B888DBFBAA3B_335.root
150 :: file = /star/u/sprastar/data05/11GeV/flag/root/pV1K_C036128E0EC9B5BA46A6B888DBFBAA3B_331.root
151 :: file = /star/u/sprastar/data05/11GeV/flag/root/pV1K_C036128E0EC9B5BA46A6B888DBFBAA3B_362.root
152 :: file = /star/u/sprastar/data05/11GeV/flag/root/pV1K_C036128E0EC9B5BA46A6B888DBFBAA3B_207.root
153 :: file = /star/u/sprastar/data05/11GeV/flag/root/pV1K_C036128E0EC9B5BA46A6B888DBFBAA3B_196.root
154 :: file = /star/u/sprastar/data05/11GeV/flag/root/pV1K_C036128E0EC9B5BA46A6B888DBFBAA3B_287.root
155 :: file = /star/u/sprastar/data05/11GeV/flag/root/pV1K_C036128E0EC9B5BA46A6B888DBFBAA3B_68.root
156 :: file = /star/u/sprastar/data05/11GeV/flag/root/pV1K_C036128E0EC9B5BA46A6B888DBFBAA3B_147.root
157 :: file = /star/u/sprastar/data05/11GeV/flag/root/pV1K_C036128E0EC9B5BA46A6B888DBFBAA3B_54.root
158 :: file = /star/u/sprastar/data05/11GeV/flag/root/pV1K_C036128E0EC9B5BA46A6B888DBFBAA3B_70.root
159 :: file = /star/u/sprastar/data05/11GeV/flag/root/pV1K_C036128E0EC9B5BA46A6B888DBFBAA3B_166.root
160 :: file = /star/u/sprastar/data05/11GeV/flag/root/pV1K_C036128E0EC9B5BA46A6B888DBFBAA3B_129.root
161 :: file = /star/u/sprastar/data05/11GeV/flag/root/pV1K_C036128E0EC9B5BA46A6B888DBFBAA3B_173.root
162 :: file = /star/u/sprastar/data05/11GeV/flag/root/pV1K_C036128E0EC9B5BA46A6B888DBFBAA3B_51.root
163 :: file = /star/u/sprastar/data05/11GeV/flag/root/pV1K_C036128E0EC9B5BA46A6B888DBFBAA3B_42.root
164 :: file = /star/u/sprastar/data05/11GeV/flag/root/pV1K_C036128E0EC9B5BA46A6B888DBFBAA3B_182.root
165 :: file = /star/u/sprastar/data05/11GeV/flag/root/pV1K_C036128E0EC9B5BA46A6B888DBFBAA3B_111.root
166 :: file = /star/u/sprastar/data05/11GeV/flag/root/pV1K_C036128E0EC9B5BA46A6B888DBFBAA3B_58.root
167 :: file = /star/u/sprastar/data05/11GeV/flag/root/pV1K_C036128E0EC9B5BA46A6B888DBFBAA3B_45.root
168 :: file = /star/u/sprastar/data05/11GeV/flag/root/pV1K_C036128E0EC9B5BA46A6B888DBFBAA3B_130.root
169 :: file = /star/u/sprastar/data05/11GeV/flag/root/pV1K_C036128E0EC9B5BA46A6B888DBFBAA3B_202.root
170 :: file = /star/u/sprastar/data05/11GeV/flag/root/pV1K_C036128E0EC9B5BA46A6B888DBFBAA3B_175.root
171 :: file = /star/u/sprastar/data05/11GeV/flag/root/pV1K_C036128E0EC9B5BA46A6B888DBFBAA3B_2.root
172 :: file = /star/u/sprastar/data05/11GeV/flag/root/pV1K_C036128E0EC9B5BA46A6B888DBFBAA3B_350.root
173 :: file = /star/u/sprastar/data05/11GeV/flag/root/pV1K_C036128E0EC9B5BA46A6B888DBFBAA3B_155.root
174 :: file = /star/u/sprastar/data05/11GeV/flag/root/pV1K_C036128E0EC9B5BA46A6B888DBFBAA3B_276.root
175 :: file = /star/u/sprastar/data05/11GeV/flag/root/pV1K_C036128E0EC9B5BA46A6B888DBFBAA3B_90.root
176 :: file = /star/u/sprastar/data05/11GeV/flag/root/pV1K_C036128E0EC9B5BA46A6B888DBFBAA3B_356.root
177 :: file = /star/u/sprastar/data05/11GeV/flag/root/pV1K_C036128E0EC9B5BA46A6B888DBFBAA3B_300.root
178 :: file = /star/u/sprastar/data05/11GeV/flag/root/pV1K_C036128E0EC9B5BA46A6B888DBFBAA3B_28.root
179 :: file = /star/u/sprastar/data05/11GeV/flag/root/pV1K_C036128E0EC9B5BA46A6B888DBFBAA3B_337.root
180 :: file = /star/u/sprastar/data05/11GeV/flag/root/pV1K_C036128E0EC9B5BA46A6B888DBFBAA3B_363.root
181 :: file = /star/u/sprastar/data05/11GeV/flag/root/pV1K_C036128E0EC9B5BA46A6B888DBFBAA3B_171.root
182 :: file = /star/u/sprastar/data05/11GeV/flag/root/pV1K_C036128E0EC9B5BA46A6B888DBFBAA3B_124.root
183 :: file = /star/u/sprastar/data05/11GeV/flag/root/pV1K_C036128E0EC9B5BA46A6B888DBFBAA3B_369.root
184 :: file = /star/u/sprastar/data05/11GeV/flag/root/pV1K_C036128E0EC9B5BA46A6B888DBFBAA3B_31.root
185 :: file = /star/u/sprastar/data05/11GeV/flag/root/pV1K_C036128E0EC9B5BA46A6B888DBFBAA3B_39.root
186 :: file = /star/u/sprastar/data05/11GeV/flag/root/pV1K_C036128E0EC9B5BA46A6B888DBFBAA3B_217.root
187 :: file = /star/u/sprastar/data05/11GeV/flag/root/pV1K_C036128E0EC9B5BA46A6B888DBFBAA3B_133.root
188 :: file = /star/u/sprastar/data05/11GeV/flag/root/pV1K_C036128E0EC9B5BA46A6B888DBFBAA3B_228.root
189 :: file = /star/u/sprastar/data05/11GeV/flag/root/pV1K_C036128E0EC9B5BA46A6B888DBFBAA3B_247.root
190 :: file = /star/u/sprastar/data05/11GeV/flag/root/pV1K_C036128E0EC9B5BA46A6B888DBFBAA3B_295.root
191 :: file = /star/u/sprastar/data05/11GeV/flag/root/pV1K_C036128E0EC9B5BA46A6B888DBFBAA3B_235.root
192 :: file = /star/u/sprastar/data05/11GeV/flag/root/pV1K_C036128E0EC9B5BA46A6B888DBFBAA3B_233.root
193 :: file = /star/u/sprastar/data05/11GeV/flag/root/pV1K_C036128E0EC9B5BA46A6B888DBFBAA3B_283.root
194 :: file = /star/u/sprastar/data05/11GeV/flag/root/pV1K_C036128E0EC9B5BA46A6B888DBFBAA3B_310.root
195 :: file = /star/u/sprastar/data05/11GeV/flag/root/pV1K_C036128E0EC9B5BA46A6B888DBFBAA3B_170.root
196 :: file = /star/u/sprastar/data05/11GeV/flag/root/pV1K_C036128E0EC9B5BA46A6B888DBFBAA3B_5.root
197 :: file = /star/u/sprastar/data05/11GeV/flag/root/pV1K_C036128E0EC9B5BA46A6B888DBFBAA3B_289.root
198 :: file = /star/u/sprastar/data05/11GeV/flag/root/pV1K_C036128E0EC9B5BA46A6B888DBFBAA3B_107.root
199 :: file = /star/u/sprastar/data05/11GeV/flag/root/pV1K_C036128E0EC9B5BA46A6B888DBFBAA3B_61.root
200 :: file = /star/u/sprastar/data05/11GeV/flag/root/pV1K_C036128E0EC9B5BA46A6B888DBFBAA3B_309.root
201 :: file = /star/u/sprastar/data05/11GeV/flag/root/pV1K_C036128E0EC9B5BA46A6B888DBFBAA3B_88.root
202 :: file = /star/u/sprastar/data05/11GeV/flag/root/pV1K_C036128E0EC9B5BA46A6B888DBFBAA3B_338.root
203 :: file = /star/u/sprastar/data05/11GeV/flag/root/pV1K_C036128E0EC9B5BA46A6B888DBFBAA3B_339.root
204 :: file = /star/u/sprastar/data05/11GeV/flag/root/pV1K_C036128E0EC9B5BA46A6B888DBFBAA3B_257.root
205 :: file = /star/u/sprastar/data05/11GeV/flag/root/pV1K_C036128E0EC9B5BA46A6B888DBFBAA3B_126.root
206 :: file = /star/u/sprastar/data05/11GeV/flag/root/pV1K_C036128E0EC9B5BA46A6B888DBFBAA3B_60.root
207 :: file = /star/u/sprastar/data05/11GeV/flag/root/pV1K_C036128E0EC9B5BA46A6B888DBFBAA3B_13.root
208 :: file = /star/u/sprastar/data05/11GeV/flag/root/pV1K_C036128E0EC9B5BA46A6B888DBFBAA3B_29.root
209 :: file = /star/u/sprastar/data05/11GeV/flag/root/pV1K_C036128E0EC9B5BA46A6B888DBFBAA3B_349.root
210 :: file = /star/u/sprastar/data05/11GeV/flag/root/pV1K_C036128E0EC9B5BA46A6B888DBFBAA3B_285.root
211 :: file = /star/u/sprastar/data05/11GeV/flag/root/pV1K_C036128E0EC9B5BA46A6B888DBFBAA3B_165.root
212 :: file = /star/u/sprastar/data05/11GeV/flag/root/pV1K_C036128E0EC9B5BA46A6B888DBFBAA3B_204.root
213 :: file = /star/u/sprastar/data05/11GeV/flag/root/pV1K_C036128E0EC9B5BA46A6B888DBFBAA3B_306.root
214 :: file = /star/u/sprastar/data05/11GeV/flag/root/pV1K_C036128E0EC9B5BA46A6B888DBFBAA3B_112.root
215 :: file = /star/u/sprastar/data05/11GeV/flag/root/pV1K_C036128E0EC9B5BA46A6B888DBFBAA3B_167.root
216 :: file = /star/u/sprastar/data05/11GeV/flag/root/pV1K_C036128E0EC9B5BA46A6B888DBFBAA3B_36.root
217 :: file = /star/u/sprastar/data05/11GeV/flag/root/pV1K_C036128E0EC9B5BA46A6B888DBFBAA3B_221.root
218 :: file = /star/u/sprastar/data05/11GeV/flag/root/pV1K_C036128E0EC9B5BA46A6B888DBFBAA3B_78.root
219 :: file = /star/u/sprastar/data05/11GeV/flag/root/pV1K_C036128E0EC9B5BA46A6B888DBFBAA3B_118.root
220 :: file = /star/u/sprastar/data05/11GeV/flag/root/pV1K_C036128E0EC9B5BA46A6B888DBFBAA3B_311.root
221 :: file = /star/u/sprastar/data05/11GeV/flag/root/pV1K_C036128E0EC9B5BA46A6B888DBFBAA3B_314.root
222 :: file = /star/u/sprastar/data05/11GeV/flag/root/pV1K_C036128E0EC9B5BA46A6B888DBFBAA3B_290.root
223 :: file = /star/u/sprastar/data05/11GeV/flag/root/pV1K_C036128E0EC9B5BA46A6B888DBFBAA3B_0.root
224 :: file = /star/u/sprastar/data05/11GeV/flag/root/pV1K_C036128E0EC9B5BA46A6B888DBFBAA3B_205.root
225 :: file = /star/u/sprastar/data05/11GeV/flag/root/pV1K_C036128E0EC9B5BA46A6B888DBFBAA3B_163.root
226 :: file = /star/u/sprastar/data05/11GeV/flag/root/pV1K_C036128E0EC9B5BA46A6B888DBFBAA3B_211.root
227 :: file = /star/u/sprastar/data05/11GeV/flag/root/pV1K_C036128E0EC9B5BA46A6B888DBFBAA3B_317.root
228 :: file = /star/u/sprastar/data05/11GeV/flag/root/pV1K_C036128E0EC9B5BA46A6B888DBFBAA3B_351.root
229 :: file = /star/u/sprastar/data05/11GeV/flag/root/pV1K_C036128E0EC9B5BA46A6B888DBFBAA3B_22.root
230 :: file = /star/u/sprastar/data05/11GeV/flag/root/pV1K_C036128E0EC9B5BA46A6B888DBFBAA3B_364.root
231 :: file = /star/u/sprastar/data05/11GeV/flag/root/pV1K_C036128E0EC9B5BA46A6B888DBFBAA3B_183.root
232 :: file = /star/u/sprastar/data05/11GeV/flag/root/pV1K_C036128E0EC9B5BA46A6B888DBFBAA3B_24.root
233 :: file = /star/u/sprastar/data05/11GeV/flag/root/pV1K_C036128E0EC9B5BA46A6B888DBFBAA3B_99.root
234 :: file = /star/u/sprastar/data05/11GeV/flag/root/pV1K_C036128E0EC9B5BA46A6B888DBFBAA3B_153.root
235 :: file = /star/u/sprastar/data05/11GeV/flag/root/pV1K_C036128E0EC9B5BA46A6B888DBFBAA3B_85.root
236 :: file = /star/u/sprastar/data05/11GeV/flag/root/pV1K_C036128E0EC9B5BA46A6B888DBFBAA3B_82.root
237 :: file = /star/u/sprastar/data05/11GeV/flag/root/pV1K_C036128E0EC9B5BA46A6B888DBFBAA3B_162.root
238 :: file = /star/u/sprastar/data05/11GeV/flag/root/pV1K_C036128E0EC9B5BA46A6B888DBFBAA3B_279.root
239 :: file = /star/u/sprastar/data05/11GeV/flag/root/pV1K_C036128E0EC9B5BA46A6B888DBFBAA3B_229.root
240 :: file = /star/u/sprastar/data05/11GeV/flag/root/pV1K_C036128E0EC9B5BA46A6B888DBFBAA3B_301.root
241 :: file = /star/u/sprastar/data05/11GeV/flag/root/pV1K_C036128E0EC9B5BA46A6B888DBFBAA3B_79.root
242 :: file = /star/u/sprastar/data05/11GeV/flag/root/pV1K_C036128E0EC9B5BA46A6B888DBFBAA3B_262.root
243 :: file = /star/u/sprastar/data05/11GeV/flag/root/pV1K_C036128E0EC9B5BA46A6B888DBFBAA3B_66.root
244 :: file = /star/u/sprastar/data05/11GeV/flag/root/pV1K_C036128E0EC9B5BA46A6B888DBFBAA3B_272.root
245 :: file = /star/u/sprastar/data05/11GeV/flag/root/pV1K_C036128E0EC9B5BA46A6B888DBFBAA3B_296.root
246 :: file = /star/u/sprastar/data05/11GeV/flag/root/pV1K_C036128E0EC9B5BA46A6B888DBFBAA3B_248.root
247 :: file = /star/u/sprastar/data05/11GeV/flag/root/pV1K_C036128E0EC9B5BA46A6B888DBFBAA3B_206.root
248 :: file = /star/u/sprastar/data05/11GeV/flag/root/pV1K_C036128E0EC9B5BA46A6B888DBFBAA3B_158.root
249 :: file = /star/u/sprastar/data05/11GeV/flag/root/pV1K_C036128E0EC9B5BA46A6B888DBFBAA3B_244.root
250 :: file = /star/u/sprastar/data05/11GeV/flag/root/pV1K_C036128E0EC9B5BA46A6B888DBFBAA3B_116.root
251 :: file = /star/u/sprastar/data05/11GeV/flag/root/pV1K_C036128E0EC9B5BA46A6B888DBFBAA3B_191.root
252 :: file = /star/u/sprastar/data05/11GeV/flag/root/pV1K_C036128E0EC9B5BA46A6B888DBFBAA3B_250.root
253 :: file = /star/u/sprastar/data05/11GeV/flag/root/pV1K_C036128E0EC9B5BA46A6B888DBFBAA3B_210.root
254 :: file = /star/u/sprastar/data05/11GeV/flag/root/pV1K_C036128E0EC9B5BA46A6B888DBFBAA3B_261.root
255 :: file = /star/u/sprastar/data05/11GeV/flag/root/pV1K_C036128E0EC9B5BA46A6B888DBFBAA3B_160.root
256 :: file = /star/u/sprastar/data05/11GeV/flag/root/pV1K_C036128E0EC9B5BA46A6B888DBFBAA3B_89.root
257 :: file = /star/u/sprastar/data05/11GeV/flag/root/pV1K_C036128E0EC9B5BA46A6B888DBFBAA3B_179.root
258 :: file = /star/u/sprastar/data05/11GeV/flag/root/pV1K_C036128E0EC9B5BA46A6B888DBFBAA3B_34.root
259 :: file = /star/u/sprastar/data05/11GeV/flag/root/pV1K_C036128E0EC9B5BA46A6B888DBFBAA3B_69.root
260 :: file = /star/u/sprastar/data05/11GeV/flag/root/pV1K_C036128E0EC9B5BA46A6B888DBFBAA3B_164.root
261 :: file = /star/u/sprastar/data05/11GeV/flag/root/pV1K_C036128E0EC9B5BA46A6B888DBFBAA3B_150.root
262 :: file = /star/u/sprastar/data05/11GeV/flag/root/pV1K_C036128E0EC9B5BA46A6B888DBFBAA3B_55.root
263 :: file = /star/u/sprastar/data05/11GeV/flag/root/pV1K_C036128E0EC9B5BA46A6B888DBFBAA3B_67.root
264 :: file = /star/u/sprastar/data05/11GeV/flag/root/pV1K_C036128E0EC9B5BA46A6B888DBFBAA3B_323.root
265 :: file = /star/u/sprastar/data05/11GeV/flag/root/pV1K_C036128E0EC9B5BA46A6B888DBFBAA3B_216.root
266 :: file = /star/u/sprastar/data05/11GeV/flag/root/pV1K_C036128E0EC9B5BA46A6B888DBFBAA3B_260.root
267 :: file = /star/u/sprastar/data05/11GeV/flag/root/pV1K_C036128E0EC9B5BA46A6B888DBFBAA3B_38.root
268 :: file = /star/u/sprastar/data05/11GeV/flag/root/pV1K_C036128E0EC9B5BA46A6B888DBFBAA3B_327.root
269 :: file = /star/u/sprastar/data05/11GeV/flag/root/pV1K_C036128E0EC9B5BA46A6B888DBFBAA3B_178.root
270 :: file = /star/u/sprastar/data05/11GeV/flag/root/pV1K_C036128E0EC9B5BA46A6B888DBFBAA3B_266.root
271 :: file = /star/u/sprastar/data05/11GeV/flag/root/pV1K_C036128E0EC9B5BA46A6B888DBFBAA3B_209.root
272 :: file = /star/u/sprastar/data05/11GeV/flag/root/pV1K_C036128E0EC9B5BA46A6B888DBFBAA3B_319.root
273 :: file = /star/u/sprastar/data05/11GeV/flag/root/pV1K_C036128E0EC9B5BA46A6B888DBFBAA3B_334.root
274 :: file = /star/u/sprastar/data05/11GeV/flag/root/pV1K_C036128E0EC9B5BA46A6B888DBFBAA3B_333.root
275 :: file = /star/u/sprastar/data05/11GeV/flag/root/pV1K_C036128E0EC9B5BA46A6B888DBFBAA3B_193.root
276 :: file = /star/u/sprastar/data05/11GeV/flag/root/pV1K_C036128E0EC9B5BA46A6B888DBFBAA3B_18.root
277 :: file = /star/u/sprastar/data05/11GeV/flag/root/pV1K_C036128E0EC9B5BA46A6B888DBFBAA3B_128.root
278 :: file = /star/u/sprastar/data05/11GeV/flag/root/pV1K_C036128E0EC9B5BA46A6B888DBFBAA3B_50.root
279 :: file = /star/u/sprastar/data05/11GeV/flag/root/pV1K_C036128E0EC9B5BA46A6B888DBFBAA3B_299.root
280 :: file = /star/u/sprastar/data05/11GeV/flag/root/pV1K_C036128E0EC9B5BA46A6B888DBFBAA3B_169.root
281 :: file = /star/u/sprastar/data05/11GeV/flag/root/pV1K_C036128E0EC9B5BA46A6B888DBFBAA3B_190.root
282 :: file = /star/u/sprastar/data05/11GeV/flag/root/pV1K_C036128E0EC9B5BA46A6B888DBFBAA3B_223.root
283 :: file = /star/u/sprastar/data05/11GeV/flag/root/pV1K_C036128E0EC9B5BA46A6B888DBFBAA3B_180.root
284 :: file = /star/u/sprastar/data05/11GeV/flag/root/pV1K_C036128E0EC9B5BA46A6B888DBFBAA3B_32.root
285 :: file = /star/u/sprastar/data05/11GeV/flag/root/pV1K_C036128E0EC9B5BA46A6B888DBFBAA3B_52.root
286 :: file = /star/u/sprastar/data05/11GeV/flag/root/pV1K_C036128E0EC9B5BA46A6B888DBFBAA3B_195.root
287 :: file = /star/u/sprastar/data05/11GeV/flag/root/pV1K_C036128E0EC9B5BA46A6B888DBFBAA3B_201.root
288 :: file = /star/u/sprastar/data05/11GeV/flag/root/pV1K_C036128E0EC9B5BA46A6B888DBFBAA3B_76.root
289 :: file = /star/u/sprastar/data05/11GeV/flag/root/pV1K_C036128E0EC9B5BA46A6B888DBFBAA3B_108.root
290 :: file = /star/u/sprastar/data05/11GeV/flag/root/pV1K_C036128E0EC9B5BA46A6B888DBFBAA3B_101.root
291 :: file = /star/u/sprastar/data05/11GeV/flag/root/pV1K_C036128E0EC9B5BA46A6B888DBFBAA3B_181.root
292 :: file = /star/u/sprastar/data05/11GeV/flag/root/pV1K_C036128E0EC9B5BA46A6B888DBFBAA3B_189.root
293 :: file = /star/u/sprastar/data05/11GeV/flag/root/pV1K_C036128E0EC9B5BA46A6B888DBFBAA3B_97.root
294 :: file = /star/u/sprastar/data05/11GeV/flag/root/pV1K_C036128E0EC9B5BA46A6B888DBFBAA3B_197.root
295 :: file = /star/u/sprastar/data05/11GeV/flag/root/pV1K_C036128E0EC9B5BA46A6B888DBFBAA3B_263.root
296 :: file = /star/u/sprastar/data05/11GeV/flag/root/pV1K_C036128E0EC9B5BA46A6B888DBFBAA3B_239.root
297 :: file = /star/u/sprastar/data05/11GeV/flag/root/pV1K_C036128E0EC9B5BA46A6B888DBFBAA3B_253.root
298 :: file = /star/u/sprastar/data05/11GeV/flag/root/pV1K_C036128E0EC9B5BA46A6B888DBFBAA3B_246.root
299 :: file = /star/u/sprastar/data05/11GeV/flag/root/pV1K_C036128E0EC9B5BA46A6B888DBFBAA3B_242.root
300 :: file = /star/u/sprastar/data05/11GeV/flag/root/pV1K_C036128E0EC9B5BA46A6B888DBFBAA3B_307.root
301 :: file = /star/u/sprastar/data05/11GeV/flag/root/pV1K_C036128E0EC9B5BA46A6B888DBFBAA3B_47.root
302 :: file = /star/u/sprastar/data05/11GeV/flag/root/pV1K_C036128E0EC9B5BA46A6B888DBFBAA3B_172.root
303 :: file = /star/u/sprastar/data05/11GeV/flag/root/pV1K_C036128E0EC9B5BA46A6B888DBFBAA3B_336.root
304 :: file = /star/u/sprastar/data05/11GeV/flag/root/pV1K_C036128E0EC9B5BA46A6B888DBFBAA3B_332.root
305 :: file = /star/u/sprastar/data05/11GeV/flag/root/pV1K_C036128E0EC9B5BA46A6B888DBFBAA3B_14.root
306 :: file = /star/u/sprastar/data05/11GeV/flag/root/pV1K_C036128E0EC9B5BA46A6B888DBFBAA3B_152.root
307 :: file = /star/u/sprastar/data05/11GeV/flag/root/pV1K_C036128E0EC9B5BA46A6B888DBFBAA3B_168.root
308 :: file = /star/u/sprastar/data05/11GeV/flag/root/pV1K_C036128E0EC9B5BA46A6B888DBFBAA3B_109.root
309 :: file = /star/u/sprastar/data05/11GeV/flag/root/pV1K_C036128E0EC9B5BA46A6B888DBFBAA3B_177.root
310 :: file = /star/u/sprastar/data05/11GeV/flag/root/pV1K_C036128E0EC9B5BA46A6B888DBFBAA3B_123.root
311 :: file = /star/u/sprastar/data05/11GeV/flag/root/pV1K_C036128E0EC9B5BA46A6B888DBFBAA3B_127.root
312 :: file = /star/u/sprastar/data05/11GeV/flag/root/pV1K_C036128E0EC9B5BA46A6B888DBFBAA3B_56.root
313 :: file = /star/u/sprastar/data05/11GeV/flag/root/pV1K_C036128E0EC9B5BA46A6B888DBFBAA3B_355.root
314 :: file = /star/u/sprastar/data05/11GeV/flag/root/pV1K_C036128E0EC9B5BA46A6B888DBFBAA3B_293.root
315 :: file = /star/u/sprastar/data05/11GeV/flag/root/pV1K_C036128E0EC9B5BA46A6B888DBFBAA3B_303.root
316 :: file = /star/u/sprastar/data05/11GeV/flag/root/pV1K_C036128E0EC9B5BA46A6B888DBFBAA3B_185.root
317 :: file = /star/u/sprastar/data05/11GeV/flag/root/pV1K_C036128E0EC9B5BA46A6B888DBFBAA3B_345.root
318 :: file = /star/u/sprastar/data05/11GeV/flag/root/pV1K_C036128E0EC9B5BA46A6B888DBFBAA3B_87.root
319 :: file = /star/u/sprastar/data05/11GeV/flag/root/pV1K_C036128E0EC9B5BA46A6B888DBFBAA3B_110.root
320 :: file = /star/u/sprastar/data05/11GeV/flag/root/pV1K_C036128E0EC9B5BA46A6B888DBFBAA3B_10.root
321 :: file = /star/u/sprastar/data05/11GeV/flag/root/pV1K_C036128E0EC9B5BA46A6B888DBFBAA3B_343.root
322 :: file = /star/u/sprastar/data05/11GeV/flag/root/pV1K_C036128E0EC9B5BA46A6B888DBFBAA3B_213.root
323 :: file = /star/u/sprastar/data05/11GeV/flag/root/pV1K_C036128E0EC9B5BA46A6B888DBFBAA3B_142.root
324 :: file = /star/u/sprastar/data05/11GeV/flag/root/pV1K_C036128E0EC9B5BA46A6B888DBFBAA3B_35.root
325 :: file = /star/u/sprastar/data05/11GeV/flag/root/pV1K_C036128E0EC9B5BA46A6B888DBFBAA3B_72.root
326 :: file = /star/u/sprastar/data05/11GeV/flag/root/pV1K_C036128E0EC9B5BA46A6B888DBFBAA3B_361.root
327 :: file = /star/u/sprastar/data05/11GeV/flag/root/pV1K_C036128E0EC9B5BA46A6B888DBFBAA3B_214.root
328 :: file = /star/u/sprastar/data05/11GeV/flag/root/pV1K_C036128E0EC9B5BA46A6B888DBFBAA3B_187.root
329 :: file = /star/u/sprastar/data05/11GeV/flag/root/pV1K_C036128E0EC9B5BA46A6B888DBFBAA3B_366.root
330 :: file = /star/u/sprastar/data05/11GeV/flag/root/pV1K_C036128E0EC9B5BA46A6B888DBFBAA3B_114.root
331 :: file = /star/u/sprastar/data05/11GeV/flag/root/pV1K_C036128E0EC9B5BA46A6B888DBFBAA3B_120.root
332 :: file = /star/u/sprastar/data05/11GeV/flag/root/pV1K_C036128E0EC9B5BA46A6B888DBFBAA3B_16.root
333 :: file = /star/u/sprastar/data05/11GeV/flag/root/pV1K_C036128E0EC9B5BA46A6B888DBFBAA3B_100.root
334 :: file = /star/u/sprastar/data05/11GeV/flag/root/pV1K_C036128E0EC9B5BA46A6B888DBFBAA3B_40.root
335 :: file = /star/u/sprastar/data05/11GeV/flag/root/pV1K_C036128E0EC9B5BA46A6B888DBFBAA3B_11.root
336 :: file = /star/u/sprastar/data05/11GeV/flag/root/pV1K_C036128E0EC9B5BA46A6B888DBFBAA3B_220.root
337 :: file = /star/u/sprastar/data05/11GeV/flag/root/pV1K_C036128E0EC9B5BA46A6B888DBFBAA3B_134.root
338 :: file = /star/u/sprastar/data05/11GeV/flag/root/pV1K_C036128E0EC9B5BA46A6B888DBFBAA3B_256.root
339 :: file = /star/u/sprastar/data05/11GeV/flag/root/pV1K_C036128E0EC9B5BA46A6B888DBFBAA3B_277.root
340 :: file = /star/u/sprastar/data05/11GeV/flag/root/pV1K_C036128E0EC9B5BA46A6B888DBFBAA3B_232.root
341 :: file = /star/u/sprastar/data05/11GeV/flag/root/pV1K_C036128E0EC9B5BA46A6B888DBFBAA3B_238.root
342 :: file = /star/u/sprastar/data05/11GeV/flag/root/pV1K_C036128E0EC9B5BA46A6B888DBFBAA3B_138.root
343 :: file = /star/u/sprastar/data05/11GeV/flag/root/pV1K_C036128E0EC9B5BA46A6B888DBFBAA3B_151.root
344 :: file = /star/u/sprastar/data05/11GeV/flag/root/pV1K_C036128E0EC9B5BA46A6B888DBFBAA3B_80.root
345 :: file = /star/u/sprastar/data05/11GeV/flag/root/pV1K_C036128E0EC9B5BA46A6B888DBFBAA3B_281.root
346 :: file = /star/u/sprastar/data05/11GeV/flag/root/pV1K_C036128E0EC9B5BA46A6B888DBFBAA3B_324.root
347 :: file = /star/u/sprastar/data05/11GeV/flag/root/pV1K_C036128E0EC9B5BA46A6B888DBFBAA3B_291.root
348 :: file = /star/u/sprastar/data05/11GeV/flag/root/pV1K_C036128E0EC9B5BA46A6B888DBFBAA3B_113.root
349 :: file = /star/u/sprastar/data05/11GeV/flag/root/pV1K_C036128E0EC9B5BA46A6B888DBFBAA3B_21.root
350 :: file = /star/u/sprastar/data05/11GeV/flag/root/pV1K_C036128E0EC9B5BA46A6B888DBFBAA3B_131.root
351 :: file = /star/u/sprastar/data05/11GeV/flag/root/pV1K_C036128E0EC9B5BA46A6B888DBFBAA3B_4.root
352 :: file = /star/u/sprastar/data05/11GeV/flag/root/pV1K_C036128E0EC9B5BA46A6B888DBFBAA3B_313.root
353 :: file = /star/u/sprastar/data05/11GeV/flag/root/pV1K_C036128E0EC9B5BA46A6B888DBFBAA3B_278.root
354 :: file = /star/u/sprastar/data05/11GeV/flag/root/pV1K_C036128E0EC9B5BA46A6B888DBFBAA3B_1.root
355 :: file = /star/u/sprastar/data05/11GeV/flag/root/pV1K_C036128E0EC9B5BA46A6B888DBFBAA3B_156.root
356 :: file = /star/u/sprastar/data05/11GeV/flag/root/pV1K_C036128E0EC9B5BA46A6B888DBFBAA3B_312.root
357 :: file = /star/u/sprastar/data05/11GeV/flag/root/pV1K_C036128E0EC9B5BA46A6B888DBFBAA3B_284.root
358 :: file = /star/u/sprastar/data05/11GeV/flag/root/pV1K_C036128E0EC9B5BA46A6B888DBFBAA3B_251.root
359 :: file = /star/u/sprastar/data05/11GeV/flag/root/pV1K_C036128E0EC9B5BA46A6B888DBFBAA3B_325.root
360 :: file = /star/u/sprastar/data05/11GeV/flag/root/pV1K_C036128E0EC9B5BA46A6B888DBFBAA3B_92.root
361 :: file = /star/u/sprastar/data05/11GeV/flag/root/pV1K_C036128E0EC9B5BA46A6B888DBFBAA3B_44.root
362 :: file = /star/u/sprastar/data05/11GeV/flag/root/pV1K_C036128E0EC9B5BA46A6B888DBFBAA3B_328.root
363 :: file = /star/u/sprastar/data05/11GeV/flag/root/pV1K_C036128E0EC9B5BA46A6B888DBFBAA3B_143.root
364 :: file = /star/u/sprastar/data05/11GeV/flag/root/pV1K_C036128E0EC9B5BA46A6B888DBFBAA3B_271.root
365 :: file = /star/u/sprastar/data05/11GeV/flag/root/pV1K_C036128E0EC9B5BA46A6B888DBFBAA3B_198.root
366 :: file = /star/u/sprastar/data05/11GeV/flag/root/pV1K_C036128E0EC9B5BA46A6B888DBFBAA3B_91.root
367 :: file = /star/u/sprastar/data05/11GeV/flag/root/pV1K_C036128E0EC9B5BA46A6B888DBFBAA3B_341.root
368 :: file = /star/u/sprastar/data05/11GeV/flag/root/pV1K_C036128E0EC9B5BA46A6B888DBFBAA3B_93.root
369 :: file = /star/u/sprastar/data05/11GeV/flag/root/pV1K_C036128E0EC9B5BA46A6B888DBFBAA3B_347.root
138464438
0
1000000
2000000
3000000
4000000
5000000
6000000
7000000
8000000
9000000
10000000
11000000
12000000
13000000
14000000
15000000
16000000
17000000
18000000
19000000
20000000
21000000
22000000
23000000
24000000
25000000
26000000
27000000
28000000
29000000
30000000
31000000
32000000
33000000
34000000
35000000
36000000
37000000
38000000
39000000
40000000
41000000
42000000
43000000
44000000
45000000
46000000
47000000
48000000
49000000
50000000
51000000
52000000
53000000
54000000
55000000
56000000
57000000
58000000
59000000
60000000
61000000
62000000
63000000
64000000
65000000
66000000
67000000
68000000
69000000
70000000
71000000
72000000
73000000
74000000
75000000
76000000
77000000
78000000
79000000
80000000
81000000
82000000
83000000
84000000
85000000
86000000
87000000
88000000
89000000
90000000
91000000
92000000
93000000
94000000
95000000
96000000
97000000
98000000
99000000
100000000
101000000
102000000
103000000
104000000
105000000
106000000
107000000
108000000
109000000
110000000
111000000
112000000
113000000
114000000
115000000
116000000
117000000
118000000
119000000
120000000
121000000
122000000
123000000
124000000
125000000
126000000
127000000
128000000
129000000
130000000
131000000
132000000
133000000
134000000
135000000
136000000
137000000
138000000

This is the end of ROOT -- Goodbye

