  *******************************************
  *                                         *
  *        W E L C O M E  to  R O O T       *
  *                                         *
  *   Version   5.34/09      26 June 2013   *
  *                                         *
  *  You are welcome to visit our Web site  *
  *          http://root.cern.ch            *
  *                                         *
  *******************************************

ROOT 5.34/09 (v5-34-09@v5-34-09, Jun 26 2013, 17:10:36 on linux)

CINT/ROOT C/C++ Interpreter version 5.18.00, July 2, 2010
Type ? for help. Commands must be C++ statements.
Enclose multiple statements between { }.
*** Float Point Exception is OFF ***
 *** Start at Date : Mon Dec 14 15:07:07 2015
QAInfo:You are using STAR_LEVEL : pro, ROOT_LEVEL : 5.34.09 and node : rcas6006.rcf.bnl.gov 
0 :: file = /star/u/sprastar/data05/11GeV/flag/root/pV1L_80D83245626E6AC08DCF6032DD6A78F8_308.root
1 :: file = /star/u/sprastar/data05/11GeV/flag/root/pV1L_80D83245626E6AC08DCF6032DD6A78F8_340.root
2 :: file = /star/u/sprastar/data05/11GeV/flag/root/pV1L_80D83245626E6AC08DCF6032DD6A78F8_350.root
3 :: file = /star/u/sprastar/data05/11GeV/flag/root/pV1L_80D83245626E6AC08DCF6032DD6A78F8_253.root
4 :: file = /star/u/sprastar/data05/11GeV/flag/root/pV1L_80D83245626E6AC08DCF6032DD6A78F8_329.root
5 :: file = /star/u/sprastar/data05/11GeV/flag/root/pV1L_80D83245626E6AC08DCF6032DD6A78F8_92.root
6 :: file = /star/u/sprastar/data05/11GeV/flag/root/pV1L_80D83245626E6AC08DCF6032DD6A78F8_314.root
7 :: file = /star/u/sprastar/data05/11GeV/flag/root/pV1L_80D83245626E6AC08DCF6032DD6A78F8_173.root
8 :: file = /star/u/sprastar/data05/11GeV/flag/root/pV1L_80D83245626E6AC08DCF6032DD6A78F8_90.root
9 :: file = /star/u/sprastar/data05/11GeV/flag/root/pV1L_80D83245626E6AC08DCF6032DD6A78F8_175.root
10 :: file = /star/u/sprastar/data05/11GeV/flag/root/pV1L_80D83245626E6AC08DCF6032DD6A78F8_68.root
11 :: file = /star/u/sprastar/data05/11GeV/flag/root/pV1L_80D83245626E6AC08DCF6032DD6A78F8_131.root
12 :: file = /star/u/sprastar/data05/11GeV/flag/root/pV1L_80D83245626E6AC08DCF6032DD6A78F8_8.root
13 :: file = /star/u/sprastar/data05/11GeV/flag/root/pV1L_80D83245626E6AC08DCF6032DD6A78F8_149.root
14 :: file = /star/u/sprastar/data05/11GeV/flag/root/pV1L_80D83245626E6AC08DCF6032DD6A78F8_95.root
15 :: file = /star/u/sprastar/data05/11GeV/flag/root/pV1L_80D83245626E6AC08DCF6032DD6A78F8_64.root
16 :: file = /star/u/sprastar/data05/11GeV/flag/root/pV1L_80D83245626E6AC08DCF6032DD6A78F8_132.root
17 :: file = /star/u/sprastar/data05/11GeV/flag/root/pV1L_80D83245626E6AC08DCF6032DD6A78F8_176.root
18 :: file = /star/u/sprastar/data05/11GeV/flag/root/pV1L_80D83245626E6AC08DCF6032DD6A78F8_77.root
19 :: file = /star/u/sprastar/data05/11GeV/flag/root/pV1L_80D83245626E6AC08DCF6032DD6A78F8_140.root
20 :: file = /star/u/sprastar/data05/11GeV/flag/root/pV1L_80D83245626E6AC08DCF6032DD6A78F8_59.root
21 :: file = /star/u/sprastar/data05/11GeV/flag/root/pV1L_80D83245626E6AC08DCF6032DD6A78F8_62.root
22 :: file = /star/u/sprastar/data05/11GeV/flag/root/pV1L_80D83245626E6AC08DCF6032DD6A78F8_222.root
23 :: file = /star/u/sprastar/data05/11GeV/flag/root/pV1L_80D83245626E6AC08DCF6032DD6A78F8_214.root
24 :: file = /star/u/sprastar/data05/11GeV/flag/root/pV1L_80D83245626E6AC08DCF6032DD6A78F8_113.root
25 :: file = /star/u/sprastar/data05/11GeV/flag/root/pV1L_80D83245626E6AC08DCF6032DD6A78F8_218.root
26 :: file = /star/u/sprastar/data05/11GeV/flag/root/pV1L_80D83245626E6AC08DCF6032DD6A78F8_136.root
27 :: file = /star/u/sprastar/data05/11GeV/flag/root/pV1L_80D83245626E6AC08DCF6032DD6A78F8_25.root
28 :: file = /star/u/sprastar/data05/11GeV/flag/root/pV1L_80D83245626E6AC08DCF6032DD6A78F8_125.root
29 :: file = /star/u/sprastar/data05/11GeV/flag/root/pV1L_80D83245626E6AC08DCF6032DD6A78F8_204.root
30 :: file = /star/u/sprastar/data05/11GeV/flag/root/pV1L_80D83245626E6AC08DCF6032DD6A78F8_163.root
31 :: file = /star/u/sprastar/data05/11GeV/flag/root/pV1L_80D83245626E6AC08DCF6032DD6A78F8_71.root
32 :: file = /star/u/sprastar/data05/11GeV/flag/root/pV1L_80D83245626E6AC08DCF6032DD6A78F8_81.root
33 :: file = /star/u/sprastar/data05/11GeV/flag/root/pV1L_80D83245626E6AC08DCF6032DD6A78F8_192.root
34 :: file = /star/u/sprastar/data05/11GeV/flag/root/pV1L_80D83245626E6AC08DCF6032DD6A78F8_18.root
35 :: file = /star/u/sprastar/data05/11GeV/flag/root/pV1L_80D83245626E6AC08DCF6032DD6A78F8_24.root
36 :: file = /star/u/sprastar/data05/11GeV/flag/root/pV1L_80D83245626E6AC08DCF6032DD6A78F8_51.root
37 :: file = /star/u/sprastar/data05/11GeV/flag/root/pV1L_80D83245626E6AC08DCF6032DD6A78F8_75.root
38 :: file = /star/u/sprastar/data05/11GeV/flag/root/pV1L_80D83245626E6AC08DCF6032DD6A78F8_82.root
39 :: file = /star/u/sprastar/data05/11GeV/flag/root/pV1L_80D83245626E6AC08DCF6032DD6A78F8_343.root
40 :: file = /star/u/sprastar/data05/11GeV/flag/root/pV1L_80D83245626E6AC08DCF6032DD6A78F8_67.root
41 :: file = /star/u/sprastar/data05/11GeV/flag/root/pV1L_80D83245626E6AC08DCF6032DD6A78F8_2.root
42 :: file = /star/u/sprastar/data05/11GeV/flag/root/pV1L_80D83245626E6AC08DCF6032DD6A78F8_133.root
43 :: file = /star/u/sprastar/data05/11GeV/flag/root/pV1L_80D83245626E6AC08DCF6032DD6A78F8_251.root
44 :: file = /star/u/sprastar/data05/11GeV/flag/root/pV1L_80D83245626E6AC08DCF6032DD6A78F8_296.root
45 :: file = /star/u/sprastar/data05/11GeV/flag/root/pV1L_80D83245626E6AC08DCF6032DD6A78F8_278.root
46 :: file = /star/u/sprastar/data05/11GeV/flag/root/pV1L_80D83245626E6AC08DCF6032DD6A78F8_310.root
47 :: file = /star/u/sprastar/data05/11GeV/flag/root/pV1L_80D83245626E6AC08DCF6032DD6A78F8_235.root
48 :: file = /star/u/sprastar/data05/11GeV/flag/root/pV1L_80D83245626E6AC08DCF6032DD6A78F8_298.root
49 :: file = /star/u/sprastar/data05/11GeV/flag/root/pV1L_80D83245626E6AC08DCF6032DD6A78F8_349.root
50 :: file = /star/u/sprastar/data05/11GeV/flag/root/pV1L_80D83245626E6AC08DCF6032DD6A78F8_363.root
51 :: file = /star/u/sprastar/data05/11GeV/flag/root/pV1L_80D83245626E6AC08DCF6032DD6A78F8_294.root
52 :: file = /star/u/sprastar/data05/11GeV/flag/root/pV1L_80D83245626E6AC08DCF6032DD6A78F8_311.root
53 :: file = /star/u/sprastar/data05/11GeV/flag/root/pV1L_80D83245626E6AC08DCF6032DD6A78F8_366.root
54 :: file = /star/u/sprastar/data05/11GeV/flag/root/pV1L_80D83245626E6AC08DCF6032DD6A78F8_282.root
55 :: file = /star/u/sprastar/data05/11GeV/flag/root/pV1L_80D83245626E6AC08DCF6032DD6A78F8_368.root
56 :: file = /star/u/sprastar/data05/11GeV/flag/root/pV1L_80D83245626E6AC08DCF6032DD6A78F8_293.root
57 :: file = /star/u/sprastar/data05/11GeV/flag/root/pV1L_80D83245626E6AC08DCF6032DD6A78F8_320.root
58 :: file = /star/u/sprastar/data05/11GeV/flag/root/pV1L_80D83245626E6AC08DCF6032DD6A78F8_134.root
59 :: file = /star/u/sprastar/data05/11GeV/flag/root/pV1L_80D83245626E6AC08DCF6032DD6A78F8_280.root
60 :: file = /star/u/sprastar/data05/11GeV/flag/root/pV1L_80D83245626E6AC08DCF6032DD6A78F8_319.root
61 :: file = /star/u/sprastar/data05/11GeV/flag/root/pV1L_80D83245626E6AC08DCF6032DD6A78F8_109.root
62 :: file = /star/u/sprastar/data05/11GeV/flag/root/pV1L_80D83245626E6AC08DCF6032DD6A78F8_29.root
63 :: file = /star/u/sprastar/data05/11GeV/flag/root/pV1L_80D83245626E6AC08DCF6032DD6A78F8_91.root
64 :: file = /star/u/sprastar/data05/11GeV/flag/root/pV1L_80D83245626E6AC08DCF6032DD6A78F8_129.root
65 :: file = /star/u/sprastar/data05/11GeV/flag/root/pV1L_80D83245626E6AC08DCF6032DD6A78F8_148.root
66 :: file = /star/u/sprastar/data05/11GeV/flag/root/pV1L_80D83245626E6AC08DCF6032DD6A78F8_151.root
67 :: file = /star/u/sprastar/data05/11GeV/flag/root/pV1L_80D83245626E6AC08DCF6032DD6A78F8_97.root
68 :: file = /star/u/sprastar/data05/11GeV/flag/root/pV1L_80D83245626E6AC08DCF6032DD6A78F8_50.root
69 :: file = /star/u/sprastar/data05/11GeV/flag/root/pV1L_80D83245626E6AC08DCF6032DD6A78F8_39.root
70 :: file = /star/u/sprastar/data05/11GeV/flag/root/pV1L_80D83245626E6AC08DCF6032DD6A78F8_98.root
71 :: file = /star/u/sprastar/data05/11GeV/flag/root/pV1L_80D83245626E6AC08DCF6032DD6A78F8_43.root
72 :: file = /star/u/sprastar/data05/11GeV/flag/root/pV1L_80D83245626E6AC08DCF6032DD6A78F8_184.root
73 :: file = /star/u/sprastar/data05/11GeV/flag/root/pV1L_80D83245626E6AC08DCF6032DD6A78F8_210.root
74 :: file = /star/u/sprastar/data05/11GeV/flag/root/pV1L_80D83245626E6AC08DCF6032DD6A78F8_190.root
75 :: file = /star/u/sprastar/data05/11GeV/flag/root/pV1L_80D83245626E6AC08DCF6032DD6A78F8_80.root
76 :: file = /star/u/sprastar/data05/11GeV/flag/root/pV1L_80D83245626E6AC08DCF6032DD6A78F8_27.root
77 :: file = /star/u/sprastar/data05/11GeV/flag/root/pV1L_80D83245626E6AC08DCF6032DD6A78F8_181.root
78 :: file = /star/u/sprastar/data05/11GeV/flag/root/pV1L_80D83245626E6AC08DCF6032DD6A78F8_74.root
79 :: file = /star/u/sprastar/data05/11GeV/flag/root/pV1L_80D83245626E6AC08DCF6032DD6A78F8_150.root
80 :: file = /star/u/sprastar/data05/11GeV/flag/root/pV1L_80D83245626E6AC08DCF6032DD6A78F8_9.root
81 :: file = /star/u/sprastar/data05/11GeV/flag/root/pV1L_80D83245626E6AC08DCF6032DD6A78F8_22.root
82 :: file = /star/u/sprastar/data05/11GeV/flag/root/pV1L_80D83245626E6AC08DCF6032DD6A78F8_48.root
83 :: file = /star/u/sprastar/data05/11GeV/flag/root/pV1L_80D83245626E6AC08DCF6032DD6A78F8_101.root
84 :: file = /star/u/sprastar/data05/11GeV/flag/root/pV1L_80D83245626E6AC08DCF6032DD6A78F8_72.root
85 :: file = /star/u/sprastar/data05/11GeV/flag/root/pV1L_80D83245626E6AC08DCF6032DD6A78F8_11.root
86 :: file = /star/u/sprastar/data05/11GeV/flag/root/pV1L_80D83245626E6AC08DCF6032DD6A78F8_196.root
87 :: file = /star/u/sprastar/data05/11GeV/flag/root/pV1L_80D83245626E6AC08DCF6032DD6A78F8_279.root
88 :: file = /star/u/sprastar/data05/11GeV/flag/root/pV1L_80D83245626E6AC08DCF6032DD6A78F8_289.root
89 :: file = /star/u/sprastar/data05/11GeV/flag/root/pV1L_80D83245626E6AC08DCF6032DD6A78F8_352.root
90 :: file = /star/u/sprastar/data05/11GeV/flag/root/pV1L_80D83245626E6AC08DCF6032DD6A78F8_275.root
91 :: file = /star/u/sprastar/data05/11GeV/flag/root/pV1L_80D83245626E6AC08DCF6032DD6A78F8_305.root
92 :: file = /star/u/sprastar/data05/11GeV/flag/root/pV1L_80D83245626E6AC08DCF6032DD6A78F8_353.root
93 :: file = /star/u/sprastar/data05/11GeV/flag/root/pV1L_80D83245626E6AC08DCF6032DD6A78F8_256.root
94 :: file = /star/u/sprastar/data05/11GeV/flag/root/pV1L_80D83245626E6AC08DCF6032DD6A78F8_104.root
95 :: file = /star/u/sprastar/data05/11GeV/flag/root/pV1L_80D83245626E6AC08DCF6032DD6A78F8_300.root
96 :: file = /star/u/sprastar/data05/11GeV/flag/root/pV1L_80D83245626E6AC08DCF6032DD6A78F8_215.root
97 :: file = /star/u/sprastar/data05/11GeV/flag/root/pV1L_80D83245626E6AC08DCF6032DD6A78F8_231.root
98 :: file = /star/u/sprastar/data05/11GeV/flag/root/pV1L_80D83245626E6AC08DCF6032DD6A78F8_227.root
99 :: file = /star/u/sprastar/data05/11GeV/flag/root/pV1L_80D83245626E6AC08DCF6032DD6A78F8_284.root
100 :: file = /star/u/sprastar/data05/11GeV/flag/root/pV1L_80D83245626E6AC08DCF6032DD6A78F8_247.root
101 :: file = /star/u/sprastar/data05/11GeV/flag/root/pV1L_80D83245626E6AC08DCF6032DD6A78F8_290.root
102 :: file = /star/u/sprastar/data05/11GeV/flag/root/pV1L_80D83245626E6AC08DCF6032DD6A78F8_313.root
103 :: file = /star/u/sprastar/data05/11GeV/flag/root/pV1L_80D83245626E6AC08DCF6032DD6A78F8_38.root
104 :: file = /star/u/sprastar/data05/11GeV/flag/root/pV1L_80D83245626E6AC08DCF6032DD6A78F8_160.root
105 :: file = /star/u/sprastar/data05/11GeV/flag/root/pV1L_80D83245626E6AC08DCF6032DD6A78F8_359.root
106 :: file = /star/u/sprastar/data05/11GeV/flag/root/pV1L_80D83245626E6AC08DCF6032DD6A78F8_114.root
107 :: file = /star/u/sprastar/data05/11GeV/flag/root/pV1L_80D83245626E6AC08DCF6032DD6A78F8_30.root
108 :: file = /star/u/sprastar/data05/11GeV/flag/root/pV1L_80D83245626E6AC08DCF6032DD6A78F8_116.root
109 :: file = /star/u/sprastar/data05/11GeV/flag/root/pV1L_80D83245626E6AC08DCF6032DD6A78F8_96.root
110 :: file = /star/u/sprastar/data05/11GeV/flag/root/pV1L_80D83245626E6AC08DCF6032DD6A78F8_115.root
111 :: file = /star/u/sprastar/data05/11GeV/flag/root/pV1L_80D83245626E6AC08DCF6032DD6A78F8_44.root
112 :: file = /star/u/sprastar/data05/11GeV/flag/root/pV1L_80D83245626E6AC08DCF6032DD6A78F8_3.root
113 :: file = /star/u/sprastar/data05/11GeV/flag/root/pV1L_80D83245626E6AC08DCF6032DD6A78F8_57.root
114 :: file = /star/u/sprastar/data05/11GeV/flag/root/pV1L_80D83245626E6AC08DCF6032DD6A78F8_36.root
115 :: file = /star/u/sprastar/data05/11GeV/flag/root/pV1L_80D83245626E6AC08DCF6032DD6A78F8_123.root
116 :: file = /star/u/sprastar/data05/11GeV/flag/root/pV1L_80D83245626E6AC08DCF6032DD6A78F8_126.root
117 :: file = /star/u/sprastar/data05/11GeV/flag/root/pV1L_80D83245626E6AC08DCF6032DD6A78F8_32.root
118 :: file = /star/u/sprastar/data05/11GeV/flag/root/pV1L_80D83245626E6AC08DCF6032DD6A78F8_107.root
119 :: file = /star/u/sprastar/data05/11GeV/flag/root/pV1L_80D83245626E6AC08DCF6032DD6A78F8_119.root
120 :: file = /star/u/sprastar/data05/11GeV/flag/root/pV1L_80D83245626E6AC08DCF6032DD6A78F8_17.root
121 :: file = /star/u/sprastar/data05/11GeV/flag/root/pV1L_80D83245626E6AC08DCF6032DD6A78F8_106.root
122 :: file = /star/u/sprastar/data05/11GeV/flag/root/pV1L_80D83245626E6AC08DCF6032DD6A78F8_183.root
123 :: file = /star/u/sprastar/data05/11GeV/flag/root/pV1L_80D83245626E6AC08DCF6032DD6A78F8_143.root
124 :: file = /star/u/sprastar/data05/11GeV/flag/root/pV1L_80D83245626E6AC08DCF6032DD6A78F8_61.root
125 :: file = /star/u/sprastar/data05/11GeV/flag/root/pV1L_80D83245626E6AC08DCF6032DD6A78F8_6.root
126 :: file = /star/u/sprastar/data05/11GeV/flag/root/pV1L_80D83245626E6AC08DCF6032DD6A78F8_205.root
127 :: file = /star/u/sprastar/data05/11GeV/flag/root/pV1L_80D83245626E6AC08DCF6032DD6A78F8_219.root
128 :: file = /star/u/sprastar/data05/11GeV/flag/root/pV1L_80D83245626E6AC08DCF6032DD6A78F8_187.root
129 :: file = /star/u/sprastar/data05/11GeV/flag/root/pV1L_80D83245626E6AC08DCF6032DD6A78F8_78.root
130 :: file = /star/u/sprastar/data05/11GeV/flag/root/pV1L_80D83245626E6AC08DCF6032DD6A78F8_120.root
131 :: file = /star/u/sprastar/data05/11GeV/flag/root/pV1L_80D83245626E6AC08DCF6032DD6A78F8_302.root
132 :: file = /star/u/sprastar/data05/11GeV/flag/root/pV1L_80D83245626E6AC08DCF6032DD6A78F8_295.root
133 :: file = /star/u/sprastar/data05/11GeV/flag/root/pV1L_80D83245626E6AC08DCF6032DD6A78F8_228.root
134 :: file = /star/u/sprastar/data05/11GeV/flag/root/pV1L_80D83245626E6AC08DCF6032DD6A78F8_236.root
135 :: file = /star/u/sprastar/data05/11GeV/flag/root/pV1L_80D83245626E6AC08DCF6032DD6A78F8_303.root
136 :: file = /star/u/sprastar/data05/11GeV/flag/root/pV1L_80D83245626E6AC08DCF6032DD6A78F8_238.root
137 :: file = /star/u/sprastar/data05/11GeV/flag/root/pV1L_80D83245626E6AC08DCF6032DD6A78F8_285.root
138 :: file = /star/u/sprastar/data05/11GeV/flag/root/pV1L_80D83245626E6AC08DCF6032DD6A78F8_312.root
139 :: file = /star/u/sprastar/data05/11GeV/flag/root/pV1L_80D83245626E6AC08DCF6032DD6A78F8_322.root
140 :: file = /star/u/sprastar/data05/11GeV/flag/root/pV1L_80D83245626E6AC08DCF6032DD6A78F8_272.root
141 :: file = /star/u/sprastar/data05/11GeV/flag/root/pV1L_80D83245626E6AC08DCF6032DD6A78F8_250.root
142 :: file = /star/u/sprastar/data05/11GeV/flag/root/pV1L_80D83245626E6AC08DCF6032DD6A78F8_341.root
143 :: file = /star/u/sprastar/data05/11GeV/flag/root/pV1L_80D83245626E6AC08DCF6032DD6A78F8_334.root
144 :: file = /star/u/sprastar/data05/11GeV/flag/root/pV1L_80D83245626E6AC08DCF6032DD6A78F8_347.root
145 :: file = /star/u/sprastar/data05/11GeV/flag/root/pV1L_80D83245626E6AC08DCF6032DD6A78F8_358.root
146 :: file = /star/u/sprastar/data05/11GeV/flag/root/pV1L_80D83245626E6AC08DCF6032DD6A78F8_267.root
147 :: file = /star/u/sprastar/data05/11GeV/flag/root/pV1L_80D83245626E6AC08DCF6032DD6A78F8_243.root
148 :: file = /star/u/sprastar/data05/11GeV/flag/root/pV1L_80D83245626E6AC08DCF6032DD6A78F8_292.root
149 :: file = /star/u/sprastar/data05/11GeV/flag/root/pV1L_80D83245626E6AC08DCF6032DD6A78F8_355.root
150 :: file = /star/u/sprastar/data05/11GeV/flag/root/pV1L_80D83245626E6AC08DCF6032DD6A78F8_41.root
151 :: file = /star/u/sprastar/data05/11GeV/flag/root/pV1L_80D83245626E6AC08DCF6032DD6A78F8_167.root
152 :: file = /star/u/sprastar/data05/11GeV/flag/root/pV1L_80D83245626E6AC08DCF6032DD6A78F8_53.root
153 :: file = /star/u/sprastar/data05/11GeV/flag/root/pV1L_80D83245626E6AC08DCF6032DD6A78F8_165.root
154 :: file = /star/u/sprastar/data05/11GeV/flag/root/pV1L_80D83245626E6AC08DCF6032DD6A78F8_188.root
155 :: file = /star/u/sprastar/data05/11GeV/flag/root/pV1L_80D83245626E6AC08DCF6032DD6A78F8_223.root
156 :: file = /star/u/sprastar/data05/11GeV/flag/root/pV1L_80D83245626E6AC08DCF6032DD6A78F8_7.root
157 :: file = /star/u/sprastar/data05/11GeV/flag/root/pV1L_80D83245626E6AC08DCF6032DD6A78F8_103.root
158 :: file = /star/u/sprastar/data05/11GeV/flag/root/pV1L_80D83245626E6AC08DCF6032DD6A78F8_15.root
159 :: file = /star/u/sprastar/data05/11GeV/flag/root/pV1L_80D83245626E6AC08DCF6032DD6A78F8_88.root
160 :: file = /star/u/sprastar/data05/11GeV/flag/root/pV1L_80D83245626E6AC08DCF6032DD6A78F8_142.root
161 :: file = /star/u/sprastar/data05/11GeV/flag/root/pV1L_80D83245626E6AC08DCF6032DD6A78F8_65.root
162 :: file = /star/u/sprastar/data05/11GeV/flag/root/pV1L_80D83245626E6AC08DCF6032DD6A78F8_26.root
163 :: file = /star/u/sprastar/data05/11GeV/flag/root/pV1L_80D83245626E6AC08DCF6032DD6A78F8_40.root
164 :: file = /star/u/sprastar/data05/11GeV/flag/root/pV1L_80D83245626E6AC08DCF6032DD6A78F8_137.root
165 :: file = /star/u/sprastar/data05/11GeV/flag/root/pV1L_80D83245626E6AC08DCF6032DD6A78F8_112.root
166 :: file = /star/u/sprastar/data05/11GeV/flag/root/pV1L_80D83245626E6AC08DCF6032DD6A78F8_76.root
167 :: file = /star/u/sprastar/data05/11GeV/flag/root/pV1L_80D83245626E6AC08DCF6032DD6A78F8_35.root
168 :: file = /star/u/sprastar/data05/11GeV/flag/root/pV1L_80D83245626E6AC08DCF6032DD6A78F8_171.root
169 :: file = /star/u/sprastar/data05/11GeV/flag/root/pV1L_80D83245626E6AC08DCF6032DD6A78F8_216.root
170 :: file = /star/u/sprastar/data05/11GeV/flag/root/pV1L_80D83245626E6AC08DCF6032DD6A78F8_139.root
171 :: file = /star/u/sprastar/data05/11GeV/flag/root/pV1L_80D83245626E6AC08DCF6032DD6A78F8_56.root
172 :: file = /star/u/sprastar/data05/11GeV/flag/root/pV1L_80D83245626E6AC08DCF6032DD6A78F8_130.root
173 :: file = /star/u/sprastar/data05/11GeV/flag/root/pV1L_80D83245626E6AC08DCF6032DD6A78F8_155.root
174 :: file = /star/u/sprastar/data05/11GeV/flag/root/pV1L_80D83245626E6AC08DCF6032DD6A78F8_108.root
175 :: file = /star/u/sprastar/data05/11GeV/flag/root/pV1L_80D83245626E6AC08DCF6032DD6A78F8_213.root
176 :: file = /star/u/sprastar/data05/11GeV/flag/root/pV1L_80D83245626E6AC08DCF6032DD6A78F8_14.root
177 :: file = /star/u/sprastar/data05/11GeV/flag/root/pV1L_80D83245626E6AC08DCF6032DD6A78F8_286.root
178 :: file = /star/u/sprastar/data05/11GeV/flag/root/pV1L_80D83245626E6AC08DCF6032DD6A78F8_326.root
179 :: file = /star/u/sprastar/data05/11GeV/flag/root/pV1L_80D83245626E6AC08DCF6032DD6A78F8_161.root
180 :: file = /star/u/sprastar/data05/11GeV/flag/root/pV1L_80D83245626E6AC08DCF6032DD6A78F8_291.root
181 :: file = /star/u/sprastar/data05/11GeV/flag/root/pV1L_80D83245626E6AC08DCF6032DD6A78F8_356.root
182 :: file = /star/u/sprastar/data05/11GeV/flag/root/pV1L_80D83245626E6AC08DCF6032DD6A78F8_265.root
183 :: file = /star/u/sprastar/data05/11GeV/flag/root/pV1L_80D83245626E6AC08DCF6032DD6A78F8_351.root
184 :: file = /star/u/sprastar/data05/11GeV/flag/root/pV1L_80D83245626E6AC08DCF6032DD6A78F8_333.root
185 :: file = /star/u/sprastar/data05/11GeV/flag/root/pV1L_80D83245626E6AC08DCF6032DD6A78F8_342.root
186 :: file = /star/u/sprastar/data05/11GeV/flag/root/pV1L_80D83245626E6AC08DCF6032DD6A78F8_317.root
187 :: file = /star/u/sprastar/data05/11GeV/flag/root/pV1L_80D83245626E6AC08DCF6032DD6A78F8_249.root
188 :: file = /star/u/sprastar/data05/11GeV/flag/root/pV1L_80D83245626E6AC08DCF6032DD6A78F8_271.root
189 :: file = /star/u/sprastar/data05/11GeV/flag/root/pV1L_80D83245626E6AC08DCF6032DD6A78F8_170.root
190 :: file = /star/u/sprastar/data05/11GeV/flag/root/pV1L_80D83245626E6AC08DCF6032DD6A78F8_159.root
191 :: file = /star/u/sprastar/data05/11GeV/flag/root/pV1L_80D83245626E6AC08DCF6032DD6A78F8_47.root
192 :: file = /star/u/sprastar/data05/11GeV/flag/root/pV1L_80D83245626E6AC08DCF6032DD6A78F8_147.root
193 :: file = /star/u/sprastar/data05/11GeV/flag/root/pV1L_80D83245626E6AC08DCF6032DD6A78F8_99.root
194 :: file = /star/u/sprastar/data05/11GeV/flag/root/pV1L_80D83245626E6AC08DCF6032DD6A78F8_203.root
195 :: file = /star/u/sprastar/data05/11GeV/flag/root/pV1L_80D83245626E6AC08DCF6032DD6A78F8_212.root
196 :: file = /star/u/sprastar/data05/11GeV/flag/root/pV1L_80D83245626E6AC08DCF6032DD6A78F8_37.root
197 :: file = /star/u/sprastar/data05/11GeV/flag/root/pV1L_80D83245626E6AC08DCF6032DD6A78F8_10.root
198 :: file = /star/u/sprastar/data05/11GeV/flag/root/pV1L_80D83245626E6AC08DCF6032DD6A78F8_360.root
199 :: file = /star/u/sprastar/data05/11GeV/flag/root/pV1L_80D83245626E6AC08DCF6032DD6A78F8_266.root
200 :: file = /star/u/sprastar/data05/11GeV/flag/root/pV1L_80D83245626E6AC08DCF6032DD6A78F8_179.root
201 :: file = /star/u/sprastar/data05/11GeV/flag/root/pV1L_80D83245626E6AC08DCF6032DD6A78F8_127.root
202 :: file = /star/u/sprastar/data05/11GeV/flag/root/pV1L_80D83245626E6AC08DCF6032DD6A78F8_33.root
203 :: file = /star/u/sprastar/data05/11GeV/flag/root/pV1L_80D83245626E6AC08DCF6032DD6A78F8_158.root
204 :: file = /star/u/sprastar/data05/11GeV/flag/root/pV1L_80D83245626E6AC08DCF6032DD6A78F8_12.root
205 :: file = /star/u/sprastar/data05/11GeV/flag/root/pV1L_80D83245626E6AC08DCF6032DD6A78F8_209.root
206 :: file = /star/u/sprastar/data05/11GeV/flag/root/pV1L_80D83245626E6AC08DCF6032DD6A78F8_198.root
207 :: file = /star/u/sprastar/data05/11GeV/flag/root/pV1L_80D83245626E6AC08DCF6032DD6A78F8_217.root
208 :: file = /star/u/sprastar/data05/11GeV/flag/root/pV1L_80D83245626E6AC08DCF6032DD6A78F8_86.root
209 :: file = /star/u/sprastar/data05/11GeV/flag/root/pV1L_80D83245626E6AC08DCF6032DD6A78F8_277.root
210 :: file = /star/u/sprastar/data05/11GeV/flag/root/pV1L_80D83245626E6AC08DCF6032DD6A78F8_237.root
211 :: file = /star/u/sprastar/data05/11GeV/flag/root/pV1L_80D83245626E6AC08DCF6032DD6A78F8_306.root
212 :: file = /star/u/sprastar/data05/11GeV/flag/root/pV1L_80D83245626E6AC08DCF6032DD6A78F8_153.root
213 :: file = /star/u/sprastar/data05/11GeV/flag/root/pV1L_80D83245626E6AC08DCF6032DD6A78F8_316.root
214 :: file = /star/u/sprastar/data05/11GeV/flag/root/pV1L_80D83245626E6AC08DCF6032DD6A78F8_233.root
215 :: file = /star/u/sprastar/data05/11GeV/flag/root/pV1L_80D83245626E6AC08DCF6032DD6A78F8_254.root
216 :: file = /star/u/sprastar/data05/11GeV/flag/root/pV1L_80D83245626E6AC08DCF6032DD6A78F8_362.root
217 :: file = /star/u/sprastar/data05/11GeV/flag/root/pV1L_80D83245626E6AC08DCF6032DD6A78F8_274.root
218 :: file = /star/u/sprastar/data05/11GeV/flag/root/pV1L_80D83245626E6AC08DCF6032DD6A78F8_242.root
219 :: file = /star/u/sprastar/data05/11GeV/flag/root/pV1L_80D83245626E6AC08DCF6032DD6A78F8_239.root
220 :: file = /star/u/sprastar/data05/11GeV/flag/root/pV1L_80D83245626E6AC08DCF6032DD6A78F8_262.root
221 :: file = /star/u/sprastar/data05/11GeV/flag/root/pV1L_80D83245626E6AC08DCF6032DD6A78F8_260.root
222 :: file = /star/u/sprastar/data05/11GeV/flag/root/pV1L_80D83245626E6AC08DCF6032DD6A78F8_268.root
223 :: file = /star/u/sprastar/data05/11GeV/flag/root/pV1L_80D83245626E6AC08DCF6032DD6A78F8_318.root
224 :: file = /star/u/sprastar/data05/11GeV/flag/root/pV1L_80D83245626E6AC08DCF6032DD6A78F8_94.root
225 :: file = /star/u/sprastar/data05/11GeV/flag/root/pV1L_80D83245626E6AC08DCF6032DD6A78F8_172.root
226 :: file = /star/u/sprastar/data05/11GeV/flag/root/pV1L_80D83245626E6AC08DCF6032DD6A78F8_42.root
227 :: file = /star/u/sprastar/data05/11GeV/flag/root/pV1L_80D83245626E6AC08DCF6032DD6A78F8_100.root
228 :: file = /star/u/sprastar/data05/11GeV/flag/root/pV1L_80D83245626E6AC08DCF6032DD6A78F8_269.root
229 :: file = /star/u/sprastar/data05/11GeV/flag/root/pV1L_80D83245626E6AC08DCF6032DD6A78F8_156.root
230 :: file = /star/u/sprastar/data05/11GeV/flag/root/pV1L_80D83245626E6AC08DCF6032DD6A78F8_221.root
231 :: file = /star/u/sprastar/data05/11GeV/flag/root/pV1L_80D83245626E6AC08DCF6032DD6A78F8_118.root
232 :: file = /star/u/sprastar/data05/11GeV/flag/root/pV1L_80D83245626E6AC08DCF6032DD6A78F8_28.root
233 :: file = /star/u/sprastar/data05/11GeV/flag/root/pV1L_80D83245626E6AC08DCF6032DD6A78F8_5.root
234 :: file = /star/u/sprastar/data05/11GeV/flag/root/pV1L_80D83245626E6AC08DCF6032DD6A78F8_141.root
235 :: file = /star/u/sprastar/data05/11GeV/flag/root/pV1L_80D83245626E6AC08DCF6032DD6A78F8_135.root
236 :: file = /star/u/sprastar/data05/11GeV/flag/root/pV1L_80D83245626E6AC08DCF6032DD6A78F8_13.root
237 :: file = /star/u/sprastar/data05/11GeV/flag/root/pV1L_80D83245626E6AC08DCF6032DD6A78F8_199.root
238 :: file = /star/u/sprastar/data05/11GeV/flag/root/pV1L_80D83245626E6AC08DCF6032DD6A78F8_52.root
239 :: file = /star/u/sprastar/data05/11GeV/flag/root/pV1L_80D83245626E6AC08DCF6032DD6A78F8_23.root
240 :: file = /star/u/sprastar/data05/11GeV/flag/root/pV1L_80D83245626E6AC08DCF6032DD6A78F8_144.root
241 :: file = /star/u/sprastar/data05/11GeV/flag/root/pV1L_80D83245626E6AC08DCF6032DD6A78F8_110.root
242 :: file = /star/u/sprastar/data05/11GeV/flag/root/pV1L_80D83245626E6AC08DCF6032DD6A78F8_16.root
243 :: file = /star/u/sprastar/data05/11GeV/flag/root/pV1L_80D83245626E6AC08DCF6032DD6A78F8_89.root
244 :: file = /star/u/sprastar/data05/11GeV/flag/root/pV1L_80D83245626E6AC08DCF6032DD6A78F8_73.root
245 :: file = /star/u/sprastar/data05/11GeV/flag/root/pV1L_80D83245626E6AC08DCF6032DD6A78F8_102.root
246 :: file = /star/u/sprastar/data05/11GeV/flag/root/pV1L_80D83245626E6AC08DCF6032DD6A78F8_202.root
247 :: file = /star/u/sprastar/data05/11GeV/flag/root/pV1L_80D83245626E6AC08DCF6032DD6A78F8_201.root
248 :: file = /star/u/sprastar/data05/11GeV/flag/root/pV1L_80D83245626E6AC08DCF6032DD6A78F8_195.root
249 :: file = /star/u/sprastar/data05/11GeV/flag/root/pV1L_80D83245626E6AC08DCF6032DD6A78F8_220.root
250 :: file = /star/u/sprastar/data05/11GeV/flag/root/pV1L_80D83245626E6AC08DCF6032DD6A78F8_19.root
251 :: file = /star/u/sprastar/data05/11GeV/flag/root/pV1L_80D83245626E6AC08DCF6032DD6A78F8_288.root
252 :: file = /star/u/sprastar/data05/11GeV/flag/root/pV1L_80D83245626E6AC08DCF6032DD6A78F8_207.root
253 :: file = /star/u/sprastar/data05/11GeV/flag/root/pV1L_80D83245626E6AC08DCF6032DD6A78F8_287.root
254 :: file = /star/u/sprastar/data05/11GeV/flag/root/pV1L_80D83245626E6AC08DCF6032DD6A78F8_31.root
255 :: file = /star/u/sprastar/data05/11GeV/flag/root/pV1L_80D83245626E6AC08DCF6032DD6A78F8_197.root
256 :: file = /star/u/sprastar/data05/11GeV/flag/root/pV1L_80D83245626E6AC08DCF6032DD6A78F8_309.root
257 :: file = /star/u/sprastar/data05/11GeV/flag/root/pV1L_80D83245626E6AC08DCF6032DD6A78F8_234.root
258 :: file = /star/u/sprastar/data05/11GeV/flag/root/pV1L_80D83245626E6AC08DCF6032DD6A78F8_345.root
259 :: file = /star/u/sprastar/data05/11GeV/flag/root/pV1L_80D83245626E6AC08DCF6032DD6A78F8_336.root
260 :: file = /star/u/sprastar/data05/11GeV/flag/root/pV1L_80D83245626E6AC08DCF6032DD6A78F8_240.root
261 :: file = /star/u/sprastar/data05/11GeV/flag/root/pV1L_80D83245626E6AC08DCF6032DD6A78F8_339.root
262 :: file = /star/u/sprastar/data05/11GeV/flag/root/pV1L_80D83245626E6AC08DCF6032DD6A78F8_323.root
263 :: file = /star/u/sprastar/data05/11GeV/flag/root/pV1L_80D83245626E6AC08DCF6032DD6A78F8_276.root
264 :: file = /star/u/sprastar/data05/11GeV/flag/root/pV1L_80D83245626E6AC08DCF6032DD6A78F8_270.root
265 :: file = /star/u/sprastar/data05/11GeV/flag/root/pV1L_80D83245626E6AC08DCF6032DD6A78F8_338.root
266 :: file = /star/u/sprastar/data05/11GeV/flag/root/pV1L_80D83245626E6AC08DCF6032DD6A78F8_232.root
267 :: file = /star/u/sprastar/data05/11GeV/flag/root/pV1L_80D83245626E6AC08DCF6032DD6A78F8_365.root
268 :: file = /star/u/sprastar/data05/11GeV/flag/root/pV1L_80D83245626E6AC08DCF6032DD6A78F8_357.root
269 :: file = /star/u/sprastar/data05/11GeV/flag/root/pV1L_80D83245626E6AC08DCF6032DD6A78F8_241.root
270 :: file = /star/u/sprastar/data05/11GeV/flag/root/pV1L_80D83245626E6AC08DCF6032DD6A78F8_315.root
271 :: file = /star/u/sprastar/data05/11GeV/flag/root/pV1L_80D83245626E6AC08DCF6032DD6A78F8_258.root
272 :: file = /star/u/sprastar/data05/11GeV/flag/root/pV1L_80D83245626E6AC08DCF6032DD6A78F8_327.root
273 :: file = /star/u/sprastar/data05/11GeV/flag/root/pV1L_80D83245626E6AC08DCF6032DD6A78F8_369.root
274 :: file = /star/u/sprastar/data05/11GeV/flag/root/pV1L_80D83245626E6AC08DCF6032DD6A78F8_367.root
275 :: file = /star/u/sprastar/data05/11GeV/flag/root/pV1L_80D83245626E6AC08DCF6032DD6A78F8_273.root
276 :: file = /star/u/sprastar/data05/11GeV/flag/root/pV1L_80D83245626E6AC08DCF6032DD6A78F8_177.root
277 :: file = /star/u/sprastar/data05/11GeV/flag/root/pV1L_80D83245626E6AC08DCF6032DD6A78F8_34.root
278 :: file = /star/u/sprastar/data05/11GeV/flag/root/pV1L_80D83245626E6AC08DCF6032DD6A78F8_168.root
279 :: file = /star/u/sprastar/data05/11GeV/flag/root/pV1L_80D83245626E6AC08DCF6032DD6A78F8_166.root
280 :: file = /star/u/sprastar/data05/11GeV/flag/root/pV1L_80D83245626E6AC08DCF6032DD6A78F8_154.root
281 :: file = /star/u/sprastar/data05/11GeV/flag/root/pV1L_80D83245626E6AC08DCF6032DD6A78F8_66.root
282 :: file = /star/u/sprastar/data05/11GeV/flag/root/pV1L_80D83245626E6AC08DCF6032DD6A78F8_60.root
283 :: file = /star/u/sprastar/data05/11GeV/flag/root/pV1L_80D83245626E6AC08DCF6032DD6A78F8_145.root
284 :: file = /star/u/sprastar/data05/11GeV/flag/root/pV1L_80D83245626E6AC08DCF6032DD6A78F8_157.root
285 :: file = /star/u/sprastar/data05/11GeV/flag/root/pV1L_80D83245626E6AC08DCF6032DD6A78F8_49.root
286 :: file = /star/u/sprastar/data05/11GeV/flag/root/pV1L_80D83245626E6AC08DCF6032DD6A78F8_1.root
287 :: file = /star/u/sprastar/data05/11GeV/flag/root/pV1L_80D83245626E6AC08DCF6032DD6A78F8_83.root
288 :: file = /star/u/sprastar/data05/11GeV/flag/root/pV1L_80D83245626E6AC08DCF6032DD6A78F8_226.root
289 :: file = /star/u/sprastar/data05/11GeV/flag/root/pV1L_80D83245626E6AC08DCF6032DD6A78F8_299.root
290 :: file = /star/u/sprastar/data05/11GeV/flag/root/pV1L_80D83245626E6AC08DCF6032DD6A78F8_152.root
291 :: file = /star/u/sprastar/data05/11GeV/flag/root/pV1L_80D83245626E6AC08DCF6032DD6A78F8_185.root
292 :: file = /star/u/sprastar/data05/11GeV/flag/root/pV1L_80D83245626E6AC08DCF6032DD6A78F8_63.root
293 :: file = /star/u/sprastar/data05/11GeV/flag/root/pV1L_80D83245626E6AC08DCF6032DD6A78F8_121.root
294 :: file = /star/u/sprastar/data05/11GeV/flag/root/pV1L_80D83245626E6AC08DCF6032DD6A78F8_122.root
295 :: file = /star/u/sprastar/data05/11GeV/flag/root/pV1L_80D83245626E6AC08DCF6032DD6A78F8_70.root
296 :: file = /star/u/sprastar/data05/11GeV/flag/root/pV1L_80D83245626E6AC08DCF6032DD6A78F8_180.root
297 :: file = /star/u/sprastar/data05/11GeV/flag/root/pV1L_80D83245626E6AC08DCF6032DD6A78F8_55.root
298 :: file = /star/u/sprastar/data05/11GeV/flag/root/pV1L_80D83245626E6AC08DCF6032DD6A78F8_0.root
299 :: file = /star/u/sprastar/data05/11GeV/flag/root/pV1L_80D83245626E6AC08DCF6032DD6A78F8_200.root
300 :: file = /star/u/sprastar/data05/11GeV/flag/root/pV1L_80D83245626E6AC08DCF6032DD6A78F8_20.root
301 :: file = /star/u/sprastar/data05/11GeV/flag/root/pV1L_80D83245626E6AC08DCF6032DD6A78F8_117.root
302 :: file = /star/u/sprastar/data05/11GeV/flag/root/pV1L_80D83245626E6AC08DCF6032DD6A78F8_211.root
303 :: file = /star/u/sprastar/data05/11GeV/flag/root/pV1L_80D83245626E6AC08DCF6032DD6A78F8_178.root
304 :: file = /star/u/sprastar/data05/11GeV/flag/root/pV1L_80D83245626E6AC08DCF6032DD6A78F8_194.root
305 :: file = /star/u/sprastar/data05/11GeV/flag/root/pV1L_80D83245626E6AC08DCF6032DD6A78F8_186.root
306 :: file = /star/u/sprastar/data05/11GeV/flag/root/pV1L_80D83245626E6AC08DCF6032DD6A78F8_189.root
307 :: file = /star/u/sprastar/data05/11GeV/flag/root/pV1L_80D83245626E6AC08DCF6032DD6A78F8_105.root
308 :: file = /star/u/sprastar/data05/11GeV/flag/root/pV1L_80D83245626E6AC08DCF6032DD6A78F8_259.root
309 :: file = /star/u/sprastar/data05/11GeV/flag/root/pV1L_80D83245626E6AC08DCF6032DD6A78F8_354.root
310 :: file = /star/u/sprastar/data05/11GeV/flag/root/pV1L_80D83245626E6AC08DCF6032DD6A78F8_332.root
311 :: file = /star/u/sprastar/data05/11GeV/flag/root/pV1L_80D83245626E6AC08DCF6032DD6A78F8_321.root
312 :: file = /star/u/sprastar/data05/11GeV/flag/root/pV1L_80D83245626E6AC08DCF6032DD6A78F8_346.root
313 :: file = /star/u/sprastar/data05/11GeV/flag/root/pV1L_80D83245626E6AC08DCF6032DD6A78F8_245.root
314 :: file = /star/u/sprastar/data05/11GeV/flag/root/pV1L_80D83245626E6AC08DCF6032DD6A78F8_348.root
315 :: file = /star/u/sprastar/data05/11GeV/flag/root/pV1L_80D83245626E6AC08DCF6032DD6A78F8_263.root
316 :: file = /star/u/sprastar/data05/11GeV/flag/root/pV1L_80D83245626E6AC08DCF6032DD6A78F8_229.root
317 :: file = /star/u/sprastar/data05/11GeV/flag/root/pV1L_80D83245626E6AC08DCF6032DD6A78F8_255.root
318 :: file = /star/u/sprastar/data05/11GeV/flag/root/pV1L_80D83245626E6AC08DCF6032DD6A78F8_230.root
319 :: file = /star/u/sprastar/data05/11GeV/flag/root/pV1L_80D83245626E6AC08DCF6032DD6A78F8_246.root
320 :: file = /star/u/sprastar/data05/11GeV/flag/root/pV1L_80D83245626E6AC08DCF6032DD6A78F8_364.root
321 :: file = /star/u/sprastar/data05/11GeV/flag/root/pV1L_80D83245626E6AC08DCF6032DD6A78F8_304.root
322 :: file = /star/u/sprastar/data05/11GeV/flag/root/pV1L_80D83245626E6AC08DCF6032DD6A78F8_252.root
323 :: file = /star/u/sprastar/data05/11GeV/flag/root/pV1L_80D83245626E6AC08DCF6032DD6A78F8_335.root
324 :: file = /star/u/sprastar/data05/11GeV/flag/root/pV1L_80D83245626E6AC08DCF6032DD6A78F8_337.root
325 :: file = /star/u/sprastar/data05/11GeV/flag/root/pV1L_80D83245626E6AC08DCF6032DD6A78F8_361.root
326 :: file = /star/u/sprastar/data05/11GeV/flag/root/pV1L_80D83245626E6AC08DCF6032DD6A78F8_248.root
327 :: file = /star/u/sprastar/data05/11GeV/flag/root/pV1L_80D83245626E6AC08DCF6032DD6A78F8_244.root
328 :: file = /star/u/sprastar/data05/11GeV/flag/root/pV1L_80D83245626E6AC08DCF6032DD6A78F8_325.root
329 :: file = /star/u/sprastar/data05/11GeV/flag/root/pV1L_80D83245626E6AC08DCF6032DD6A78F8_164.root
330 :: file = /star/u/sprastar/data05/11GeV/flag/root/pV1L_80D83245626E6AC08DCF6032DD6A78F8_169.root
331 :: file = /star/u/sprastar/data05/11GeV/flag/root/pV1L_80D83245626E6AC08DCF6032DD6A78F8_174.root
332 :: file = /star/u/sprastar/data05/11GeV/flag/root/pV1L_80D83245626E6AC08DCF6032DD6A78F8_93.root
333 :: file = /star/u/sprastar/data05/11GeV/flag/root/pV1L_80D83245626E6AC08DCF6032DD6A78F8_84.root
334 :: file = /star/u/sprastar/data05/11GeV/flag/root/pV1L_80D83245626E6AC08DCF6032DD6A78F8_257.root
335 :: file = /star/u/sprastar/data05/11GeV/flag/root/pV1L_80D83245626E6AC08DCF6032DD6A78F8_224.root
336 :: file = /star/u/sprastar/data05/11GeV/flag/root/pV1L_80D83245626E6AC08DCF6032DD6A78F8_45.root
337 :: file = /star/u/sprastar/data05/11GeV/flag/root/pV1L_80D83245626E6AC08DCF6032DD6A78F8_191.root
338 :: file = /star/u/sprastar/data05/11GeV/flag/root/pV1L_80D83245626E6AC08DCF6032DD6A78F8_21.root
339 :: file = /star/u/sprastar/data05/11GeV/flag/root/pV1L_80D83245626E6AC08DCF6032DD6A78F8_138.root
340 :: file = /star/u/sprastar/data05/11GeV/flag/root/pV1L_80D83245626E6AC08DCF6032DD6A78F8_4.root
341 :: file = /star/u/sprastar/data05/11GeV/flag/root/pV1L_80D83245626E6AC08DCF6032DD6A78F8_87.root
342 :: file = /star/u/sprastar/data05/11GeV/flag/root/pV1L_80D83245626E6AC08DCF6032DD6A78F8_206.root
343 :: file = /star/u/sprastar/data05/11GeV/flag/root/pV1L_80D83245626E6AC08DCF6032DD6A78F8_79.root
344 :: file = /star/u/sprastar/data05/11GeV/flag/root/pV1L_80D83245626E6AC08DCF6032DD6A78F8_146.root
345 :: file = /star/u/sprastar/data05/11GeV/flag/root/pV1L_80D83245626E6AC08DCF6032DD6A78F8_111.root
346 :: file = /star/u/sprastar/data05/11GeV/flag/root/pV1L_80D83245626E6AC08DCF6032DD6A78F8_225.root
347 :: file = /star/u/sprastar/data05/11GeV/flag/root/pV1L_80D83245626E6AC08DCF6032DD6A78F8_54.root
348 :: file = /star/u/sprastar/data05/11GeV/flag/root/pV1L_80D83245626E6AC08DCF6032DD6A78F8_46.root
349 :: file = /star/u/sprastar/data05/11GeV/flag/root/pV1L_80D83245626E6AC08DCF6032DD6A78F8_58.root
350 :: file = /star/u/sprastar/data05/11GeV/flag/root/pV1L_80D83245626E6AC08DCF6032DD6A78F8_193.root
351 :: file = /star/u/sprastar/data05/11GeV/flag/root/pV1L_80D83245626E6AC08DCF6032DD6A78F8_128.root
352 :: file = /star/u/sprastar/data05/11GeV/flag/root/pV1L_80D83245626E6AC08DCF6032DD6A78F8_182.root
353 :: file = /star/u/sprastar/data05/11GeV/flag/root/pV1L_80D83245626E6AC08DCF6032DD6A78F8_69.root
354 :: file = /star/u/sprastar/data05/11GeV/flag/root/pV1L_80D83245626E6AC08DCF6032DD6A78F8_124.root
355 :: file = /star/u/sprastar/data05/11GeV/flag/root/pV1L_80D83245626E6AC08DCF6032DD6A78F8_208.root
356 :: file = /star/u/sprastar/data05/11GeV/flag/root/pV1L_80D83245626E6AC08DCF6032DD6A78F8_85.root
357 :: file = /star/u/sprastar/data05/11GeV/flag/root/pV1L_80D83245626E6AC08DCF6032DD6A78F8_297.root
358 :: file = /star/u/sprastar/data05/11GeV/flag/root/pV1L_80D83245626E6AC08DCF6032DD6A78F8_283.root
359 :: file = /star/u/sprastar/data05/11GeV/flag/root/pV1L_80D83245626E6AC08DCF6032DD6A78F8_331.root
360 :: file = /star/u/sprastar/data05/11GeV/flag/root/pV1L_80D83245626E6AC08DCF6032DD6A78F8_162.root
361 :: file = /star/u/sprastar/data05/11GeV/flag/root/pV1L_80D83245626E6AC08DCF6032DD6A78F8_330.root
362 :: file = /star/u/sprastar/data05/11GeV/flag/root/pV1L_80D83245626E6AC08DCF6032DD6A78F8_307.root
363 :: file = /star/u/sprastar/data05/11GeV/flag/root/pV1L_80D83245626E6AC08DCF6032DD6A78F8_301.root
364 :: file = /star/u/sprastar/data05/11GeV/flag/root/pV1L_80D83245626E6AC08DCF6032DD6A78F8_281.root
365 :: file = /star/u/sprastar/data05/11GeV/flag/root/pV1L_80D83245626E6AC08DCF6032DD6A78F8_344.root
366 :: file = /star/u/sprastar/data05/11GeV/flag/root/pV1L_80D83245626E6AC08DCF6032DD6A78F8_264.root
367 :: file = /star/u/sprastar/data05/11GeV/flag/root/pV1L_80D83245626E6AC08DCF6032DD6A78F8_261.root
368 :: file = /star/u/sprastar/data05/11GeV/flag/root/pV1L_80D83245626E6AC08DCF6032DD6A78F8_328.root
369 :: file = /star/u/sprastar/data05/11GeV/flag/root/pV1L_80D83245626E6AC08DCF6032DD6A78F8_324.root
1737724914
0
1000000
2000000
3000000
4000000
5000000
6000000
7000000
8000000
9000000
10000000
11000000
12000000
13000000
14000000
15000000
16000000
17000000
18000000
19000000
20000000
21000000
22000000
23000000
24000000
25000000
26000000
27000000
28000000
29000000
30000000
31000000
32000000
33000000
34000000
35000000
36000000
37000000
38000000
39000000
40000000
41000000
42000000
43000000
44000000
45000000
46000000
47000000
48000000
49000000
50000000
51000000
52000000
53000000
54000000
55000000
56000000
57000000
58000000
59000000
60000000
61000000
62000000
63000000
64000000
65000000
66000000
67000000
68000000
69000000
70000000
71000000
72000000
73000000
74000000
75000000
76000000
77000000
78000000
79000000
80000000
81000000
82000000
83000000
84000000
85000000
86000000
87000000
88000000
89000000
90000000
91000000
92000000
93000000
94000000
95000000
96000000
97000000
98000000
99000000
100000000
101000000
102000000
103000000
104000000
105000000
106000000
107000000
108000000
109000000
110000000
111000000
112000000
113000000
114000000
115000000
116000000
117000000
118000000
119000000
120000000
121000000
122000000
123000000
124000000
125000000
126000000
127000000
128000000
129000000
130000000
131000000
132000000
133000000
134000000
135000000
136000000
137000000
138000000
139000000
140000000
141000000
142000000
143000000
144000000
145000000
146000000
147000000
148000000
149000000
150000000
151000000
152000000
153000000
154000000
155000000
156000000
157000000
158000000
159000000
160000000
161000000
162000000
163000000
164000000
165000000
166000000
167000000
168000000
169000000
170000000
171000000
172000000
173000000
174000000
175000000
176000000
177000000
178000000
179000000
180000000
181000000
182000000
183000000
184000000
185000000
186000000
187000000
188000000
189000000
190000000
191000000
192000000
193000000
194000000
195000000
196000000
197000000
198000000
199000000
200000000
201000000
202000000
203000000
204000000
205000000
206000000
207000000
208000000
209000000
210000000
211000000
212000000
213000000
214000000
215000000
216000000
217000000
218000000
219000000
220000000
221000000
222000000
223000000
224000000
225000000
226000000
227000000
228000000
229000000
230000000
231000000
232000000
233000000
234000000
235000000
236000000
237000000
238000000
239000000
240000000
241000000
242000000
243000000
244000000
245000000
246000000
247000000
248000000
249000000
250000000
251000000
252000000
253000000
254000000
255000000
256000000
257000000
258000000
259000000
260000000
261000000
262000000
263000000
264000000
265000000
266000000
267000000
268000000
269000000
270000000
271000000
272000000
273000000
274000000
275000000
276000000
277000000
278000000
279000000
280000000
281000000
282000000
283000000
284000000
285000000
286000000
287000000
288000000
289000000
290000000
291000000
292000000
293000000
294000000
295000000
296000000
297000000
298000000
299000000
300000000
301000000
302000000
303000000
304000000
305000000
306000000
307000000
308000000
309000000
310000000
311000000
312000000
313000000
314000000
315000000
316000000
317000000
318000000
319000000
320000000
321000000
322000000
323000000
324000000
325000000
326000000
327000000
328000000
329000000
330000000
331000000
332000000
333000000
334000000
335000000
336000000
337000000
338000000
339000000
340000000
341000000
342000000
343000000
344000000
345000000
346000000
347000000
348000000
349000000
350000000
351000000
352000000
353000000
354000000
355000000
356000000
357000000
358000000
359000000
360000000
361000000
362000000
363000000
364000000
365000000
366000000
367000000
368000000
369000000
370000000
371000000
372000000
373000000
374000000
375000000
376000000
377000000
378000000
379000000
380000000
381000000
382000000
383000000
384000000
385000000
386000000
387000000
388000000
389000000
390000000
391000000
392000000
393000000
394000000
395000000
396000000
397000000
398000000
399000000
400000000
401000000
402000000
403000000
404000000
405000000
406000000
407000000
408000000
409000000
410000000
411000000
412000000
413000000
414000000
415000000
416000000
417000000
418000000
419000000
420000000
421000000
422000000
423000000
424000000
425000000
426000000
427000000
428000000
429000000
430000000
431000000
432000000
433000000
434000000
435000000
436000000
437000000
438000000
439000000
440000000
441000000
442000000
443000000
444000000
445000000
446000000
447000000
448000000
449000000
450000000
451000000
452000000
453000000
454000000
455000000
456000000
457000000
458000000
459000000
460000000
461000000
462000000
463000000
464000000
465000000
466000000
467000000
468000000
469000000
470000000
471000000
472000000
473000000
474000000
475000000
476000000
477000000
478000000
479000000
480000000
481000000
482000000
483000000
484000000
485000000
486000000
487000000
488000000
489000000
490000000
491000000
492000000
493000000
494000000
495000000
496000000
497000000
498000000
499000000
500000000
501000000
502000000
503000000
504000000
505000000
506000000
507000000
508000000
509000000
510000000
511000000
512000000
513000000
514000000
515000000
516000000
517000000
518000000
519000000
520000000
521000000
522000000
523000000
524000000
525000000
526000000
527000000
528000000
529000000
530000000
531000000
532000000
533000000
534000000
535000000
536000000
537000000
538000000
539000000
540000000
541000000
542000000
543000000
544000000
545000000
546000000
547000000
548000000
549000000
550000000
551000000
552000000
553000000
554000000
555000000
556000000
557000000
558000000
559000000
560000000
561000000
562000000
563000000
564000000
565000000
566000000
567000000
568000000
569000000
570000000
571000000
572000000
573000000
574000000
575000000
576000000
577000000
578000000
579000000
580000000
581000000
582000000
583000000
584000000
585000000
586000000
587000000
588000000
589000000
590000000
591000000
592000000
593000000
594000000
595000000
596000000
597000000
598000000
599000000
600000000
601000000
602000000
603000000
604000000
605000000
606000000
607000000
608000000
609000000
610000000
611000000
612000000
613000000
614000000
615000000
616000000
617000000
618000000
619000000
620000000
621000000
622000000
623000000
624000000
625000000
626000000
627000000
628000000
629000000
630000000
631000000
632000000
633000000
634000000
635000000
636000000
637000000
638000000
639000000
640000000
641000000
642000000
643000000
644000000
645000000
646000000
647000000
648000000
649000000
650000000
651000000
652000000
653000000
654000000
655000000
656000000
657000000
658000000
659000000
660000000
661000000
662000000
663000000
664000000
665000000
666000000
667000000
668000000
669000000
670000000
671000000
672000000
673000000
674000000
675000000
676000000
677000000
678000000
679000000
680000000
681000000
682000000
683000000
684000000
685000000
686000000
687000000
688000000
689000000
690000000
691000000
692000000
693000000
694000000
695000000
696000000
697000000
698000000
699000000
700000000
701000000
702000000
703000000
704000000
705000000
706000000
707000000
708000000
709000000
710000000
711000000
712000000
713000000
714000000
715000000
716000000
717000000
718000000
719000000
720000000
721000000
722000000
723000000
724000000
725000000
726000000
727000000
728000000
729000000
730000000
731000000
732000000
733000000
734000000
735000000
736000000
737000000
738000000
739000000
740000000
741000000
742000000
743000000
744000000
745000000
746000000
747000000
748000000
749000000
750000000
751000000
752000000
753000000
754000000
755000000
756000000
757000000
758000000
759000000
760000000
761000000
762000000
763000000
764000000
765000000
766000000
767000000
768000000
769000000
770000000
771000000
772000000
773000000
774000000
775000000
776000000
777000000
778000000
779000000
780000000
781000000
782000000
783000000
784000000
785000000
786000000
787000000
788000000
789000000
790000000
791000000
792000000
793000000
794000000
795000000
796000000
797000000
798000000
799000000
800000000
801000000
802000000
803000000
804000000
805000000
806000000
807000000
808000000
809000000
810000000
811000000
812000000
813000000
814000000
815000000
816000000
817000000
818000000
819000000
820000000
821000000
822000000
823000000
824000000
825000000
826000000
827000000
828000000
829000000
830000000
831000000
832000000
833000000
834000000
835000000
836000000
837000000
838000000
839000000
840000000
841000000
842000000
843000000
844000000
845000000
846000000
847000000
848000000
849000000
850000000
851000000
852000000
853000000
854000000
855000000
856000000
857000000
858000000
859000000
860000000
861000000
862000000
863000000
864000000
865000000
866000000
867000000
868000000
869000000
870000000
871000000
872000000
873000000
874000000
875000000
876000000
877000000
878000000
879000000
880000000
881000000
882000000
883000000
884000000
885000000
886000000
887000000
888000000
889000000
890000000
891000000
892000000
893000000
894000000
895000000
896000000
897000000
898000000
899000000
900000000
901000000
902000000
903000000
904000000
905000000
906000000
907000000
908000000
909000000
910000000
911000000
912000000
913000000
914000000
915000000
916000000
917000000
918000000
919000000
920000000
921000000
922000000
923000000
924000000
925000000
926000000
927000000
928000000
929000000
930000000
931000000
932000000
933000000
934000000
935000000
936000000
937000000
938000000
939000000
940000000
941000000
942000000
943000000
944000000
945000000
946000000
947000000
948000000
949000000
950000000
951000000
952000000
953000000
954000000
955000000
956000000
957000000
958000000
959000000
960000000
961000000
962000000
963000000
964000000
965000000
966000000
967000000
968000000
969000000
970000000
971000000
972000000
973000000
974000000
975000000
976000000
977000000
978000000
979000000
980000000
981000000
982000000
983000000
984000000
985000000
986000000
987000000
988000000
989000000
990000000
991000000
992000000
993000000
994000000
995000000
996000000
997000000
998000000
999000000
1000000000
1001000000
1002000000
1003000000
1004000000
1005000000
1006000000
1007000000
1008000000
1009000000
1010000000
1011000000
1012000000
1013000000
1014000000
1015000000
1016000000
1017000000
1018000000
1019000000
1020000000
1021000000
1022000000
1023000000
1024000000
1025000000
1026000000
1027000000
1028000000
1029000000
1030000000
1031000000
1032000000
1033000000
1034000000
1035000000
1036000000
1037000000
1038000000
1039000000
1040000000
1041000000
1042000000
1043000000
1044000000
1045000000
1046000000
1047000000
1048000000
1049000000
1050000000
1051000000
1052000000
1053000000
1054000000
1055000000
1056000000
1057000000
1058000000
1059000000
1060000000
1061000000
1062000000
1063000000
1064000000
1065000000
1066000000
1067000000
1068000000
1069000000
1070000000
1071000000
1072000000
1073000000
1074000000
1075000000
1076000000
1077000000
1078000000
1079000000
1080000000
1081000000
1082000000
1083000000
1084000000
1085000000
1086000000
1087000000
1088000000
1089000000
1090000000
1091000000
1092000000
1093000000
1094000000
1095000000
1096000000
1097000000
1098000000
1099000000
1100000000
1101000000
1102000000
1103000000
1104000000
1105000000
1106000000
1107000000
1108000000
1109000000
1110000000
1111000000
1112000000
1113000000
1114000000
1115000000
1116000000
1117000000
1118000000
1119000000
1120000000
1121000000
1122000000
1123000000
1124000000
1125000000
1126000000
1127000000
1128000000
1129000000
1130000000
1131000000
1132000000
1133000000
1134000000
1135000000
1136000000
1137000000
1138000000
1139000000
1140000000
1141000000
1142000000
1143000000
1144000000
1145000000
1146000000
1147000000
1148000000
1149000000
1150000000
1151000000
1152000000
1153000000
1154000000
1155000000
1156000000
1157000000
1158000000
1159000000
1160000000
1161000000
1162000000
1163000000
1164000000
1165000000
1166000000
1167000000
1168000000
1169000000
1170000000
1171000000
1172000000
1173000000
1174000000
1175000000
1176000000
1177000000
1178000000
1179000000
1180000000
1181000000
1182000000
1183000000
1184000000
1185000000
1186000000
1187000000
1188000000
1189000000
1190000000
1191000000
1192000000
1193000000
1194000000
1195000000
1196000000
1197000000
1198000000
1199000000
1200000000
1201000000
1202000000
1203000000
1204000000
1205000000
1206000000
1207000000
1208000000
1209000000
1210000000
1211000000
1212000000
1213000000
1214000000
1215000000
1216000000
1217000000
1218000000
1219000000
1220000000
1221000000
1222000000
1223000000
1224000000
1225000000
1226000000
1227000000
1228000000
1229000000
1230000000
1231000000
1232000000
1233000000
1234000000
1235000000
1236000000
1237000000
1238000000
1239000000
1240000000
1241000000
1242000000
1243000000
1244000000
1245000000
1246000000
1247000000
1248000000
1249000000
1250000000
1251000000
1252000000
1253000000
1254000000
1255000000
1256000000
1257000000
1258000000
1259000000
1260000000
1261000000
1262000000
1263000000
1264000000
1265000000
1266000000
1267000000
1268000000
1269000000
1270000000
1271000000
1272000000
1273000000
1274000000
1275000000
1276000000
1277000000
1278000000
1279000000
1280000000
1281000000
1282000000
1283000000
1284000000
1285000000
1286000000
1287000000
1288000000
1289000000
1290000000
1291000000
1292000000
1293000000
1294000000
1295000000
1296000000
1297000000
1298000000
1299000000
1300000000
1301000000
1302000000
1303000000
1304000000
1305000000
1306000000
1307000000
1308000000
1309000000
1310000000
1311000000
1312000000
1313000000
1314000000
1315000000
1316000000
1317000000
1318000000
1319000000
1320000000
1321000000
1322000000
1323000000
1324000000
1325000000
1326000000
1327000000
1328000000
1329000000
1330000000
1331000000
1332000000
1333000000
1334000000
1335000000
1336000000
1337000000
1338000000
1339000000
1340000000
1341000000
1342000000
1343000000
1344000000
1345000000
1346000000
1347000000
1348000000
1349000000
1350000000
1351000000
1352000000
1353000000
1354000000
1355000000
1356000000
1357000000
1358000000
1359000000
1360000000
1361000000
1362000000
1363000000
1364000000
1365000000
1366000000
1367000000
1368000000
1369000000
1370000000
1371000000
1372000000
1373000000
1374000000
1375000000
1376000000
1377000000
1378000000
1379000000
1380000000
1381000000
1382000000
1383000000
1384000000
1385000000
1386000000
1387000000
1388000000
1389000000
1390000000
1391000000
1392000000
1393000000
1394000000
1395000000
1396000000
1397000000
1398000000
1399000000
1400000000
1401000000
1402000000
1403000000
1404000000
1405000000
1406000000
1407000000
1408000000
1409000000
1410000000
1411000000
1412000000
1413000000
1414000000
1415000000
1416000000
1417000000
1418000000
1419000000
1420000000
1421000000
1422000000
1423000000
1424000000
1425000000
1426000000
1427000000
1428000000
1429000000
1430000000
1431000000
1432000000
1433000000
1434000000
1435000000
1436000000
1437000000
1438000000
1439000000
1440000000
1441000000
1442000000
1443000000
1444000000
1445000000
1446000000
1447000000
1448000000
1449000000
1450000000
1451000000
1452000000
1453000000
1454000000
1455000000
1456000000
1457000000
1458000000
1459000000
1460000000
1461000000
1462000000
1463000000
1464000000
1465000000
1466000000
1467000000
1468000000
1469000000
1470000000
1471000000
1472000000
1473000000
1474000000
1475000000
1476000000
1477000000
1478000000
1479000000
1480000000
1481000000
1482000000
1483000000
1484000000
1485000000
1486000000
1487000000
1488000000
1489000000
1490000000
1491000000
1492000000
1493000000
1494000000
1495000000
1496000000
1497000000
1498000000
1499000000
1500000000
1501000000
1502000000
1503000000
1504000000
1505000000
1506000000
1507000000
1508000000
1509000000
1510000000
1511000000
1512000000
1513000000
1514000000
1515000000
1516000000
1517000000
1518000000
1519000000
1520000000
1521000000
1522000000
1523000000
1524000000
1525000000
1526000000
1527000000
1528000000
1529000000
1530000000
1531000000
1532000000
1533000000
1534000000
1535000000
1536000000
1537000000
1538000000
1539000000
1540000000
1541000000
1542000000
1543000000
1544000000
1545000000
1546000000
1547000000
1548000000
1549000000
1550000000
1551000000
1552000000
1553000000
1554000000
1555000000
1556000000
1557000000
1558000000
1559000000
1560000000
1561000000
1562000000
1563000000
1564000000
1565000000
1566000000
1567000000
1568000000
1569000000
1570000000
1571000000
1572000000
1573000000
1574000000
1575000000
1576000000
1577000000
1578000000
1579000000
1580000000
1581000000
1582000000
1583000000
1584000000
1585000000
1586000000
1587000000
1588000000
1589000000
1590000000
1591000000
1592000000
1593000000
1594000000
1595000000
1596000000
1597000000
1598000000
1599000000
1600000000
1601000000
1602000000
1603000000
1604000000
1605000000
1606000000
1607000000
1608000000
1609000000
1610000000
1611000000
1612000000
1613000000
1614000000
1615000000
1616000000
1617000000
1618000000
1619000000
1620000000
1621000000
1622000000
1623000000
1624000000
1625000000
1626000000
1627000000
1628000000
1629000000
1630000000
1631000000
1632000000
1633000000
1634000000
1635000000
1636000000
1637000000
1638000000
1639000000
1640000000
1641000000
1642000000
1643000000
1644000000
1645000000
1646000000
1647000000
1648000000
1649000000
1650000000
1651000000
1652000000
1653000000
1654000000
1655000000
1656000000
1657000000
1658000000
1659000000
1660000000
1661000000
1662000000
1663000000
1664000000
1665000000
1666000000
1667000000
1668000000
1669000000
1670000000
1671000000
1672000000
1673000000
1674000000
1675000000
1676000000
1677000000
1678000000
1679000000
1680000000
1681000000
1682000000
1683000000
1684000000
1685000000
1686000000
1687000000
1688000000
1689000000
1690000000
1691000000
1692000000
1693000000
1694000000
1695000000
1696000000
1697000000
1698000000
1699000000
1700000000
1701000000
1702000000
1703000000
1704000000
1705000000
1706000000
1707000000
1708000000
1709000000
1710000000
1711000000
1712000000
1713000000
1714000000
1715000000
1716000000
1717000000
1718000000
1719000000
1720000000
1721000000
1722000000
1723000000
1724000000
1725000000
1726000000
1727000000
1728000000
1729000000
1730000000
1731000000
1732000000
1733000000
1734000000
1735000000
1736000000
1737000000

This is the end of ROOT -- Goodbye

