  *******************************************
  *                                         *
  *        W E L C O M E  to  R O O T       *
  *                                         *
  *   Version   5.34/09      26 June 2013   *
  *                                         *
  *  You are welcome to visit our Web site  *
  *          http://root.cern.ch            *
  *                                         *
  *******************************************

ROOT 5.34/09 (v5-34-09@v5-34-09, Jun 26 2013, 17:10:36 on linux)

CINT/ROOT C/C++ Interpreter version 5.18.00, July 2, 2010
Type ? for help. Commands must be C++ statements.
Enclose multiple statements between { }.
*** Float Point Exception is OFF ***
 *** Start at Date : Tue Dec 15 12:44:00 2015
QAInfo:You are using STAR_LEVEL : pro, ROOT_LEVEL : 5.34.09 and node : rcas6006.rcf.bnl.gov 
0 :: file = /star/u/sprastar/data05/07GeV/flag/root/pV1A_2F7AF1C9832D48DB79AD6D385C611776_25.root
1 :: file = /star/u/sprastar/data05/07GeV/flag/root/pV1A_2F7AF1C9832D48DB79AD6D385C611776_21.root
2 :: file = /star/u/sprastar/data05/07GeV/flag/root/pV1A_2F7AF1C9832D48DB79AD6D385C611776_13.root
3 :: file = /star/u/sprastar/data05/07GeV/flag/root/pV1A_2F7AF1C9832D48DB79AD6D385C611776_107.root
4 :: file = /star/u/sprastar/data05/07GeV/flag/root/pV1A_2F7AF1C9832D48DB79AD6D385C611776_95.root
5 :: file = /star/u/sprastar/data05/07GeV/flag/root/pV1A_2F7AF1C9832D48DB79AD6D385C611776_80.root
6 :: file = /star/u/sprastar/data05/07GeV/flag/root/pV1A_2F7AF1C9832D48DB79AD6D385C611776_26.root
7 :: file = /star/u/sprastar/data05/07GeV/flag/root/pV1A_2F7AF1C9832D48DB79AD6D385C611776_10.root
8 :: file = /star/u/sprastar/data05/07GeV/flag/root/pV1A_2F7AF1C9832D48DB79AD6D385C611776_28.root
9 :: file = /star/u/sprastar/data05/07GeV/flag/root/pV1A_2F7AF1C9832D48DB79AD6D385C611776_105.root
10 :: file = /star/u/sprastar/data05/07GeV/flag/root/pV1A_2F7AF1C9832D48DB79AD6D385C611776_29.root
11 :: file = /star/u/sprastar/data05/07GeV/flag/root/pV1A_2F7AF1C9832D48DB79AD6D385C611776_130.root
12 :: file = /star/u/sprastar/data05/07GeV/flag/root/pV1A_2F7AF1C9832D48DB79AD6D385C611776_75.root
13 :: file = /star/u/sprastar/data05/07GeV/flag/root/pV1A_2F7AF1C9832D48DB79AD6D385C611776_42.root
14 :: file = /star/u/sprastar/data05/07GeV/flag/root/pV1A_2F7AF1C9832D48DB79AD6D385C611776_61.root
15 :: file = /star/u/sprastar/data05/07GeV/flag/root/pV1A_2F7AF1C9832D48DB79AD6D385C611776_79.root
16 :: file = /star/u/sprastar/data05/07GeV/flag/root/pV1A_2F7AF1C9832D48DB79AD6D385C611776_66.root
17 :: file = /star/u/sprastar/data05/07GeV/flag/root/pV1A_2F7AF1C9832D48DB79AD6D385C611776_97.root
18 :: file = /star/u/sprastar/data05/07GeV/flag/root/pV1A_2F7AF1C9832D48DB79AD6D385C611776_156.root
19 :: file = /star/u/sprastar/data05/07GeV/flag/root/pV1A_2F7AF1C9832D48DB79AD6D385C611776_118.root
20 :: file = /star/u/sprastar/data05/07GeV/flag/root/pV1A_2F7AF1C9832D48DB79AD6D385C611776_57.root
21 :: file = /star/u/sprastar/data05/07GeV/flag/root/pV1A_2F7AF1C9832D48DB79AD6D385C611776_138.root
22 :: file = /star/u/sprastar/data05/07GeV/flag/root/pV1A_2F7AF1C9832D48DB79AD6D385C611776_111.root
23 :: file = /star/u/sprastar/data05/07GeV/flag/root/pV1A_2F7AF1C9832D48DB79AD6D385C611776_96.root
24 :: file = /star/u/sprastar/data05/07GeV/flag/root/pV1A_2F7AF1C9832D48DB79AD6D385C611776_129.root
25 :: file = /star/u/sprastar/data05/07GeV/flag/root/pV1A_2F7AF1C9832D48DB79AD6D385C611776_93.root
26 :: file = /star/u/sprastar/data05/07GeV/flag/root/pV1A_2F7AF1C9832D48DB79AD6D385C611776_159.root
27 :: file = /star/u/sprastar/data05/07GeV/flag/root/pV1A_2F7AF1C9832D48DB79AD6D385C611776_183.root
28 :: file = /star/u/sprastar/data05/07GeV/flag/root/pV1A_2F7AF1C9832D48DB79AD6D385C611776_184.root
29 :: file = /star/u/sprastar/data05/07GeV/flag/root/pV1A_2F7AF1C9832D48DB79AD6D385C611776_123.root
30 :: file = /star/u/sprastar/data05/07GeV/flag/root/pV1A_2F7AF1C9832D48DB79AD6D385C611776_194.root
31 :: file = /star/u/sprastar/data05/07GeV/flag/root/pV1A_2F7AF1C9832D48DB79AD6D385C611776_188.root
32 :: file = /star/u/sprastar/data05/07GeV/flag/root/pV1A_2F7AF1C9832D48DB79AD6D385C611776_189.root
33 :: file = /star/u/sprastar/data05/07GeV/flag/root/pV1A_2F7AF1C9832D48DB79AD6D385C611776_160.root
34 :: file = /star/u/sprastar/data05/07GeV/flag/root/pV1A_2F7AF1C9832D48DB79AD6D385C611776_162.root
35 :: file = /star/u/sprastar/data05/07GeV/flag/root/pV1A_2F7AF1C9832D48DB79AD6D385C611776_178.root
36 :: file = /star/u/sprastar/data05/07GeV/flag/root/pV1A_2F7AF1C9832D48DB79AD6D385C611776_133.root
37 :: file = /star/u/sprastar/data05/07GeV/flag/root/pV1A_2F7AF1C9832D48DB79AD6D385C611776_77.root
38 :: file = /star/u/sprastar/data05/07GeV/flag/root/pV1A_2F7AF1C9832D48DB79AD6D385C611776_51.root
39 :: file = /star/u/sprastar/data05/07GeV/flag/root/pV1A_2F7AF1C9832D48DB79AD6D385C611776_55.root
40 :: file = /star/u/sprastar/data05/07GeV/flag/root/pV1A_2F7AF1C9832D48DB79AD6D385C611776_41.root
41 :: file = /star/u/sprastar/data05/07GeV/flag/root/pV1A_2F7AF1C9832D48DB79AD6D385C611776_34.root
42 :: file = /star/u/sprastar/data05/07GeV/flag/root/pV1A_2F7AF1C9832D48DB79AD6D385C611776_2.root
43 :: file = /star/u/sprastar/data05/07GeV/flag/root/pV1A_2F7AF1C9832D48DB79AD6D385C611776_68.root
44 :: file = /star/u/sprastar/data05/07GeV/flag/root/pV1A_2F7AF1C9832D48DB79AD6D385C611776_8.root
45 :: file = /star/u/sprastar/data05/07GeV/flag/root/pV1A_2F7AF1C9832D48DB79AD6D385C611776_20.root
46 :: file = /star/u/sprastar/data05/07GeV/flag/root/pV1A_2F7AF1C9832D48DB79AD6D385C611776_23.root
47 :: file = /star/u/sprastar/data05/07GeV/flag/root/pV1A_2F7AF1C9832D48DB79AD6D385C611776_44.root
48 :: file = /star/u/sprastar/data05/07GeV/flag/root/pV1A_2F7AF1C9832D48DB79AD6D385C611776_14.root
49 :: file = /star/u/sprastar/data05/07GeV/flag/root/pV1A_2F7AF1C9832D48DB79AD6D385C611776_113.root
50 :: file = /star/u/sprastar/data05/07GeV/flag/root/pV1A_2F7AF1C9832D48DB79AD6D385C611776_74.root
51 :: file = /star/u/sprastar/data05/07GeV/flag/root/pV1A_2F7AF1C9832D48DB79AD6D385C611776_72.root
52 :: file = /star/u/sprastar/data05/07GeV/flag/root/pV1A_2F7AF1C9832D48DB79AD6D385C611776_88.root
53 :: file = /star/u/sprastar/data05/07GeV/flag/root/pV1A_2F7AF1C9832D48DB79AD6D385C611776_91.root
54 :: file = /star/u/sprastar/data05/07GeV/flag/root/pV1A_2F7AF1C9832D48DB79AD6D385C611776_112.root
55 :: file = /star/u/sprastar/data05/07GeV/flag/root/pV1A_2F7AF1C9832D48DB79AD6D385C611776_54.root
56 :: file = /star/u/sprastar/data05/07GeV/flag/root/pV1A_2F7AF1C9832D48DB79AD6D385C611776_147.root
57 :: file = /star/u/sprastar/data05/07GeV/flag/root/pV1A_2F7AF1C9832D48DB79AD6D385C611776_122.root
58 :: file = /star/u/sprastar/data05/07GeV/flag/root/pV1A_2F7AF1C9832D48DB79AD6D385C611776_89.root
59 :: file = /star/u/sprastar/data05/07GeV/flag/root/pV1A_2F7AF1C9832D48DB79AD6D385C611776_136.root
60 :: file = /star/u/sprastar/data05/07GeV/flag/root/pV1A_2F7AF1C9832D48DB79AD6D385C611776_168.root
61 :: file = /star/u/sprastar/data05/07GeV/flag/root/pV1A_2F7AF1C9832D48DB79AD6D385C611776_70.root
62 :: file = /star/u/sprastar/data05/07GeV/flag/root/pV1A_2F7AF1C9832D48DB79AD6D385C611776_76.root
63 :: file = /star/u/sprastar/data05/07GeV/flag/root/pV1A_2F7AF1C9832D48DB79AD6D385C611776_81.root
64 :: file = /star/u/sprastar/data05/07GeV/flag/root/pV1A_2F7AF1C9832D48DB79AD6D385C611776_193.root
65 :: file = /star/u/sprastar/data05/07GeV/flag/root/pV1A_2F7AF1C9832D48DB79AD6D385C611776_210.root
66 :: file = /star/u/sprastar/data05/07GeV/flag/root/pV1A_2F7AF1C9832D48DB79AD6D385C611776_181.root
67 :: file = /star/u/sprastar/data05/07GeV/flag/root/pV1A_2F7AF1C9832D48DB79AD6D385C611776_106.root
68 :: file = /star/u/sprastar/data05/07GeV/flag/root/pV1A_2F7AF1C9832D48DB79AD6D385C611776_143.root
69 :: file = /star/u/sprastar/data05/07GeV/flag/root/pV1A_2F7AF1C9832D48DB79AD6D385C611776_186.root
70 :: file = /star/u/sprastar/data05/07GeV/flag/root/pV1A_2F7AF1C9832D48DB79AD6D385C611776_177.root
71 :: file = /star/u/sprastar/data05/07GeV/flag/root/pV1A_2F7AF1C9832D48DB79AD6D385C611776_169.root
72 :: file = /star/u/sprastar/data05/07GeV/flag/root/pV1A_2F7AF1C9832D48DB79AD6D385C611776_1.root
73 :: file = /star/u/sprastar/data05/07GeV/flag/root/pV1A_2F7AF1C9832D48DB79AD6D385C611776_32.root
74 :: file = /star/u/sprastar/data05/07GeV/flag/root/pV1A_2F7AF1C9832D48DB79AD6D385C611776_4.root
75 :: file = /star/u/sprastar/data05/07GeV/flag/root/pV1A_2F7AF1C9832D48DB79AD6D385C611776_109.root
76 :: file = /star/u/sprastar/data05/07GeV/flag/root/pV1A_2F7AF1C9832D48DB79AD6D385C611776_58.root
77 :: file = /star/u/sprastar/data05/07GeV/flag/root/pV1A_2F7AF1C9832D48DB79AD6D385C611776_69.root
78 :: file = /star/u/sprastar/data05/07GeV/flag/root/pV1A_2F7AF1C9832D48DB79AD6D385C611776_33.root
79 :: file = /star/u/sprastar/data05/07GeV/flag/root/pV1A_2F7AF1C9832D48DB79AD6D385C611776_82.root
80 :: file = /star/u/sprastar/data05/07GeV/flag/root/pV1A_2F7AF1C9832D48DB79AD6D385C611776_15.root
81 :: file = /star/u/sprastar/data05/07GeV/flag/root/pV1A_2F7AF1C9832D48DB79AD6D385C611776_37.root
82 :: file = /star/u/sprastar/data05/07GeV/flag/root/pV1A_2F7AF1C9832D48DB79AD6D385C611776_53.root
83 :: file = /star/u/sprastar/data05/07GeV/flag/root/pV1A_2F7AF1C9832D48DB79AD6D385C611776_38.root
84 :: file = /star/u/sprastar/data05/07GeV/flag/root/pV1A_2F7AF1C9832D48DB79AD6D385C611776_98.root
85 :: file = /star/u/sprastar/data05/07GeV/flag/root/pV1A_2F7AF1C9832D48DB79AD6D385C611776_65.root
86 :: file = /star/u/sprastar/data05/07GeV/flag/root/pV1A_2F7AF1C9832D48DB79AD6D385C611776_63.root
87 :: file = /star/u/sprastar/data05/07GeV/flag/root/pV1A_2F7AF1C9832D48DB79AD6D385C611776_203.root
88 :: file = /star/u/sprastar/data05/07GeV/flag/root/pV1A_2F7AF1C9832D48DB79AD6D385C611776_139.root
89 :: file = /star/u/sprastar/data05/07GeV/flag/root/pV1A_2F7AF1C9832D48DB79AD6D385C611776_173.root
90 :: file = /star/u/sprastar/data05/07GeV/flag/root/pV1A_2F7AF1C9832D48DB79AD6D385C611776_201.root
91 :: file = /star/u/sprastar/data05/07GeV/flag/root/pV1A_2F7AF1C9832D48DB79AD6D385C611776_155.root
92 :: file = /star/u/sprastar/data05/07GeV/flag/root/pV1A_2F7AF1C9832D48DB79AD6D385C611776_117.root
93 :: file = /star/u/sprastar/data05/07GeV/flag/root/pV1A_2F7AF1C9832D48DB79AD6D385C611776_180.root
94 :: file = /star/u/sprastar/data05/07GeV/flag/root/pV1A_2F7AF1C9832D48DB79AD6D385C611776_145.root
95 :: file = /star/u/sprastar/data05/07GeV/flag/root/pV1A_2F7AF1C9832D48DB79AD6D385C611776_46.root
96 :: file = /star/u/sprastar/data05/07GeV/flag/root/pV1A_2F7AF1C9832D48DB79AD6D385C611776_11.root
97 :: file = /star/u/sprastar/data05/07GeV/flag/root/pV1A_2F7AF1C9832D48DB79AD6D385C611776_30.root
98 :: file = /star/u/sprastar/data05/07GeV/flag/root/pV1A_2F7AF1C9832D48DB79AD6D385C611776_24.root
99 :: file = /star/u/sprastar/data05/07GeV/flag/root/pV1A_2F7AF1C9832D48DB79AD6D385C611776_36.root
100 :: file = /star/u/sprastar/data05/07GeV/flag/root/pV1A_2F7AF1C9832D48DB79AD6D385C611776_12.root
101 :: file = /star/u/sprastar/data05/07GeV/flag/root/pV1A_2F7AF1C9832D48DB79AD6D385C611776_35.root
102 :: file = /star/u/sprastar/data05/07GeV/flag/root/pV1A_2F7AF1C9832D48DB79AD6D385C611776_142.root
103 :: file = /star/u/sprastar/data05/07GeV/flag/root/pV1A_2F7AF1C9832D48DB79AD6D385C611776_87.root
104 :: file = /star/u/sprastar/data05/07GeV/flag/root/pV1A_2F7AF1C9832D48DB79AD6D385C611776_84.root
105 :: file = /star/u/sprastar/data05/07GeV/flag/root/pV1A_2F7AF1C9832D48DB79AD6D385C611776_104.root
106 :: file = /star/u/sprastar/data05/07GeV/flag/root/pV1A_2F7AF1C9832D48DB79AD6D385C611776_134.root
107 :: file = /star/u/sprastar/data05/07GeV/flag/root/pV1A_2F7AF1C9832D48DB79AD6D385C611776_115.root
108 :: file = /star/u/sprastar/data05/07GeV/flag/root/pV1A_2F7AF1C9832D48DB79AD6D385C611776_144.root
109 :: file = /star/u/sprastar/data05/07GeV/flag/root/pV1A_2F7AF1C9832D48DB79AD6D385C611776_208.root
110 :: file = /star/u/sprastar/data05/07GeV/flag/root/pV1A_2F7AF1C9832D48DB79AD6D385C611776_94.root
111 :: file = /star/u/sprastar/data05/07GeV/flag/root/pV1A_2F7AF1C9832D48DB79AD6D385C611776_151.root
112 :: file = /star/u/sprastar/data05/07GeV/flag/root/pV1A_2F7AF1C9832D48DB79AD6D385C611776_179.root
113 :: file = /star/u/sprastar/data05/07GeV/flag/root/pV1A_2F7AF1C9832D48DB79AD6D385C611776_192.root
114 :: file = /star/u/sprastar/data05/07GeV/flag/root/pV1A_2F7AF1C9832D48DB79AD6D385C611776_199.root
115 :: file = /star/u/sprastar/data05/07GeV/flag/root/pV1A_2F7AF1C9832D48DB79AD6D385C611776_59.root
116 :: file = /star/u/sprastar/data05/07GeV/flag/root/pV1A_2F7AF1C9832D48DB79AD6D385C611776_27.root
117 :: file = /star/u/sprastar/data05/07GeV/flag/root/pV1A_2F7AF1C9832D48DB79AD6D385C611776_9.root
118 :: file = /star/u/sprastar/data05/07GeV/flag/root/pV1A_2F7AF1C9832D48DB79AD6D385C611776_132.root
119 :: file = /star/u/sprastar/data05/07GeV/flag/root/pV1A_2F7AF1C9832D48DB79AD6D385C611776_121.root
120 :: file = /star/u/sprastar/data05/07GeV/flag/root/pV1A_2F7AF1C9832D48DB79AD6D385C611776_99.root
121 :: file = /star/u/sprastar/data05/07GeV/flag/root/pV1A_2F7AF1C9832D48DB79AD6D385C611776_116.root
122 :: file = /star/u/sprastar/data05/07GeV/flag/root/pV1A_2F7AF1C9832D48DB79AD6D385C611776_185.root
123 :: file = /star/u/sprastar/data05/07GeV/flag/root/pV1A_2F7AF1C9832D48DB79AD6D385C611776_135.root
124 :: file = /star/u/sprastar/data05/07GeV/flag/root/pV1A_2F7AF1C9832D48DB79AD6D385C611776_47.root
125 :: file = /star/u/sprastar/data05/07GeV/flag/root/pV1A_2F7AF1C9832D48DB79AD6D385C611776_141.root
126 :: file = /star/u/sprastar/data05/07GeV/flag/root/pV1A_2F7AF1C9832D48DB79AD6D385C611776_197.root
127 :: file = /star/u/sprastar/data05/07GeV/flag/root/pV1A_2F7AF1C9832D48DB79AD6D385C611776_161.root
128 :: file = /star/u/sprastar/data05/07GeV/flag/root/pV1A_2F7AF1C9832D48DB79AD6D385C611776_202.root
129 :: file = /star/u/sprastar/data05/07GeV/flag/root/pV1A_2F7AF1C9832D48DB79AD6D385C611776_67.root
130 :: file = /star/u/sprastar/data05/07GeV/flag/root/pV1A_2F7AF1C9832D48DB79AD6D385C611776_146.root
131 :: file = /star/u/sprastar/data05/07GeV/flag/root/pV1A_2F7AF1C9832D48DB79AD6D385C611776_174.root
132 :: file = /star/u/sprastar/data05/07GeV/flag/root/pV1A_2F7AF1C9832D48DB79AD6D385C611776_191.root
133 :: file = /star/u/sprastar/data05/07GeV/flag/root/pV1A_2F7AF1C9832D48DB79AD6D385C611776_148.root
134 :: file = /star/u/sprastar/data05/07GeV/flag/root/pV1A_2F7AF1C9832D48DB79AD6D385C611776_205.root
135 :: file = /star/u/sprastar/data05/07GeV/flag/root/pV1A_2F7AF1C9832D48DB79AD6D385C611776_204.root
136 :: file = /star/u/sprastar/data05/07GeV/flag/root/pV1A_2F7AF1C9832D48DB79AD6D385C611776_164.root
137 :: file = /star/u/sprastar/data05/07GeV/flag/root/pV1A_2F7AF1C9832D48DB79AD6D385C611776_125.root
138 :: file = /star/u/sprastar/data05/07GeV/flag/root/pV1A_2F7AF1C9832D48DB79AD6D385C611776_166.root
139 :: file = /star/u/sprastar/data05/07GeV/flag/root/pV1A_2F7AF1C9832D48DB79AD6D385C611776_163.root
140 :: file = /star/u/sprastar/data05/07GeV/flag/root/pV1A_2F7AF1C9832D48DB79AD6D385C611776_175.root
141 :: file = /star/u/sprastar/data05/07GeV/flag/root/pV1A_2F7AF1C9832D48DB79AD6D385C611776_3.root
142 :: file = /star/u/sprastar/data05/07GeV/flag/root/pV1A_2F7AF1C9832D48DB79AD6D385C611776_39.root
143 :: file = /star/u/sprastar/data05/07GeV/flag/root/pV1A_2F7AF1C9832D48DB79AD6D385C611776_19.root
144 :: file = /star/u/sprastar/data05/07GeV/flag/root/pV1A_2F7AF1C9832D48DB79AD6D385C611776_78.root
145 :: file = /star/u/sprastar/data05/07GeV/flag/root/pV1A_2F7AF1C9832D48DB79AD6D385C611776_6.root
146 :: file = /star/u/sprastar/data05/07GeV/flag/root/pV1A_2F7AF1C9832D48DB79AD6D385C611776_43.root
147 :: file = /star/u/sprastar/data05/07GeV/flag/root/pV1A_2F7AF1C9832D48DB79AD6D385C611776_119.root
148 :: file = /star/u/sprastar/data05/07GeV/flag/root/pV1A_2F7AF1C9832D48DB79AD6D385C611776_56.root
149 :: file = /star/u/sprastar/data05/07GeV/flag/root/pV1A_2F7AF1C9832D48DB79AD6D385C611776_101.root
150 :: file = /star/u/sprastar/data05/07GeV/flag/root/pV1A_2F7AF1C9832D48DB79AD6D385C611776_40.root
151 :: file = /star/u/sprastar/data05/07GeV/flag/root/pV1A_2F7AF1C9832D48DB79AD6D385C611776_52.root
152 :: file = /star/u/sprastar/data05/07GeV/flag/root/pV1A_2F7AF1C9832D48DB79AD6D385C611776_206.root
153 :: file = /star/u/sprastar/data05/07GeV/flag/root/pV1A_2F7AF1C9832D48DB79AD6D385C611776_100.root
154 :: file = /star/u/sprastar/data05/07GeV/flag/root/pV1A_2F7AF1C9832D48DB79AD6D385C611776_187.root
155 :: file = /star/u/sprastar/data05/07GeV/flag/root/pV1A_2F7AF1C9832D48DB79AD6D385C611776_158.root
156 :: file = /star/u/sprastar/data05/07GeV/flag/root/pV1A_2F7AF1C9832D48DB79AD6D385C611776_171.root
157 :: file = /star/u/sprastar/data05/07GeV/flag/root/pV1A_2F7AF1C9832D48DB79AD6D385C611776_195.root
158 :: file = /star/u/sprastar/data05/07GeV/flag/root/pV1A_2F7AF1C9832D48DB79AD6D385C611776_154.root
159 :: file = /star/u/sprastar/data05/07GeV/flag/root/pV1A_2F7AF1C9832D48DB79AD6D385C611776_127.root
160 :: file = /star/u/sprastar/data05/07GeV/flag/root/pV1A_2F7AF1C9832D48DB79AD6D385C611776_170.root
161 :: file = /star/u/sprastar/data05/07GeV/flag/root/pV1A_2F7AF1C9832D48DB79AD6D385C611776_152.root
162 :: file = /star/u/sprastar/data05/07GeV/flag/root/pV1A_2F7AF1C9832D48DB79AD6D385C611776_149.root
163 :: file = /star/u/sprastar/data05/07GeV/flag/root/pV1A_2F7AF1C9832D48DB79AD6D385C611776_90.root
164 :: file = /star/u/sprastar/data05/07GeV/flag/root/pV1A_2F7AF1C9832D48DB79AD6D385C611776_153.root
165 :: file = /star/u/sprastar/data05/07GeV/flag/root/pV1A_2F7AF1C9832D48DB79AD6D385C611776_190.root
166 :: file = /star/u/sprastar/data05/07GeV/flag/root/pV1A_2F7AF1C9832D48DB79AD6D385C611776_18.root
167 :: file = /star/u/sprastar/data05/07GeV/flag/root/pV1A_2F7AF1C9832D48DB79AD6D385C611776_17.root
168 :: file = /star/u/sprastar/data05/07GeV/flag/root/pV1A_2F7AF1C9832D48DB79AD6D385C611776_7.root
169 :: file = /star/u/sprastar/data05/07GeV/flag/root/pV1A_2F7AF1C9832D48DB79AD6D385C611776_86.root
170 :: file = /star/u/sprastar/data05/07GeV/flag/root/pV1A_2F7AF1C9832D48DB79AD6D385C611776_16.root
171 :: file = /star/u/sprastar/data05/07GeV/flag/root/pV1A_2F7AF1C9832D48DB79AD6D385C611776_73.root
172 :: file = /star/u/sprastar/data05/07GeV/flag/root/pV1A_2F7AF1C9832D48DB79AD6D385C611776_71.root
173 :: file = /star/u/sprastar/data05/07GeV/flag/root/pV1A_2F7AF1C9832D48DB79AD6D385C611776_31.root
174 :: file = /star/u/sprastar/data05/07GeV/flag/root/pV1A_2F7AF1C9832D48DB79AD6D385C611776_124.root
175 :: file = /star/u/sprastar/data05/07GeV/flag/root/pV1A_2F7AF1C9832D48DB79AD6D385C611776_49.root
176 :: file = /star/u/sprastar/data05/07GeV/flag/root/pV1A_2F7AF1C9832D48DB79AD6D385C611776_120.root
177 :: file = /star/u/sprastar/data05/07GeV/flag/root/pV1A_2F7AF1C9832D48DB79AD6D385C611776_83.root
178 :: file = /star/u/sprastar/data05/07GeV/flag/root/pV1A_2F7AF1C9832D48DB79AD6D385C611776_110.root
179 :: file = /star/u/sprastar/data05/07GeV/flag/root/pV1A_2F7AF1C9832D48DB79AD6D385C611776_157.root
180 :: file = /star/u/sprastar/data05/07GeV/flag/root/pV1A_2F7AF1C9832D48DB79AD6D385C611776_200.root
181 :: file = /star/u/sprastar/data05/07GeV/flag/root/pV1A_2F7AF1C9832D48DB79AD6D385C611776_172.root
182 :: file = /star/u/sprastar/data05/07GeV/flag/root/pV1A_2F7AF1C9832D48DB79AD6D385C611776_209.root
183 :: file = /star/u/sprastar/data05/07GeV/flag/root/pV1A_2F7AF1C9832D48DB79AD6D385C611776_167.root
184 :: file = /star/u/sprastar/data05/07GeV/flag/root/pV1A_2F7AF1C9832D48DB79AD6D385C611776_114.root
185 :: file = /star/u/sprastar/data05/07GeV/flag/root/pV1A_2F7AF1C9832D48DB79AD6D385C611776_45.root
186 :: file = /star/u/sprastar/data05/07GeV/flag/root/pV1A_2F7AF1C9832D48DB79AD6D385C611776_22.root
187 :: file = /star/u/sprastar/data05/07GeV/flag/root/pV1A_2F7AF1C9832D48DB79AD6D385C611776_103.root
188 :: file = /star/u/sprastar/data05/07GeV/flag/root/pV1A_2F7AF1C9832D48DB79AD6D385C611776_5.root
189 :: file = /star/u/sprastar/data05/07GeV/flag/root/pV1A_2F7AF1C9832D48DB79AD6D385C611776_50.root
190 :: file = /star/u/sprastar/data05/07GeV/flag/root/pV1A_2F7AF1C9832D48DB79AD6D385C611776_0.root
191 :: file = /star/u/sprastar/data05/07GeV/flag/root/pV1A_2F7AF1C9832D48DB79AD6D385C611776_85.root
192 :: file = /star/u/sprastar/data05/07GeV/flag/root/pV1A_2F7AF1C9832D48DB79AD6D385C611776_92.root
193 :: file = /star/u/sprastar/data05/07GeV/flag/root/pV1A_2F7AF1C9832D48DB79AD6D385C611776_64.root
194 :: file = /star/u/sprastar/data05/07GeV/flag/root/pV1A_2F7AF1C9832D48DB79AD6D385C611776_126.root
195 :: file = /star/u/sprastar/data05/07GeV/flag/root/pV1A_2F7AF1C9832D48DB79AD6D385C611776_48.root
196 :: file = /star/u/sprastar/data05/07GeV/flag/root/pV1A_2F7AF1C9832D48DB79AD6D385C611776_128.root
197 :: file = /star/u/sprastar/data05/07GeV/flag/root/pV1A_2F7AF1C9832D48DB79AD6D385C611776_60.root
198 :: file = /star/u/sprastar/data05/07GeV/flag/root/pV1A_2F7AF1C9832D48DB79AD6D385C611776_62.root
199 :: file = /star/u/sprastar/data05/07GeV/flag/root/pV1A_2F7AF1C9832D48DB79AD6D385C611776_140.root
200 :: file = /star/u/sprastar/data05/07GeV/flag/root/pV1A_2F7AF1C9832D48DB79AD6D385C611776_131.root
201 :: file = /star/u/sprastar/data05/07GeV/flag/root/pV1A_2F7AF1C9832D48DB79AD6D385C611776_102.root
202 :: file = /star/u/sprastar/data05/07GeV/flag/root/pV1A_2F7AF1C9832D48DB79AD6D385C611776_108.root
203 :: file = /star/u/sprastar/data05/07GeV/flag/root/pV1A_2F7AF1C9832D48DB79AD6D385C611776_196.root
204 :: file = /star/u/sprastar/data05/07GeV/flag/root/pV1A_2F7AF1C9832D48DB79AD6D385C611776_207.root
205 :: file = /star/u/sprastar/data05/07GeV/flag/root/pV1A_2F7AF1C9832D48DB79AD6D385C611776_165.root
206 :: file = /star/u/sprastar/data05/07GeV/flag/root/pV1A_2F7AF1C9832D48DB79AD6D385C611776_198.root
207 :: file = /star/u/sprastar/data05/07GeV/flag/root/pV1A_2F7AF1C9832D48DB79AD6D385C611776_176.root
208 :: file = /star/u/sprastar/data05/07GeV/flag/root/pV1A_2F7AF1C9832D48DB79AD6D385C611776_182.root
209 :: file = /star/u/sprastar/data05/07GeV/flag/root/pV1A_2F7AF1C9832D48DB79AD6D385C611776_137.root
210 :: file = /star/u/sprastar/data05/07GeV/flag/root/pV1A_2F7AF1C9832D48DB79AD6D385C611776_150.root
7939317
0
1000000
2000000
3000000
4000000
5000000
6000000
7000000

This is the end of ROOT -- Goodbye

