  *******************************************
  *                                         *
  *        W E L C O M E  to  R O O T       *
  *                                         *
  *   Version   5.34/09      26 June 2013   *
  *                                         *
  *  You are welcome to visit our Web site  *
  *          http://root.cern.ch            *
  *                                         *
  *******************************************

ROOT 5.34/09 (v5-34-09@v5-34-09, Jun 26 2013, 17:10:36 on linux)

CINT/ROOT C/C++ Interpreter version 5.18.00, July 2, 2010
Type ? for help. Commands must be C++ statements.
Enclose multiple statements between { }.
*** Float Point Exception is OFF ***
 *** Start at Date : Tue Dec 15 12:44:38 2015
QAInfo:You are using STAR_LEVEL : pro, ROOT_LEVEL : 5.34.09 and node : rcas6006.rcf.bnl.gov 
0 :: file = /star/u/sprastar/data05/07GeV/flag/root/pV1A_D1425BB442373FF0FDFF06207329D350_45.root
1 :: file = /star/u/sprastar/data05/07GeV/flag/root/pV1A_D1425BB442373FF0FDFF06207329D350_8.root
2 :: file = /star/u/sprastar/data05/07GeV/flag/root/pV1A_D1425BB442373FF0FDFF06207329D350_7.root
3 :: file = /star/u/sprastar/data05/07GeV/flag/root/pV1A_D1425BB442373FF0FDFF06207329D350_15.root
4 :: file = /star/u/sprastar/data05/07GeV/flag/root/pV1A_D1425BB442373FF0FDFF06207329D350_19.root
5 :: file = /star/u/sprastar/data05/07GeV/flag/root/pV1A_D1425BB442373FF0FDFF06207329D350_21.root
6 :: file = /star/u/sprastar/data05/07GeV/flag/root/pV1A_D1425BB442373FF0FDFF06207329D350_49.root
7 :: file = /star/u/sprastar/data05/07GeV/flag/root/pV1A_D1425BB442373FF0FDFF06207329D350_29.root
8 :: file = /star/u/sprastar/data05/07GeV/flag/root/pV1A_D1425BB442373FF0FDFF06207329D350_34.root
9 :: file = /star/u/sprastar/data05/07GeV/flag/root/pV1A_D1425BB442373FF0FDFF06207329D350_40.root
10 :: file = /star/u/sprastar/data05/07GeV/flag/root/pV1A_D1425BB442373FF0FDFF06207329D350_43.root
11 :: file = /star/u/sprastar/data05/07GeV/flag/root/pV1A_D1425BB442373FF0FDFF06207329D350_66.root
12 :: file = /star/u/sprastar/data05/07GeV/flag/root/pV1A_D1425BB442373FF0FDFF06207329D350_129.root
13 :: file = /star/u/sprastar/data05/07GeV/flag/root/pV1A_D1425BB442373FF0FDFF06207329D350_128.root
14 :: file = /star/u/sprastar/data05/07GeV/flag/root/pV1A_D1425BB442373FF0FDFF06207329D350_115.root
15 :: file = /star/u/sprastar/data05/07GeV/flag/root/pV1A_D1425BB442373FF0FDFF06207329D350_137.root
16 :: file = /star/u/sprastar/data05/07GeV/flag/root/pV1A_D1425BB442373FF0FDFF06207329D350_141.root
17 :: file = /star/u/sprastar/data05/07GeV/flag/root/pV1A_D1425BB442373FF0FDFF06207329D350_138.root
18 :: file = /star/u/sprastar/data05/07GeV/flag/root/pV1A_D1425BB442373FF0FDFF06207329D350_109.root
19 :: file = /star/u/sprastar/data05/07GeV/flag/root/pV1A_D1425BB442373FF0FDFF06207329D350_204.root
20 :: file = /star/u/sprastar/data05/07GeV/flag/root/pV1A_D1425BB442373FF0FDFF06207329D350_199.root
21 :: file = /star/u/sprastar/data05/07GeV/flag/root/pV1A_D1425BB442373FF0FDFF06207329D350_192.root
22 :: file = /star/u/sprastar/data05/07GeV/flag/root/pV1A_D1425BB442373FF0FDFF06207329D350_200.root
23 :: file = /star/u/sprastar/data05/07GeV/flag/root/pV1A_D1425BB442373FF0FDFF06207329D350_2.root
24 :: file = /star/u/sprastar/data05/07GeV/flag/root/pV1A_D1425BB442373FF0FDFF06207329D350_5.root
25 :: file = /star/u/sprastar/data05/07GeV/flag/root/pV1A_D1425BB442373FF0FDFF06207329D350_24.root
26 :: file = /star/u/sprastar/data05/07GeV/flag/root/pV1A_D1425BB442373FF0FDFF06207329D350_44.root
27 :: file = /star/u/sprastar/data05/07GeV/flag/root/pV1A_D1425BB442373FF0FDFF06207329D350_32.root
28 :: file = /star/u/sprastar/data05/07GeV/flag/root/pV1A_D1425BB442373FF0FDFF06207329D350_58.root
29 :: file = /star/u/sprastar/data05/07GeV/flag/root/pV1A_D1425BB442373FF0FDFF06207329D350_68.root
30 :: file = /star/u/sprastar/data05/07GeV/flag/root/pV1A_D1425BB442373FF0FDFF06207329D350_48.root
31 :: file = /star/u/sprastar/data05/07GeV/flag/root/pV1A_D1425BB442373FF0FDFF06207329D350_77.root
32 :: file = /star/u/sprastar/data05/07GeV/flag/root/pV1A_D1425BB442373FF0FDFF06207329D350_82.root
33 :: file = /star/u/sprastar/data05/07GeV/flag/root/pV1A_D1425BB442373FF0FDFF06207329D350_70.root
34 :: file = /star/u/sprastar/data05/07GeV/flag/root/pV1A_D1425BB442373FF0FDFF06207329D350_98.root
35 :: file = /star/u/sprastar/data05/07GeV/flag/root/pV1A_D1425BB442373FF0FDFF06207329D350_81.root
36 :: file = /star/u/sprastar/data05/07GeV/flag/root/pV1A_D1425BB442373FF0FDFF06207329D350_88.root
37 :: file = /star/u/sprastar/data05/07GeV/flag/root/pV1A_D1425BB442373FF0FDFF06207329D350_91.root
38 :: file = /star/u/sprastar/data05/07GeV/flag/root/pV1A_D1425BB442373FF0FDFF06207329D350_122.root
39 :: file = /star/u/sprastar/data05/07GeV/flag/root/pV1A_D1425BB442373FF0FDFF06207329D350_126.root
40 :: file = /star/u/sprastar/data05/07GeV/flag/root/pV1A_D1425BB442373FF0FDFF06207329D350_146.root
41 :: file = /star/u/sprastar/data05/07GeV/flag/root/pV1A_D1425BB442373FF0FDFF06207329D350_163.root
42 :: file = /star/u/sprastar/data05/07GeV/flag/root/pV1A_D1425BB442373FF0FDFF06207329D350_202.root
43 :: file = /star/u/sprastar/data05/07GeV/flag/root/pV1A_D1425BB442373FF0FDFF06207329D350_194.root
44 :: file = /star/u/sprastar/data05/07GeV/flag/root/pV1A_D1425BB442373FF0FDFF06207329D350_173.root
45 :: file = /star/u/sprastar/data05/07GeV/flag/root/pV1A_D1425BB442373FF0FDFF06207329D350_165.root
46 :: file = /star/u/sprastar/data05/07GeV/flag/root/pV1A_D1425BB442373FF0FDFF06207329D350_169.root
47 :: file = /star/u/sprastar/data05/07GeV/flag/root/pV1A_D1425BB442373FF0FDFF06207329D350_160.root
48 :: file = /star/u/sprastar/data05/07GeV/flag/root/pV1A_D1425BB442373FF0FDFF06207329D350_178.root
49 :: file = /star/u/sprastar/data05/07GeV/flag/root/pV1A_D1425BB442373FF0FDFF06207329D350_198.root
50 :: file = /star/u/sprastar/data05/07GeV/flag/root/pV1A_D1425BB442373FF0FDFF06207329D350_209.root
51 :: file = /star/u/sprastar/data05/07GeV/flag/root/pV1A_D1425BB442373FF0FDFF06207329D350_196.root
52 :: file = /star/u/sprastar/data05/07GeV/flag/root/pV1A_D1425BB442373FF0FDFF06207329D350_17.root
53 :: file = /star/u/sprastar/data05/07GeV/flag/root/pV1A_D1425BB442373FF0FDFF06207329D350_0.root
54 :: file = /star/u/sprastar/data05/07GeV/flag/root/pV1A_D1425BB442373FF0FDFF06207329D350_3.root
55 :: file = /star/u/sprastar/data05/07GeV/flag/root/pV1A_D1425BB442373FF0FDFF06207329D350_9.root
56 :: file = /star/u/sprastar/data05/07GeV/flag/root/pV1A_D1425BB442373FF0FDFF06207329D350_46.root
57 :: file = /star/u/sprastar/data05/07GeV/flag/root/pV1A_D1425BB442373FF0FDFF06207329D350_28.root
58 :: file = /star/u/sprastar/data05/07GeV/flag/root/pV1A_D1425BB442373FF0FDFF06207329D350_18.root
59 :: file = /star/u/sprastar/data05/07GeV/flag/root/pV1A_D1425BB442373FF0FDFF06207329D350_37.root
60 :: file = /star/u/sprastar/data05/07GeV/flag/root/pV1A_D1425BB442373FF0FDFF06207329D350_41.root
61 :: file = /star/u/sprastar/data05/07GeV/flag/root/pV1A_D1425BB442373FF0FDFF06207329D350_51.root
62 :: file = /star/u/sprastar/data05/07GeV/flag/root/pV1A_D1425BB442373FF0FDFF06207329D350_75.root
63 :: file = /star/u/sprastar/data05/07GeV/flag/root/pV1A_D1425BB442373FF0FDFF06207329D350_67.root
64 :: file = /star/u/sprastar/data05/07GeV/flag/root/pV1A_D1425BB442373FF0FDFF06207329D350_95.root
65 :: file = /star/u/sprastar/data05/07GeV/flag/root/pV1A_D1425BB442373FF0FDFF06207329D350_119.root
66 :: file = /star/u/sprastar/data05/07GeV/flag/root/pV1A_D1425BB442373FF0FDFF06207329D350_99.root
67 :: file = /star/u/sprastar/data05/07GeV/flag/root/pV1A_D1425BB442373FF0FDFF06207329D350_90.root
68 :: file = /star/u/sprastar/data05/07GeV/flag/root/pV1A_D1425BB442373FF0FDFF06207329D350_106.root
69 :: file = /star/u/sprastar/data05/07GeV/flag/root/pV1A_D1425BB442373FF0FDFF06207329D350_131.root
70 :: file = /star/u/sprastar/data05/07GeV/flag/root/pV1A_D1425BB442373FF0FDFF06207329D350_148.root
71 :: file = /star/u/sprastar/data05/07GeV/flag/root/pV1A_D1425BB442373FF0FDFF06207329D350_197.root
72 :: file = /star/u/sprastar/data05/07GeV/flag/root/pV1A_D1425BB442373FF0FDFF06207329D350_188.root
73 :: file = /star/u/sprastar/data05/07GeV/flag/root/pV1A_D1425BB442373FF0FDFF06207329D350_170.root
74 :: file = /star/u/sprastar/data05/07GeV/flag/root/pV1A_D1425BB442373FF0FDFF06207329D350_174.root
75 :: file = /star/u/sprastar/data05/07GeV/flag/root/pV1A_D1425BB442373FF0FDFF06207329D350_185.root
76 :: file = /star/u/sprastar/data05/07GeV/flag/root/pV1A_D1425BB442373FF0FDFF06207329D350_201.root
77 :: file = /star/u/sprastar/data05/07GeV/flag/root/pV1A_D1425BB442373FF0FDFF06207329D350_12.root
78 :: file = /star/u/sprastar/data05/07GeV/flag/root/pV1A_D1425BB442373FF0FDFF06207329D350_20.root
79 :: file = /star/u/sprastar/data05/07GeV/flag/root/pV1A_D1425BB442373FF0FDFF06207329D350_25.root
80 :: file = /star/u/sprastar/data05/07GeV/flag/root/pV1A_D1425BB442373FF0FDFF06207329D350_50.root
81 :: file = /star/u/sprastar/data05/07GeV/flag/root/pV1A_D1425BB442373FF0FDFF06207329D350_38.root
82 :: file = /star/u/sprastar/data05/07GeV/flag/root/pV1A_D1425BB442373FF0FDFF06207329D350_78.root
83 :: file = /star/u/sprastar/data05/07GeV/flag/root/pV1A_D1425BB442373FF0FDFF06207329D350_64.root
84 :: file = /star/u/sprastar/data05/07GeV/flag/root/pV1A_D1425BB442373FF0FDFF06207329D350_61.root
85 :: file = /star/u/sprastar/data05/07GeV/flag/root/pV1A_D1425BB442373FF0FDFF06207329D350_74.root
86 :: file = /star/u/sprastar/data05/07GeV/flag/root/pV1A_D1425BB442373FF0FDFF06207329D350_105.root
87 :: file = /star/u/sprastar/data05/07GeV/flag/root/pV1A_D1425BB442373FF0FDFF06207329D350_130.root
88 :: file = /star/u/sprastar/data05/07GeV/flag/root/pV1A_D1425BB442373FF0FDFF06207329D350_71.root
89 :: file = /star/u/sprastar/data05/07GeV/flag/root/pV1A_D1425BB442373FF0FDFF06207329D350_84.root
90 :: file = /star/u/sprastar/data05/07GeV/flag/root/pV1A_D1425BB442373FF0FDFF06207329D350_121.root
91 :: file = /star/u/sprastar/data05/07GeV/flag/root/pV1A_D1425BB442373FF0FDFF06207329D350_135.root
92 :: file = /star/u/sprastar/data05/07GeV/flag/root/pV1A_D1425BB442373FF0FDFF06207329D350_118.root
93 :: file = /star/u/sprastar/data05/07GeV/flag/root/pV1A_D1425BB442373FF0FDFF06207329D350_114.root
94 :: file = /star/u/sprastar/data05/07GeV/flag/root/pV1A_D1425BB442373FF0FDFF06207329D350_108.root
95 :: file = /star/u/sprastar/data05/07GeV/flag/root/pV1A_D1425BB442373FF0FDFF06207329D350_133.root
96 :: file = /star/u/sprastar/data05/07GeV/flag/root/pV1A_D1425BB442373FF0FDFF06207329D350_140.root
97 :: file = /star/u/sprastar/data05/07GeV/flag/root/pV1A_D1425BB442373FF0FDFF06207329D350_143.root
98 :: file = /star/u/sprastar/data05/07GeV/flag/root/pV1A_D1425BB442373FF0FDFF06207329D350_149.root
99 :: file = /star/u/sprastar/data05/07GeV/flag/root/pV1A_D1425BB442373FF0FDFF06207329D350_147.root
100 :: file = /star/u/sprastar/data05/07GeV/flag/root/pV1A_D1425BB442373FF0FDFF06207329D350_161.root
101 :: file = /star/u/sprastar/data05/07GeV/flag/root/pV1A_D1425BB442373FF0FDFF06207329D350_190.root
102 :: file = /star/u/sprastar/data05/07GeV/flag/root/pV1A_D1425BB442373FF0FDFF06207329D350_177.root
103 :: file = /star/u/sprastar/data05/07GeV/flag/root/pV1A_D1425BB442373FF0FDFF06207329D350_11.root
104 :: file = /star/u/sprastar/data05/07GeV/flag/root/pV1A_D1425BB442373FF0FDFF06207329D350_1.root
105 :: file = /star/u/sprastar/data05/07GeV/flag/root/pV1A_D1425BB442373FF0FDFF06207329D350_55.root
106 :: file = /star/u/sprastar/data05/07GeV/flag/root/pV1A_D1425BB442373FF0FDFF06207329D350_56.root
107 :: file = /star/u/sprastar/data05/07GeV/flag/root/pV1A_D1425BB442373FF0FDFF06207329D350_57.root
108 :: file = /star/u/sprastar/data05/07GeV/flag/root/pV1A_D1425BB442373FF0FDFF06207329D350_65.root
109 :: file = /star/u/sprastar/data05/07GeV/flag/root/pV1A_D1425BB442373FF0FDFF06207329D350_63.root
110 :: file = /star/u/sprastar/data05/07GeV/flag/root/pV1A_D1425BB442373FF0FDFF06207329D350_89.root
111 :: file = /star/u/sprastar/data05/07GeV/flag/root/pV1A_D1425BB442373FF0FDFF06207329D350_113.root
112 :: file = /star/u/sprastar/data05/07GeV/flag/root/pV1A_D1425BB442373FF0FDFF06207329D350_92.root
113 :: file = /star/u/sprastar/data05/07GeV/flag/root/pV1A_D1425BB442373FF0FDFF06207329D350_87.root
114 :: file = /star/u/sprastar/data05/07GeV/flag/root/pV1A_D1425BB442373FF0FDFF06207329D350_97.root
115 :: file = /star/u/sprastar/data05/07GeV/flag/root/pV1A_D1425BB442373FF0FDFF06207329D350_124.root
116 :: file = /star/u/sprastar/data05/07GeV/flag/root/pV1A_D1425BB442373FF0FDFF06207329D350_94.root
117 :: file = /star/u/sprastar/data05/07GeV/flag/root/pV1A_D1425BB442373FF0FDFF06207329D350_101.root
118 :: file = /star/u/sprastar/data05/07GeV/flag/root/pV1A_D1425BB442373FF0FDFF06207329D350_93.root
119 :: file = /star/u/sprastar/data05/07GeV/flag/root/pV1A_D1425BB442373FF0FDFF06207329D350_111.root
120 :: file = /star/u/sprastar/data05/07GeV/flag/root/pV1A_D1425BB442373FF0FDFF06207329D350_125.root
121 :: file = /star/u/sprastar/data05/07GeV/flag/root/pV1A_D1425BB442373FF0FDFF06207329D350_112.root
122 :: file = /star/u/sprastar/data05/07GeV/flag/root/pV1A_D1425BB442373FF0FDFF06207329D350_132.root
123 :: file = /star/u/sprastar/data05/07GeV/flag/root/pV1A_D1425BB442373FF0FDFF06207329D350_139.root
124 :: file = /star/u/sprastar/data05/07GeV/flag/root/pV1A_D1425BB442373FF0FDFF06207329D350_142.root
125 :: file = /star/u/sprastar/data05/07GeV/flag/root/pV1A_D1425BB442373FF0FDFF06207329D350_153.root
126 :: file = /star/u/sprastar/data05/07GeV/flag/root/pV1A_D1425BB442373FF0FDFF06207329D350_14.root
127 :: file = /star/u/sprastar/data05/07GeV/flag/root/pV1A_D1425BB442373FF0FDFF06207329D350_187.root
128 :: file = /star/u/sprastar/data05/07GeV/flag/root/pV1A_D1425BB442373FF0FDFF06207329D350_191.root
129 :: file = /star/u/sprastar/data05/07GeV/flag/root/pV1A_D1425BB442373FF0FDFF06207329D350_189.root
130 :: file = /star/u/sprastar/data05/07GeV/flag/root/pV1A_D1425BB442373FF0FDFF06207329D350_195.root
131 :: file = /star/u/sprastar/data05/07GeV/flag/root/pV1A_D1425BB442373FF0FDFF06207329D350_208.root
132 :: file = /star/u/sprastar/data05/07GeV/flag/root/pV1A_D1425BB442373FF0FDFF06207329D350_203.root
133 :: file = /star/u/sprastar/data05/07GeV/flag/root/pV1A_D1425BB442373FF0FDFF06207329D350_210.root
134 :: file = /star/u/sprastar/data05/07GeV/flag/root/pV1A_D1425BB442373FF0FDFF06207329D350_39.root
135 :: file = /star/u/sprastar/data05/07GeV/flag/root/pV1A_D1425BB442373FF0FDFF06207329D350_54.root
136 :: file = /star/u/sprastar/data05/07GeV/flag/root/pV1A_D1425BB442373FF0FDFF06207329D350_53.root
137 :: file = /star/u/sprastar/data05/07GeV/flag/root/pV1A_D1425BB442373FF0FDFF06207329D350_83.root
138 :: file = /star/u/sprastar/data05/07GeV/flag/root/pV1A_D1425BB442373FF0FDFF06207329D350_73.root
139 :: file = /star/u/sprastar/data05/07GeV/flag/root/pV1A_D1425BB442373FF0FDFF06207329D350_103.root
140 :: file = /star/u/sprastar/data05/07GeV/flag/root/pV1A_D1425BB442373FF0FDFF06207329D350_123.root
141 :: file = /star/u/sprastar/data05/07GeV/flag/root/pV1A_D1425BB442373FF0FDFF06207329D350_110.root
142 :: file = /star/u/sprastar/data05/07GeV/flag/root/pV1A_D1425BB442373FF0FDFF06207329D350_116.root
143 :: file = /star/u/sprastar/data05/07GeV/flag/root/pV1A_D1425BB442373FF0FDFF06207329D350_127.root
144 :: file = /star/u/sprastar/data05/07GeV/flag/root/pV1A_D1425BB442373FF0FDFF06207329D350_164.root
145 :: file = /star/u/sprastar/data05/07GeV/flag/root/pV1A_D1425BB442373FF0FDFF06207329D350_150.root
146 :: file = /star/u/sprastar/data05/07GeV/flag/root/pV1A_D1425BB442373FF0FDFF06207329D350_144.root
147 :: file = /star/u/sprastar/data05/07GeV/flag/root/pV1A_D1425BB442373FF0FDFF06207329D350_6.root
148 :: file = /star/u/sprastar/data05/07GeV/flag/root/pV1A_D1425BB442373FF0FDFF06207329D350_166.root
149 :: file = /star/u/sprastar/data05/07GeV/flag/root/pV1A_D1425BB442373FF0FDFF06207329D350_171.root
150 :: file = /star/u/sprastar/data05/07GeV/flag/root/pV1A_D1425BB442373FF0FDFF06207329D350_47.root
151 :: file = /star/u/sprastar/data05/07GeV/flag/root/pV1A_D1425BB442373FF0FDFF06207329D350_193.root
152 :: file = /star/u/sprastar/data05/07GeV/flag/root/pV1A_D1425BB442373FF0FDFF06207329D350_52.root
153 :: file = /star/u/sprastar/data05/07GeV/flag/root/pV1A_D1425BB442373FF0FDFF06207329D350_157.root
154 :: file = /star/u/sprastar/data05/07GeV/flag/root/pV1A_D1425BB442373FF0FDFF06207329D350_176.root
155 :: file = /star/u/sprastar/data05/07GeV/flag/root/pV1A_D1425BB442373FF0FDFF06207329D350_186.root
156 :: file = /star/u/sprastar/data05/07GeV/flag/root/pV1A_D1425BB442373FF0FDFF06207329D350_205.root
157 :: file = /star/u/sprastar/data05/07GeV/flag/root/pV1A_D1425BB442373FF0FDFF06207329D350_4.root
158 :: file = /star/u/sprastar/data05/07GeV/flag/root/pV1A_D1425BB442373FF0FDFF06207329D350_30.root
159 :: file = /star/u/sprastar/data05/07GeV/flag/root/pV1A_D1425BB442373FF0FDFF06207329D350_13.root
160 :: file = /star/u/sprastar/data05/07GeV/flag/root/pV1A_D1425BB442373FF0FDFF06207329D350_23.root
161 :: file = /star/u/sprastar/data05/07GeV/flag/root/pV1A_D1425BB442373FF0FDFF06207329D350_22.root
162 :: file = /star/u/sprastar/data05/07GeV/flag/root/pV1A_D1425BB442373FF0FDFF06207329D350_36.root
163 :: file = /star/u/sprastar/data05/07GeV/flag/root/pV1A_D1425BB442373FF0FDFF06207329D350_31.root
164 :: file = /star/u/sprastar/data05/07GeV/flag/root/pV1A_D1425BB442373FF0FDFF06207329D350_59.root
165 :: file = /star/u/sprastar/data05/07GeV/flag/root/pV1A_D1425BB442373FF0FDFF06207329D350_33.root
166 :: file = /star/u/sprastar/data05/07GeV/flag/root/pV1A_D1425BB442373FF0FDFF06207329D350_72.root
167 :: file = /star/u/sprastar/data05/07GeV/flag/root/pV1A_D1425BB442373FF0FDFF06207329D350_69.root
168 :: file = /star/u/sprastar/data05/07GeV/flag/root/pV1A_D1425BB442373FF0FDFF06207329D350_62.root
169 :: file = /star/u/sprastar/data05/07GeV/flag/root/pV1A_D1425BB442373FF0FDFF06207329D350_86.root
170 :: file = /star/u/sprastar/data05/07GeV/flag/root/pV1A_D1425BB442373FF0FDFF06207329D350_120.root
171 :: file = /star/u/sprastar/data05/07GeV/flag/root/pV1A_D1425BB442373FF0FDFF06207329D350_100.root
172 :: file = /star/u/sprastar/data05/07GeV/flag/root/pV1A_D1425BB442373FF0FDFF06207329D350_107.root
173 :: file = /star/u/sprastar/data05/07GeV/flag/root/pV1A_D1425BB442373FF0FDFF06207329D350_96.root
174 :: file = /star/u/sprastar/data05/07GeV/flag/root/pV1A_D1425BB442373FF0FDFF06207329D350_102.root
175 :: file = /star/u/sprastar/data05/07GeV/flag/root/pV1A_D1425BB442373FF0FDFF06207329D350_136.root
176 :: file = /star/u/sprastar/data05/07GeV/flag/root/pV1A_D1425BB442373FF0FDFF06207329D350_158.root
177 :: file = /star/u/sprastar/data05/07GeV/flag/root/pV1A_D1425BB442373FF0FDFF06207329D350_168.root
178 :: file = /star/u/sprastar/data05/07GeV/flag/root/pV1A_D1425BB442373FF0FDFF06207329D350_156.root
179 :: file = /star/u/sprastar/data05/07GeV/flag/root/pV1A_D1425BB442373FF0FDFF06207329D350_42.root
180 :: file = /star/u/sprastar/data05/07GeV/flag/root/pV1A_D1425BB442373FF0FDFF06207329D350_159.root
181 :: file = /star/u/sprastar/data05/07GeV/flag/root/pV1A_D1425BB442373FF0FDFF06207329D350_154.root
182 :: file = /star/u/sprastar/data05/07GeV/flag/root/pV1A_D1425BB442373FF0FDFF06207329D350_155.root
183 :: file = /star/u/sprastar/data05/07GeV/flag/root/pV1A_D1425BB442373FF0FDFF06207329D350_152.root
184 :: file = /star/u/sprastar/data05/07GeV/flag/root/pV1A_D1425BB442373FF0FDFF06207329D350_180.root
185 :: file = /star/u/sprastar/data05/07GeV/flag/root/pV1A_D1425BB442373FF0FDFF06207329D350_184.root
186 :: file = /star/u/sprastar/data05/07GeV/flag/root/pV1A_D1425BB442373FF0FDFF06207329D350_181.root
187 :: file = /star/u/sprastar/data05/07GeV/flag/root/pV1A_D1425BB442373FF0FDFF06207329D350_162.root
188 :: file = /star/u/sprastar/data05/07GeV/flag/root/pV1A_D1425BB442373FF0FDFF06207329D350_179.root
189 :: file = /star/u/sprastar/data05/07GeV/flag/root/pV1A_D1425BB442373FF0FDFF06207329D350_207.root
190 :: file = /star/u/sprastar/data05/07GeV/flag/root/pV1A_D1425BB442373FF0FDFF06207329D350_206.root
191 :: file = /star/u/sprastar/data05/07GeV/flag/root/pV1A_D1425BB442373FF0FDFF06207329D350_10.root
192 :: file = /star/u/sprastar/data05/07GeV/flag/root/pV1A_D1425BB442373FF0FDFF06207329D350_27.root
193 :: file = /star/u/sprastar/data05/07GeV/flag/root/pV1A_D1425BB442373FF0FDFF06207329D350_26.root
194 :: file = /star/u/sprastar/data05/07GeV/flag/root/pV1A_D1425BB442373FF0FDFF06207329D350_16.root
195 :: file = /star/u/sprastar/data05/07GeV/flag/root/pV1A_D1425BB442373FF0FDFF06207329D350_35.root
196 :: file = /star/u/sprastar/data05/07GeV/flag/root/pV1A_D1425BB442373FF0FDFF06207329D350_85.root
197 :: file = /star/u/sprastar/data05/07GeV/flag/root/pV1A_D1425BB442373FF0FDFF06207329D350_60.root
198 :: file = /star/u/sprastar/data05/07GeV/flag/root/pV1A_D1425BB442373FF0FDFF06207329D350_80.root
199 :: file = /star/u/sprastar/data05/07GeV/flag/root/pV1A_D1425BB442373FF0FDFF06207329D350_76.root
200 :: file = /star/u/sprastar/data05/07GeV/flag/root/pV1A_D1425BB442373FF0FDFF06207329D350_79.root
201 :: file = /star/u/sprastar/data05/07GeV/flag/root/pV1A_D1425BB442373FF0FDFF06207329D350_104.root
202 :: file = /star/u/sprastar/data05/07GeV/flag/root/pV1A_D1425BB442373FF0FDFF06207329D350_117.root
203 :: file = /star/u/sprastar/data05/07GeV/flag/root/pV1A_D1425BB442373FF0FDFF06207329D350_134.root
204 :: file = /star/u/sprastar/data05/07GeV/flag/root/pV1A_D1425BB442373FF0FDFF06207329D350_151.root
205 :: file = /star/u/sprastar/data05/07GeV/flag/root/pV1A_D1425BB442373FF0FDFF06207329D350_145.root
206 :: file = /star/u/sprastar/data05/07GeV/flag/root/pV1A_D1425BB442373FF0FDFF06207329D350_167.root
207 :: file = /star/u/sprastar/data05/07GeV/flag/root/pV1A_D1425BB442373FF0FDFF06207329D350_175.root
208 :: file = /star/u/sprastar/data05/07GeV/flag/root/pV1A_D1425BB442373FF0FDFF06207329D350_183.root
209 :: file = /star/u/sprastar/data05/07GeV/flag/root/pV1A_D1425BB442373FF0FDFF06207329D350_172.root
210 :: file = /star/u/sprastar/data05/07GeV/flag/root/pV1A_D1425BB442373FF0FDFF06207329D350_182.root
375374
0

This is the end of ROOT -- Goodbye

