  *******************************************
  *                                         *
  *        W E L C O M E  to  R O O T       *
  *                                         *
  *   Version   5.34/09      26 June 2013   *
  *                                         *
  *  You are welcome to visit our Web site  *
  *          http://root.cern.ch            *
  *                                         *
  *******************************************

ROOT 5.34/09 (v5-34-09@v5-34-09, Jun 26 2013, 17:10:36 on linux)

CINT/ROOT C/C++ Interpreter version 5.18.00, July 2, 2010
Type ? for help. Commands must be C++ statements.
Enclose multiple statements between { }.
*** Float Point Exception is OFF ***
 *** Start at Date : Tue Dec 15 12:49:13 2015
QAInfo:You are using STAR_LEVEL : pro, ROOT_LEVEL : 5.34.09 and node : rcas6006.rcf.bnl.gov 
0 :: file = /star/u/sprastar/data05/07GeV/flag/root/pV1K_0EE609EE83133BC0B3A8C898560BBC20_130.root
1 :: file = /star/u/sprastar/data05/07GeV/flag/root/pV1K_0EE609EE83133BC0B3A8C898560BBC20_22.root
2 :: file = /star/u/sprastar/data05/07GeV/flag/root/pV1K_0EE609EE83133BC0B3A8C898560BBC20_58.root
3 :: file = /star/u/sprastar/data05/07GeV/flag/root/pV1K_0EE609EE83133BC0B3A8C898560BBC20_15.root
4 :: file = /star/u/sprastar/data05/07GeV/flag/root/pV1K_0EE609EE83133BC0B3A8C898560BBC20_21.root
5 :: file = /star/u/sprastar/data05/07GeV/flag/root/pV1K_0EE609EE83133BC0B3A8C898560BBC20_77.root
6 :: file = /star/u/sprastar/data05/07GeV/flag/root/pV1K_0EE609EE83133BC0B3A8C898560BBC20_103.root
7 :: file = /star/u/sprastar/data05/07GeV/flag/root/pV1K_0EE609EE83133BC0B3A8C898560BBC20_6.root
8 :: file = /star/u/sprastar/data05/07GeV/flag/root/pV1K_0EE609EE83133BC0B3A8C898560BBC20_19.root
9 :: file = /star/u/sprastar/data05/07GeV/flag/root/pV1K_0EE609EE83133BC0B3A8C898560BBC20_80.root
10 :: file = /star/u/sprastar/data05/07GeV/flag/root/pV1K_0EE609EE83133BC0B3A8C898560BBC20_78.root
11 :: file = /star/u/sprastar/data05/07GeV/flag/root/pV1K_0EE609EE83133BC0B3A8C898560BBC20_156.root
12 :: file = /star/u/sprastar/data05/07GeV/flag/root/pV1K_0EE609EE83133BC0B3A8C898560BBC20_84.root
13 :: file = /star/u/sprastar/data05/07GeV/flag/root/pV1K_0EE609EE83133BC0B3A8C898560BBC20_76.root
14 :: file = /star/u/sprastar/data05/07GeV/flag/root/pV1K_0EE609EE83133BC0B3A8C898560BBC20_139.root
15 :: file = /star/u/sprastar/data05/07GeV/flag/root/pV1K_0EE609EE83133BC0B3A8C898560BBC20_100.root
16 :: file = /star/u/sprastar/data05/07GeV/flag/root/pV1K_0EE609EE83133BC0B3A8C898560BBC20_81.root
17 :: file = /star/u/sprastar/data05/07GeV/flag/root/pV1K_0EE609EE83133BC0B3A8C898560BBC20_116.root
18 :: file = /star/u/sprastar/data05/07GeV/flag/root/pV1K_0EE609EE83133BC0B3A8C898560BBC20_171.root
19 :: file = /star/u/sprastar/data05/07GeV/flag/root/pV1K_0EE609EE83133BC0B3A8C898560BBC20_145.root
20 :: file = /star/u/sprastar/data05/07GeV/flag/root/pV1K_0EE609EE83133BC0B3A8C898560BBC20_152.root
21 :: file = /star/u/sprastar/data05/07GeV/flag/root/pV1K_0EE609EE83133BC0B3A8C898560BBC20_191.root
22 :: file = /star/u/sprastar/data05/07GeV/flag/root/pV1K_0EE609EE83133BC0B3A8C898560BBC20_185.root
23 :: file = /star/u/sprastar/data05/07GeV/flag/root/pV1K_0EE609EE83133BC0B3A8C898560BBC20_187.root
24 :: file = /star/u/sprastar/data05/07GeV/flag/root/pV1K_0EE609EE83133BC0B3A8C898560BBC20_59.root
25 :: file = /star/u/sprastar/data05/07GeV/flag/root/pV1K_0EE609EE83133BC0B3A8C898560BBC20_68.root
26 :: file = /star/u/sprastar/data05/07GeV/flag/root/pV1K_0EE609EE83133BC0B3A8C898560BBC20_74.root
27 :: file = /star/u/sprastar/data05/07GeV/flag/root/pV1K_0EE609EE83133BC0B3A8C898560BBC20_2.root
28 :: file = /star/u/sprastar/data05/07GeV/flag/root/pV1K_0EE609EE83133BC0B3A8C898560BBC20_13.root
29 :: file = /star/u/sprastar/data05/07GeV/flag/root/pV1K_0EE609EE83133BC0B3A8C898560BBC20_119.root
30 :: file = /star/u/sprastar/data05/07GeV/flag/root/pV1K_0EE609EE83133BC0B3A8C898560BBC20_98.root
31 :: file = /star/u/sprastar/data05/07GeV/flag/root/pV1K_0EE609EE83133BC0B3A8C898560BBC20_35.root
32 :: file = /star/u/sprastar/data05/07GeV/flag/root/pV1K_0EE609EE83133BC0B3A8C898560BBC20_120.root
33 :: file = /star/u/sprastar/data05/07GeV/flag/root/pV1K_0EE609EE83133BC0B3A8C898560BBC20_40.root
34 :: file = /star/u/sprastar/data05/07GeV/flag/root/pV1K_0EE609EE83133BC0B3A8C898560BBC20_161.root
35 :: file = /star/u/sprastar/data05/07GeV/flag/root/pV1K_0EE609EE83133BC0B3A8C898560BBC20_101.root
36 :: file = /star/u/sprastar/data05/07GeV/flag/root/pV1K_0EE609EE83133BC0B3A8C898560BBC20_93.root
37 :: file = /star/u/sprastar/data05/07GeV/flag/root/pV1K_0EE609EE83133BC0B3A8C898560BBC20_141.root
38 :: file = /star/u/sprastar/data05/07GeV/flag/root/pV1K_0EE609EE83133BC0B3A8C898560BBC20_126.root
39 :: file = /star/u/sprastar/data05/07GeV/flag/root/pV1K_0EE609EE83133BC0B3A8C898560BBC20_164.root
40 :: file = /star/u/sprastar/data05/07GeV/flag/root/pV1K_0EE609EE83133BC0B3A8C898560BBC20_154.root
41 :: file = /star/u/sprastar/data05/07GeV/flag/root/pV1K_0EE609EE83133BC0B3A8C898560BBC20_200.root
42 :: file = /star/u/sprastar/data05/07GeV/flag/root/pV1K_0EE609EE83133BC0B3A8C898560BBC20_193.root
43 :: file = /star/u/sprastar/data05/07GeV/flag/root/pV1K_0EE609EE83133BC0B3A8C898560BBC20_178.root
44 :: file = /star/u/sprastar/data05/07GeV/flag/root/pV1K_0EE609EE83133BC0B3A8C898560BBC20_209.root
45 :: file = /star/u/sprastar/data05/07GeV/flag/root/pV1K_0EE609EE83133BC0B3A8C898560BBC20_113.root
46 :: file = /star/u/sprastar/data05/07GeV/flag/root/pV1K_0EE609EE83133BC0B3A8C898560BBC20_20.root
47 :: file = /star/u/sprastar/data05/07GeV/flag/root/pV1K_0EE609EE83133BC0B3A8C898560BBC20_46.root
48 :: file = /star/u/sprastar/data05/07GeV/flag/root/pV1K_0EE609EE83133BC0B3A8C898560BBC20_135.root
49 :: file = /star/u/sprastar/data05/07GeV/flag/root/pV1K_0EE609EE83133BC0B3A8C898560BBC20_55.root
50 :: file = /star/u/sprastar/data05/07GeV/flag/root/pV1K_0EE609EE83133BC0B3A8C898560BBC20_107.root
51 :: file = /star/u/sprastar/data05/07GeV/flag/root/pV1K_0EE609EE83133BC0B3A8C898560BBC20_97.root
52 :: file = /star/u/sprastar/data05/07GeV/flag/root/pV1K_0EE609EE83133BC0B3A8C898560BBC20_33.root
53 :: file = /star/u/sprastar/data05/07GeV/flag/root/pV1K_0EE609EE83133BC0B3A8C898560BBC20_36.root
54 :: file = /star/u/sprastar/data05/07GeV/flag/root/pV1K_0EE609EE83133BC0B3A8C898560BBC20_56.root
55 :: file = /star/u/sprastar/data05/07GeV/flag/root/pV1K_0EE609EE83133BC0B3A8C898560BBC20_48.root
56 :: file = /star/u/sprastar/data05/07GeV/flag/root/pV1K_0EE609EE83133BC0B3A8C898560BBC20_57.root
57 :: file = /star/u/sprastar/data05/07GeV/flag/root/pV1K_0EE609EE83133BC0B3A8C898560BBC20_132.root
58 :: file = /star/u/sprastar/data05/07GeV/flag/root/pV1K_0EE609EE83133BC0B3A8C898560BBC20_165.root
59 :: file = /star/u/sprastar/data05/07GeV/flag/root/pV1K_0EE609EE83133BC0B3A8C898560BBC20_166.root
60 :: file = /star/u/sprastar/data05/07GeV/flag/root/pV1K_0EE609EE83133BC0B3A8C898560BBC20_184.root
61 :: file = /star/u/sprastar/data05/07GeV/flag/root/pV1K_0EE609EE83133BC0B3A8C898560BBC20_136.root
62 :: file = /star/u/sprastar/data05/07GeV/flag/root/pV1K_0EE609EE83133BC0B3A8C898560BBC20_182.root
63 :: file = /star/u/sprastar/data05/07GeV/flag/root/pV1K_0EE609EE83133BC0B3A8C898560BBC20_180.root
64 :: file = /star/u/sprastar/data05/07GeV/flag/root/pV1K_0EE609EE83133BC0B3A8C898560BBC20_194.root
65 :: file = /star/u/sprastar/data05/07GeV/flag/root/pV1K_0EE609EE83133BC0B3A8C898560BBC20_206.root
66 :: file = /star/u/sprastar/data05/07GeV/flag/root/pV1K_0EE609EE83133BC0B3A8C898560BBC20_201.root
67 :: file = /star/u/sprastar/data05/07GeV/flag/root/pV1K_0EE609EE83133BC0B3A8C898560BBC20_197.root
68 :: file = /star/u/sprastar/data05/07GeV/flag/root/pV1K_0EE609EE83133BC0B3A8C898560BBC20_208.root
69 :: file = /star/u/sprastar/data05/07GeV/flag/root/pV1K_0EE609EE83133BC0B3A8C898560BBC20_95.root
70 :: file = /star/u/sprastar/data05/07GeV/flag/root/pV1K_0EE609EE83133BC0B3A8C898560BBC20_105.root
71 :: file = /star/u/sprastar/data05/07GeV/flag/root/pV1K_0EE609EE83133BC0B3A8C898560BBC20_85.root
72 :: file = /star/u/sprastar/data05/07GeV/flag/root/pV1K_0EE609EE83133BC0B3A8C898560BBC20_1.root
73 :: file = /star/u/sprastar/data05/07GeV/flag/root/pV1K_0EE609EE83133BC0B3A8C898560BBC20_16.root
74 :: file = /star/u/sprastar/data05/07GeV/flag/root/pV1K_0EE609EE83133BC0B3A8C898560BBC20_10.root
75 :: file = /star/u/sprastar/data05/07GeV/flag/root/pV1K_0EE609EE83133BC0B3A8C898560BBC20_88.root
76 :: file = /star/u/sprastar/data05/07GeV/flag/root/pV1K_0EE609EE83133BC0B3A8C898560BBC20_37.root
77 :: file = /star/u/sprastar/data05/07GeV/flag/root/pV1K_0EE609EE83133BC0B3A8C898560BBC20_24.root
78 :: file = /star/u/sprastar/data05/07GeV/flag/root/pV1K_0EE609EE83133BC0B3A8C898560BBC20_38.root
79 :: file = /star/u/sprastar/data05/07GeV/flag/root/pV1K_0EE609EE83133BC0B3A8C898560BBC20_42.root
80 :: file = /star/u/sprastar/data05/07GeV/flag/root/pV1K_0EE609EE83133BC0B3A8C898560BBC20_61.root
81 :: file = /star/u/sprastar/data05/07GeV/flag/root/pV1K_0EE609EE83133BC0B3A8C898560BBC20_83.root
82 :: file = /star/u/sprastar/data05/07GeV/flag/root/pV1K_0EE609EE83133BC0B3A8C898560BBC20_99.root
83 :: file = /star/u/sprastar/data05/07GeV/flag/root/pV1K_0EE609EE83133BC0B3A8C898560BBC20_70.root
84 :: file = /star/u/sprastar/data05/07GeV/flag/root/pV1K_0EE609EE83133BC0B3A8C898560BBC20_142.root
85 :: file = /star/u/sprastar/data05/07GeV/flag/root/pV1K_0EE609EE83133BC0B3A8C898560BBC20_94.root
86 :: file = /star/u/sprastar/data05/07GeV/flag/root/pV1K_0EE609EE83133BC0B3A8C898560BBC20_102.root
87 :: file = /star/u/sprastar/data05/07GeV/flag/root/pV1K_0EE609EE83133BC0B3A8C898560BBC20_167.root
88 :: file = /star/u/sprastar/data05/07GeV/flag/root/pV1K_0EE609EE83133BC0B3A8C898560BBC20_162.root
89 :: file = /star/u/sprastar/data05/07GeV/flag/root/pV1K_0EE609EE83133BC0B3A8C898560BBC20_128.root
90 :: file = /star/u/sprastar/data05/07GeV/flag/root/pV1K_0EE609EE83133BC0B3A8C898560BBC20_149.root
91 :: file = /star/u/sprastar/data05/07GeV/flag/root/pV1K_0EE609EE83133BC0B3A8C898560BBC20_151.root
92 :: file = /star/u/sprastar/data05/07GeV/flag/root/pV1K_0EE609EE83133BC0B3A8C898560BBC20_179.root
93 :: file = /star/u/sprastar/data05/07GeV/flag/root/pV1K_0EE609EE83133BC0B3A8C898560BBC20_192.root
94 :: file = /star/u/sprastar/data05/07GeV/flag/root/pV1K_0EE609EE83133BC0B3A8C898560BBC20_207.root
95 :: file = /star/u/sprastar/data05/07GeV/flag/root/pV1K_0EE609EE83133BC0B3A8C898560BBC20_45.root
96 :: file = /star/u/sprastar/data05/07GeV/flag/root/pV1K_0EE609EE83133BC0B3A8C898560BBC20_14.root
97 :: file = /star/u/sprastar/data05/07GeV/flag/root/pV1K_0EE609EE83133BC0B3A8C898560BBC20_7.root
98 :: file = /star/u/sprastar/data05/07GeV/flag/root/pV1K_0EE609EE83133BC0B3A8C898560BBC20_30.root
99 :: file = /star/u/sprastar/data05/07GeV/flag/root/pV1K_0EE609EE83133BC0B3A8C898560BBC20_17.root
100 :: file = /star/u/sprastar/data05/07GeV/flag/root/pV1K_0EE609EE83133BC0B3A8C898560BBC20_27.root
101 :: file = /star/u/sprastar/data05/07GeV/flag/root/pV1K_0EE609EE83133BC0B3A8C898560BBC20_5.root
102 :: file = /star/u/sprastar/data05/07GeV/flag/root/pV1K_0EE609EE83133BC0B3A8C898560BBC20_41.root
103 :: file = /star/u/sprastar/data05/07GeV/flag/root/pV1K_0EE609EE83133BC0B3A8C898560BBC20_43.root
104 :: file = /star/u/sprastar/data05/07GeV/flag/root/pV1K_0EE609EE83133BC0B3A8C898560BBC20_0.root
105 :: file = /star/u/sprastar/data05/07GeV/flag/root/pV1K_0EE609EE83133BC0B3A8C898560BBC20_34.root
106 :: file = /star/u/sprastar/data05/07GeV/flag/root/pV1K_0EE609EE83133BC0B3A8C898560BBC20_109.root
107 :: file = /star/u/sprastar/data05/07GeV/flag/root/pV1K_0EE609EE83133BC0B3A8C898560BBC20_26.root
108 :: file = /star/u/sprastar/data05/07GeV/flag/root/pV1K_0EE609EE83133BC0B3A8C898560BBC20_124.root
109 :: file = /star/u/sprastar/data05/07GeV/flag/root/pV1K_0EE609EE83133BC0B3A8C898560BBC20_87.root
110 :: file = /star/u/sprastar/data05/07GeV/flag/root/pV1K_0EE609EE83133BC0B3A8C898560BBC20_168.root
111 :: file = /star/u/sprastar/data05/07GeV/flag/root/pV1K_0EE609EE83133BC0B3A8C898560BBC20_54.root
112 :: file = /star/u/sprastar/data05/07GeV/flag/root/pV1K_0EE609EE83133BC0B3A8C898560BBC20_89.root
113 :: file = /star/u/sprastar/data05/07GeV/flag/root/pV1K_0EE609EE83133BC0B3A8C898560BBC20_65.root
114 :: file = /star/u/sprastar/data05/07GeV/flag/root/pV1K_0EE609EE83133BC0B3A8C898560BBC20_72.root
115 :: file = /star/u/sprastar/data05/07GeV/flag/root/pV1K_0EE609EE83133BC0B3A8C898560BBC20_134.root
116 :: file = /star/u/sprastar/data05/07GeV/flag/root/pV1K_0EE609EE83133BC0B3A8C898560BBC20_169.root
117 :: file = /star/u/sprastar/data05/07GeV/flag/root/pV1K_0EE609EE83133BC0B3A8C898560BBC20_108.root
118 :: file = /star/u/sprastar/data05/07GeV/flag/root/pV1K_0EE609EE83133BC0B3A8C898560BBC20_131.root
119 :: file = /star/u/sprastar/data05/07GeV/flag/root/pV1K_0EE609EE83133BC0B3A8C898560BBC20_106.root
120 :: file = /star/u/sprastar/data05/07GeV/flag/root/pV1K_0EE609EE83133BC0B3A8C898560BBC20_144.root
121 :: file = /star/u/sprastar/data05/07GeV/flag/root/pV1K_0EE609EE83133BC0B3A8C898560BBC20_114.root
122 :: file = /star/u/sprastar/data05/07GeV/flag/root/pV1K_0EE609EE83133BC0B3A8C898560BBC20_163.root
123 :: file = /star/u/sprastar/data05/07GeV/flag/root/pV1K_0EE609EE83133BC0B3A8C898560BBC20_147.root
124 :: file = /star/u/sprastar/data05/07GeV/flag/root/pV1K_0EE609EE83133BC0B3A8C898560BBC20_127.root
125 :: file = /star/u/sprastar/data05/07GeV/flag/root/pV1K_0EE609EE83133BC0B3A8C898560BBC20_137.root
126 :: file = /star/u/sprastar/data05/07GeV/flag/root/pV1K_0EE609EE83133BC0B3A8C898560BBC20_181.root
127 :: file = /star/u/sprastar/data05/07GeV/flag/root/pV1K_0EE609EE83133BC0B3A8C898560BBC20_170.root
128 :: file = /star/u/sprastar/data05/07GeV/flag/root/pV1K_0EE609EE83133BC0B3A8C898560BBC20_176.root
129 :: file = /star/u/sprastar/data05/07GeV/flag/root/pV1K_0EE609EE83133BC0B3A8C898560BBC20_186.root
130 :: file = /star/u/sprastar/data05/07GeV/flag/root/pV1K_0EE609EE83133BC0B3A8C898560BBC20_198.root
131 :: file = /star/u/sprastar/data05/07GeV/flag/root/pV1K_0EE609EE83133BC0B3A8C898560BBC20_189.root
132 :: file = /star/u/sprastar/data05/07GeV/flag/root/pV1K_0EE609EE83133BC0B3A8C898560BBC20_202.root
133 :: file = /star/u/sprastar/data05/07GeV/flag/root/pV1K_0EE609EE83133BC0B3A8C898560BBC20_205.root
134 :: file = /star/u/sprastar/data05/07GeV/flag/root/pV1K_0EE609EE83133BC0B3A8C898560BBC20_4.root
135 :: file = /star/u/sprastar/data05/07GeV/flag/root/pV1K_0EE609EE83133BC0B3A8C898560BBC20_51.root
136 :: file = /star/u/sprastar/data05/07GeV/flag/root/pV1K_0EE609EE83133BC0B3A8C898560BBC20_8.root
137 :: file = /star/u/sprastar/data05/07GeV/flag/root/pV1K_0EE609EE83133BC0B3A8C898560BBC20_28.root
138 :: file = /star/u/sprastar/data05/07GeV/flag/root/pV1K_0EE609EE83133BC0B3A8C898560BBC20_69.root
139 :: file = /star/u/sprastar/data05/07GeV/flag/root/pV1K_0EE609EE83133BC0B3A8C898560BBC20_31.root
140 :: file = /star/u/sprastar/data05/07GeV/flag/root/pV1K_0EE609EE83133BC0B3A8C898560BBC20_53.root
141 :: file = /star/u/sprastar/data05/07GeV/flag/root/pV1K_0EE609EE83133BC0B3A8C898560BBC20_60.root
142 :: file = /star/u/sprastar/data05/07GeV/flag/root/pV1K_0EE609EE83133BC0B3A8C898560BBC20_52.root
143 :: file = /star/u/sprastar/data05/07GeV/flag/root/pV1K_0EE609EE83133BC0B3A8C898560BBC20_121.root
144 :: file = /star/u/sprastar/data05/07GeV/flag/root/pV1K_0EE609EE83133BC0B3A8C898560BBC20_153.root
145 :: file = /star/u/sprastar/data05/07GeV/flag/root/pV1K_0EE609EE83133BC0B3A8C898560BBC20_79.root
146 :: file = /star/u/sprastar/data05/07GeV/flag/root/pV1K_0EE609EE83133BC0B3A8C898560BBC20_155.root
147 :: file = /star/u/sprastar/data05/07GeV/flag/root/pV1K_0EE609EE83133BC0B3A8C898560BBC20_159.root
148 :: file = /star/u/sprastar/data05/07GeV/flag/root/pV1K_0EE609EE83133BC0B3A8C898560BBC20_117.root
149 :: file = /star/u/sprastar/data05/07GeV/flag/root/pV1K_0EE609EE83133BC0B3A8C898560BBC20_157.root
150 :: file = /star/u/sprastar/data05/07GeV/flag/root/pV1K_0EE609EE83133BC0B3A8C898560BBC20_177.root
151 :: file = /star/u/sprastar/data05/07GeV/flag/root/pV1K_0EE609EE83133BC0B3A8C898560BBC20_183.root
152 :: file = /star/u/sprastar/data05/07GeV/flag/root/pV1K_0EE609EE83133BC0B3A8C898560BBC20_188.root
153 :: file = /star/u/sprastar/data05/07GeV/flag/root/pV1K_0EE609EE83133BC0B3A8C898560BBC20_210.root
154 :: file = /star/u/sprastar/data05/07GeV/flag/root/pV1K_0EE609EE83133BC0B3A8C898560BBC20_203.root
155 :: file = /star/u/sprastar/data05/07GeV/flag/root/pV1K_0EE609EE83133BC0B3A8C898560BBC20_25.root
156 :: file = /star/u/sprastar/data05/07GeV/flag/root/pV1K_0EE609EE83133BC0B3A8C898560BBC20_73.root
157 :: file = /star/u/sprastar/data05/07GeV/flag/root/pV1K_0EE609EE83133BC0B3A8C898560BBC20_62.root
158 :: file = /star/u/sprastar/data05/07GeV/flag/root/pV1K_0EE609EE83133BC0B3A8C898560BBC20_39.root
159 :: file = /star/u/sprastar/data05/07GeV/flag/root/pV1K_0EE609EE83133BC0B3A8C898560BBC20_64.root
160 :: file = /star/u/sprastar/data05/07GeV/flag/root/pV1K_0EE609EE83133BC0B3A8C898560BBC20_125.root
161 :: file = /star/u/sprastar/data05/07GeV/flag/root/pV1K_0EE609EE83133BC0B3A8C898560BBC20_129.root
162 :: file = /star/u/sprastar/data05/07GeV/flag/root/pV1K_0EE609EE83133BC0B3A8C898560BBC20_91.root
163 :: file = /star/u/sprastar/data05/07GeV/flag/root/pV1K_0EE609EE83133BC0B3A8C898560BBC20_86.root
164 :: file = /star/u/sprastar/data05/07GeV/flag/root/pV1K_0EE609EE83133BC0B3A8C898560BBC20_160.root
165 :: file = /star/u/sprastar/data05/07GeV/flag/root/pV1K_0EE609EE83133BC0B3A8C898560BBC20_111.root
166 :: file = /star/u/sprastar/data05/07GeV/flag/root/pV1K_0EE609EE83133BC0B3A8C898560BBC20_112.root
167 :: file = /star/u/sprastar/data05/07GeV/flag/root/pV1K_0EE609EE83133BC0B3A8C898560BBC20_146.root
168 :: file = /star/u/sprastar/data05/07GeV/flag/root/pV1K_0EE609EE83133BC0B3A8C898560BBC20_138.root
169 :: file = /star/u/sprastar/data05/07GeV/flag/root/pV1K_0EE609EE83133BC0B3A8C898560BBC20_133.root
170 :: file = /star/u/sprastar/data05/07GeV/flag/root/pV1K_0EE609EE83133BC0B3A8C898560BBC20_175.root
171 :: file = /star/u/sprastar/data05/07GeV/flag/root/pV1K_0EE609EE83133BC0B3A8C898560BBC20_199.root
172 :: file = /star/u/sprastar/data05/07GeV/flag/root/pV1K_0EE609EE83133BC0B3A8C898560BBC20_190.root
173 :: file = /star/u/sprastar/data05/07GeV/flag/root/pV1K_0EE609EE83133BC0B3A8C898560BBC20_49.root
174 :: file = /star/u/sprastar/data05/07GeV/flag/root/pV1K_0EE609EE83133BC0B3A8C898560BBC20_50.root
175 :: file = /star/u/sprastar/data05/07GeV/flag/root/pV1K_0EE609EE83133BC0B3A8C898560BBC20_18.root
176 :: file = /star/u/sprastar/data05/07GeV/flag/root/pV1K_0EE609EE83133BC0B3A8C898560BBC20_32.root
177 :: file = /star/u/sprastar/data05/07GeV/flag/root/pV1K_0EE609EE83133BC0B3A8C898560BBC20_12.root
178 :: file = /star/u/sprastar/data05/07GeV/flag/root/pV1K_0EE609EE83133BC0B3A8C898560BBC20_158.root
179 :: file = /star/u/sprastar/data05/07GeV/flag/root/pV1K_0EE609EE83133BC0B3A8C898560BBC20_3.root
180 :: file = /star/u/sprastar/data05/07GeV/flag/root/pV1K_0EE609EE83133BC0B3A8C898560BBC20_11.root
181 :: file = /star/u/sprastar/data05/07GeV/flag/root/pV1K_0EE609EE83133BC0B3A8C898560BBC20_82.root
182 :: file = /star/u/sprastar/data05/07GeV/flag/root/pV1K_0EE609EE83133BC0B3A8C898560BBC20_9.root
183 :: file = /star/u/sprastar/data05/07GeV/flag/root/pV1K_0EE609EE83133BC0B3A8C898560BBC20_23.root
184 :: file = /star/u/sprastar/data05/07GeV/flag/root/pV1K_0EE609EE83133BC0B3A8C898560BBC20_66.root
185 :: file = /star/u/sprastar/data05/07GeV/flag/root/pV1K_0EE609EE83133BC0B3A8C898560BBC20_29.root
186 :: file = /star/u/sprastar/data05/07GeV/flag/root/pV1K_0EE609EE83133BC0B3A8C898560BBC20_92.root
187 :: file = /star/u/sprastar/data05/07GeV/flag/root/pV1K_0EE609EE83133BC0B3A8C898560BBC20_47.root
188 :: file = /star/u/sprastar/data05/07GeV/flag/root/pV1K_0EE609EE83133BC0B3A8C898560BBC20_44.root
189 :: file = /star/u/sprastar/data05/07GeV/flag/root/pV1K_0EE609EE83133BC0B3A8C898560BBC20_118.root
190 :: file = /star/u/sprastar/data05/07GeV/flag/root/pV1K_0EE609EE83133BC0B3A8C898560BBC20_71.root
191 :: file = /star/u/sprastar/data05/07GeV/flag/root/pV1K_0EE609EE83133BC0B3A8C898560BBC20_75.root
192 :: file = /star/u/sprastar/data05/07GeV/flag/root/pV1K_0EE609EE83133BC0B3A8C898560BBC20_67.root
193 :: file = /star/u/sprastar/data05/07GeV/flag/root/pV1K_0EE609EE83133BC0B3A8C898560BBC20_63.root
194 :: file = /star/u/sprastar/data05/07GeV/flag/root/pV1K_0EE609EE83133BC0B3A8C898560BBC20_96.root
195 :: file = /star/u/sprastar/data05/07GeV/flag/root/pV1K_0EE609EE83133BC0B3A8C898560BBC20_90.root
196 :: file = /star/u/sprastar/data05/07GeV/flag/root/pV1K_0EE609EE83133BC0B3A8C898560BBC20_104.root
197 :: file = /star/u/sprastar/data05/07GeV/flag/root/pV1K_0EE609EE83133BC0B3A8C898560BBC20_122.root
198 :: file = /star/u/sprastar/data05/07GeV/flag/root/pV1K_0EE609EE83133BC0B3A8C898560BBC20_110.root
199 :: file = /star/u/sprastar/data05/07GeV/flag/root/pV1K_0EE609EE83133BC0B3A8C898560BBC20_123.root
200 :: file = /star/u/sprastar/data05/07GeV/flag/root/pV1K_0EE609EE83133BC0B3A8C898560BBC20_115.root
201 :: file = /star/u/sprastar/data05/07GeV/flag/root/pV1K_0EE609EE83133BC0B3A8C898560BBC20_173.root
202 :: file = /star/u/sprastar/data05/07GeV/flag/root/pV1K_0EE609EE83133BC0B3A8C898560BBC20_150.root
203 :: file = /star/u/sprastar/data05/07GeV/flag/root/pV1K_0EE609EE83133BC0B3A8C898560BBC20_140.root
204 :: file = /star/u/sprastar/data05/07GeV/flag/root/pV1K_0EE609EE83133BC0B3A8C898560BBC20_148.root
205 :: file = /star/u/sprastar/data05/07GeV/flag/root/pV1K_0EE609EE83133BC0B3A8C898560BBC20_172.root
206 :: file = /star/u/sprastar/data05/07GeV/flag/root/pV1K_0EE609EE83133BC0B3A8C898560BBC20_143.root
207 :: file = /star/u/sprastar/data05/07GeV/flag/root/pV1K_0EE609EE83133BC0B3A8C898560BBC20_204.root
208 :: file = /star/u/sprastar/data05/07GeV/flag/root/pV1K_0EE609EE83133BC0B3A8C898560BBC20_196.root
209 :: file = /star/u/sprastar/data05/07GeV/flag/root/pV1K_0EE609EE83133BC0B3A8C898560BBC20_195.root
210 :: file = /star/u/sprastar/data05/07GeV/flag/root/pV1K_0EE609EE83133BC0B3A8C898560BBC20_174.root
2557100
0
1000000
2000000

This is the end of ROOT -- Goodbye

