  *******************************************
  *                                         *
  *        W E L C O M E  to  R O O T       *
  *                                         *
  *   Version   5.34/09      26 June 2013   *
  *                                         *
  *  You are welcome to visit our Web site  *
  *          http://root.cern.ch            *
  *                                         *
  *******************************************

ROOT 5.34/09 (v5-34-09@v5-34-09, Jun 26 2013, 17:10:36 on linux)

CINT/ROOT C/C++ Interpreter version 5.18.00, July 2, 2010
Type ? for help. Commands must be C++ statements.
Enclose multiple statements between { }.
*** Float Point Exception is OFF ***
 *** Start at Date : Tue Dec 15 12:42:14 2015
QAInfo:You are using STAR_LEVEL : pro, ROOT_LEVEL : 5.34.09 and node : rcas6006.rcf.bnl.gov 
0 :: file = /star/u/sprastar/data05/07GeV/flag/root/pV1L_4DF756E825B97C887573EC7E686669B2_170.root
1 :: file = /star/u/sprastar/data05/07GeV/flag/root/pV1L_4DF756E825B97C887573EC7E686669B2_6.root
2 :: file = /star/u/sprastar/data05/07GeV/flag/root/pV1L_4DF756E825B97C887573EC7E686669B2_149.root
3 :: file = /star/u/sprastar/data05/07GeV/flag/root/pV1L_4DF756E825B97C887573EC7E686669B2_150.root
4 :: file = /star/u/sprastar/data05/07GeV/flag/root/pV1L_4DF756E825B97C887573EC7E686669B2_111.root
5 :: file = /star/u/sprastar/data05/07GeV/flag/root/pV1L_4DF756E825B97C887573EC7E686669B2_140.root
6 :: file = /star/u/sprastar/data05/07GeV/flag/root/pV1L_4DF756E825B97C887573EC7E686669B2_61.root
7 :: file = /star/u/sprastar/data05/07GeV/flag/root/pV1L_4DF756E825B97C887573EC7E686669B2_34.root
8 :: file = /star/u/sprastar/data05/07GeV/flag/root/pV1L_4DF756E825B97C887573EC7E686669B2_36.root
9 :: file = /star/u/sprastar/data05/07GeV/flag/root/pV1L_4DF756E825B97C887573EC7E686669B2_87.root
10 :: file = /star/u/sprastar/data05/07GeV/flag/root/pV1L_4DF756E825B97C887573EC7E686669B2_133.root
11 :: file = /star/u/sprastar/data05/07GeV/flag/root/pV1L_4DF756E825B97C887573EC7E686669B2_110.root
12 :: file = /star/u/sprastar/data05/07GeV/flag/root/pV1L_4DF756E825B97C887573EC7E686669B2_52.root
13 :: file = /star/u/sprastar/data05/07GeV/flag/root/pV1L_4DF756E825B97C887573EC7E686669B2_72.root
14 :: file = /star/u/sprastar/data05/07GeV/flag/root/pV1L_4DF756E825B97C887573EC7E686669B2_130.root
15 :: file = /star/u/sprastar/data05/07GeV/flag/root/pV1L_4DF756E825B97C887573EC7E686669B2_10.root
16 :: file = /star/u/sprastar/data05/07GeV/flag/root/pV1L_4DF756E825B97C887573EC7E686669B2_57.root
17 :: file = /star/u/sprastar/data05/07GeV/flag/root/pV1L_4DF756E825B97C887573EC7E686669B2_79.root
18 :: file = /star/u/sprastar/data05/07GeV/flag/root/pV1L_4DF756E825B97C887573EC7E686669B2_156.root
19 :: file = /star/u/sprastar/data05/07GeV/flag/root/pV1L_4DF756E825B97C887573EC7E686669B2_63.root
20 :: file = /star/u/sprastar/data05/07GeV/flag/root/pV1L_4DF756E825B97C887573EC7E686669B2_70.root
21 :: file = /star/u/sprastar/data05/07GeV/flag/root/pV1L_4DF756E825B97C887573EC7E686669B2_18.root
22 :: file = /star/u/sprastar/data05/07GeV/flag/root/pV1L_4DF756E825B97C887573EC7E686669B2_146.root
23 :: file = /star/u/sprastar/data05/07GeV/flag/root/pV1L_4DF756E825B97C887573EC7E686669B2_207.root
24 :: file = /star/u/sprastar/data05/07GeV/flag/root/pV1L_4DF756E825B97C887573EC7E686669B2_21.root
25 :: file = /star/u/sprastar/data05/07GeV/flag/root/pV1L_4DF756E825B97C887573EC7E686669B2_174.root
26 :: file = /star/u/sprastar/data05/07GeV/flag/root/pV1L_4DF756E825B97C887573EC7E686669B2_175.root
27 :: file = /star/u/sprastar/data05/07GeV/flag/root/pV1L_4DF756E825B97C887573EC7E686669B2_162.root
28 :: file = /star/u/sprastar/data05/07GeV/flag/root/pV1L_4DF756E825B97C887573EC7E686669B2_151.root
29 :: file = /star/u/sprastar/data05/07GeV/flag/root/pV1L_4DF756E825B97C887573EC7E686669B2_120.root
30 :: file = /star/u/sprastar/data05/07GeV/flag/root/pV1L_4DF756E825B97C887573EC7E686669B2_78.root
31 :: file = /star/u/sprastar/data05/07GeV/flag/root/pV1L_4DF756E825B97C887573EC7E686669B2_82.root
32 :: file = /star/u/sprastar/data05/07GeV/flag/root/pV1L_4DF756E825B97C887573EC7E686669B2_95.root
33 :: file = /star/u/sprastar/data05/07GeV/flag/root/pV1L_4DF756E825B97C887573EC7E686669B2_137.root
34 :: file = /star/u/sprastar/data05/07GeV/flag/root/pV1L_4DF756E825B97C887573EC7E686669B2_88.root
35 :: file = /star/u/sprastar/data05/07GeV/flag/root/pV1L_4DF756E825B97C887573EC7E686669B2_44.root
36 :: file = /star/u/sprastar/data05/07GeV/flag/root/pV1L_4DF756E825B97C887573EC7E686669B2_28.root
37 :: file = /star/u/sprastar/data05/07GeV/flag/root/pV1L_4DF756E825B97C887573EC7E686669B2_33.root
38 :: file = /star/u/sprastar/data05/07GeV/flag/root/pV1L_4DF756E825B97C887573EC7E686669B2_113.root
39 :: file = /star/u/sprastar/data05/07GeV/flag/root/pV1L_4DF756E825B97C887573EC7E686669B2_74.root
40 :: file = /star/u/sprastar/data05/07GeV/flag/root/pV1L_4DF756E825B97C887573EC7E686669B2_144.root
41 :: file = /star/u/sprastar/data05/07GeV/flag/root/pV1L_4DF756E825B97C887573EC7E686669B2_94.root
42 :: file = /star/u/sprastar/data05/07GeV/flag/root/pV1L_4DF756E825B97C887573EC7E686669B2_22.root
43 :: file = /star/u/sprastar/data05/07GeV/flag/root/pV1L_4DF756E825B97C887573EC7E686669B2_189.root
44 :: file = /star/u/sprastar/data05/07GeV/flag/root/pV1L_4DF756E825B97C887573EC7E686669B2_106.root
45 :: file = /star/u/sprastar/data05/07GeV/flag/root/pV1L_4DF756E825B97C887573EC7E686669B2_161.root
46 :: file = /star/u/sprastar/data05/07GeV/flag/root/pV1L_4DF756E825B97C887573EC7E686669B2_201.root
47 :: file = /star/u/sprastar/data05/07GeV/flag/root/pV1L_4DF756E825B97C887573EC7E686669B2_142.root
48 :: file = /star/u/sprastar/data05/07GeV/flag/root/pV1L_4DF756E825B97C887573EC7E686669B2_183.root
49 :: file = /star/u/sprastar/data05/07GeV/flag/root/pV1L_4DF756E825B97C887573EC7E686669B2_206.root
50 :: file = /star/u/sprastar/data05/07GeV/flag/root/pV1L_4DF756E825B97C887573EC7E686669B2_145.root
51 :: file = /star/u/sprastar/data05/07GeV/flag/root/pV1L_4DF756E825B97C887573EC7E686669B2_172.root
52 :: file = /star/u/sprastar/data05/07GeV/flag/root/pV1L_4DF756E825B97C887573EC7E686669B2_176.root
53 :: file = /star/u/sprastar/data05/07GeV/flag/root/pV1L_4DF756E825B97C887573EC7E686669B2_3.root
54 :: file = /star/u/sprastar/data05/07GeV/flag/root/pV1L_4DF756E825B97C887573EC7E686669B2_148.root
55 :: file = /star/u/sprastar/data05/07GeV/flag/root/pV1L_4DF756E825B97C887573EC7E686669B2_2.root
56 :: file = /star/u/sprastar/data05/07GeV/flag/root/pV1L_4DF756E825B97C887573EC7E686669B2_0.root
57 :: file = /star/u/sprastar/data05/07GeV/flag/root/pV1L_4DF756E825B97C887573EC7E686669B2_128.root
58 :: file = /star/u/sprastar/data05/07GeV/flag/root/pV1L_4DF756E825B97C887573EC7E686669B2_138.root
59 :: file = /star/u/sprastar/data05/07GeV/flag/root/pV1L_4DF756E825B97C887573EC7E686669B2_26.root
60 :: file = /star/u/sprastar/data05/07GeV/flag/root/pV1L_4DF756E825B97C887573EC7E686669B2_121.root
61 :: file = /star/u/sprastar/data05/07GeV/flag/root/pV1L_4DF756E825B97C887573EC7E686669B2_50.root
62 :: file = /star/u/sprastar/data05/07GeV/flag/root/pV1L_4DF756E825B97C887573EC7E686669B2_109.root
63 :: file = /star/u/sprastar/data05/07GeV/flag/root/pV1L_4DF756E825B97C887573EC7E686669B2_129.root
64 :: file = /star/u/sprastar/data05/07GeV/flag/root/pV1L_4DF756E825B97C887573EC7E686669B2_27.root
65 :: file = /star/u/sprastar/data05/07GeV/flag/root/pV1L_4DF756E825B97C887573EC7E686669B2_118.root
66 :: file = /star/u/sprastar/data05/07GeV/flag/root/pV1L_4DF756E825B97C887573EC7E686669B2_85.root
67 :: file = /star/u/sprastar/data05/07GeV/flag/root/pV1L_4DF756E825B97C887573EC7E686669B2_60.root
68 :: file = /star/u/sprastar/data05/07GeV/flag/root/pV1L_4DF756E825B97C887573EC7E686669B2_101.root
69 :: file = /star/u/sprastar/data05/07GeV/flag/root/pV1L_4DF756E825B97C887573EC7E686669B2_75.root
70 :: file = /star/u/sprastar/data05/07GeV/flag/root/pV1L_4DF756E825B97C887573EC7E686669B2_71.root
71 :: file = /star/u/sprastar/data05/07GeV/flag/root/pV1L_4DF756E825B97C887573EC7E686669B2_13.root
72 :: file = /star/u/sprastar/data05/07GeV/flag/root/pV1L_4DF756E825B97C887573EC7E686669B2_114.root
73 :: file = /star/u/sprastar/data05/07GeV/flag/root/pV1L_4DF756E825B97C887573EC7E686669B2_83.root
74 :: file = /star/u/sprastar/data05/07GeV/flag/root/pV1L_4DF756E825B97C887573EC7E686669B2_208.root
75 :: file = /star/u/sprastar/data05/07GeV/flag/root/pV1L_4DF756E825B97C887573EC7E686669B2_199.root
76 :: file = /star/u/sprastar/data05/07GeV/flag/root/pV1L_4DF756E825B97C887573EC7E686669B2_84.root
77 :: file = /star/u/sprastar/data05/07GeV/flag/root/pV1L_4DF756E825B97C887573EC7E686669B2_81.root
78 :: file = /star/u/sprastar/data05/07GeV/flag/root/pV1L_4DF756E825B97C887573EC7E686669B2_54.root
79 :: file = /star/u/sprastar/data05/07GeV/flag/root/pV1L_4DF756E825B97C887573EC7E686669B2_89.root
80 :: file = /star/u/sprastar/data05/07GeV/flag/root/pV1L_4DF756E825B97C887573EC7E686669B2_102.root
81 :: file = /star/u/sprastar/data05/07GeV/flag/root/pV1L_4DF756E825B97C887573EC7E686669B2_180.root
82 :: file = /star/u/sprastar/data05/07GeV/flag/root/pV1L_4DF756E825B97C887573EC7E686669B2_5.root
83 :: file = /star/u/sprastar/data05/07GeV/flag/root/pV1L_4DF756E825B97C887573EC7E686669B2_4.root
84 :: file = /star/u/sprastar/data05/07GeV/flag/root/pV1L_4DF756E825B97C887573EC7E686669B2_203.root
85 :: file = /star/u/sprastar/data05/07GeV/flag/root/pV1L_4DF756E825B97C887573EC7E686669B2_202.root
86 :: file = /star/u/sprastar/data05/07GeV/flag/root/pV1L_4DF756E825B97C887573EC7E686669B2_19.root
87 :: file = /star/u/sprastar/data05/07GeV/flag/root/pV1L_4DF756E825B97C887573EC7E686669B2_165.root
88 :: file = /star/u/sprastar/data05/07GeV/flag/root/pV1L_4DF756E825B97C887573EC7E686669B2_185.root
89 :: file = /star/u/sprastar/data05/07GeV/flag/root/pV1L_4DF756E825B97C887573EC7E686669B2_157.root
90 :: file = /star/u/sprastar/data05/07GeV/flag/root/pV1L_4DF756E825B97C887573EC7E686669B2_39.root
91 :: file = /star/u/sprastar/data05/07GeV/flag/root/pV1L_4DF756E825B97C887573EC7E686669B2_77.root
92 :: file = /star/u/sprastar/data05/07GeV/flag/root/pV1L_4DF756E825B97C887573EC7E686669B2_41.root
93 :: file = /star/u/sprastar/data05/07GeV/flag/root/pV1L_4DF756E825B97C887573EC7E686669B2_51.root
94 :: file = /star/u/sprastar/data05/07GeV/flag/root/pV1L_4DF756E825B97C887573EC7E686669B2_23.root
95 :: file = /star/u/sprastar/data05/07GeV/flag/root/pV1L_4DF756E825B97C887573EC7E686669B2_99.root
96 :: file = /star/u/sprastar/data05/07GeV/flag/root/pV1L_4DF756E825B97C887573EC7E686669B2_64.root
97 :: file = /star/u/sprastar/data05/07GeV/flag/root/pV1L_4DF756E825B97C887573EC7E686669B2_30.root
98 :: file = /star/u/sprastar/data05/07GeV/flag/root/pV1L_4DF756E825B97C887573EC7E686669B2_91.root
99 :: file = /star/u/sprastar/data05/07GeV/flag/root/pV1L_4DF756E825B97C887573EC7E686669B2_112.root
100 :: file = /star/u/sprastar/data05/07GeV/flag/root/pV1L_4DF756E825B97C887573EC7E686669B2_168.root
101 :: file = /star/u/sprastar/data05/07GeV/flag/root/pV1L_4DF756E825B97C887573EC7E686669B2_65.root
102 :: file = /star/u/sprastar/data05/07GeV/flag/root/pV1L_4DF756E825B97C887573EC7E686669B2_210.root
103 :: file = /star/u/sprastar/data05/07GeV/flag/root/pV1L_4DF756E825B97C887573EC7E686669B2_171.root
104 :: file = /star/u/sprastar/data05/07GeV/flag/root/pV1L_4DF756E825B97C887573EC7E686669B2_104.root
105 :: file = /star/u/sprastar/data05/07GeV/flag/root/pV1L_4DF756E825B97C887573EC7E686669B2_40.root
106 :: file = /star/u/sprastar/data05/07GeV/flag/root/pV1L_4DF756E825B97C887573EC7E686669B2_192.root
107 :: file = /star/u/sprastar/data05/07GeV/flag/root/pV1L_4DF756E825B97C887573EC7E686669B2_173.root
108 :: file = /star/u/sprastar/data05/07GeV/flag/root/pV1L_4DF756E825B97C887573EC7E686669B2_188.root
109 :: file = /star/u/sprastar/data05/07GeV/flag/root/pV1L_4DF756E825B97C887573EC7E686669B2_1.root
110 :: file = /star/u/sprastar/data05/07GeV/flag/root/pV1L_4DF756E825B97C887573EC7E686669B2_177.root
111 :: file = /star/u/sprastar/data05/07GeV/flag/root/pV1L_4DF756E825B97C887573EC7E686669B2_190.root
112 :: file = /star/u/sprastar/data05/07GeV/flag/root/pV1L_4DF756E825B97C887573EC7E686669B2_193.root
113 :: file = /star/u/sprastar/data05/07GeV/flag/root/pV1L_4DF756E825B97C887573EC7E686669B2_186.root
114 :: file = /star/u/sprastar/data05/07GeV/flag/root/pV1L_4DF756E825B97C887573EC7E686669B2_43.root
115 :: file = /star/u/sprastar/data05/07GeV/flag/root/pV1L_4DF756E825B97C887573EC7E686669B2_131.root
116 :: file = /star/u/sprastar/data05/07GeV/flag/root/pV1L_4DF756E825B97C887573EC7E686669B2_135.root
117 :: file = /star/u/sprastar/data05/07GeV/flag/root/pV1L_4DF756E825B97C887573EC7E686669B2_132.root
118 :: file = /star/u/sprastar/data05/07GeV/flag/root/pV1L_4DF756E825B97C887573EC7E686669B2_123.root
119 :: file = /star/u/sprastar/data05/07GeV/flag/root/pV1L_4DF756E825B97C887573EC7E686669B2_24.root
120 :: file = /star/u/sprastar/data05/07GeV/flag/root/pV1L_4DF756E825B97C887573EC7E686669B2_93.root
121 :: file = /star/u/sprastar/data05/07GeV/flag/root/pV1L_4DF756E825B97C887573EC7E686669B2_66.root
122 :: file = /star/u/sprastar/data05/07GeV/flag/root/pV1L_4DF756E825B97C887573EC7E686669B2_98.root
123 :: file = /star/u/sprastar/data05/07GeV/flag/root/pV1L_4DF756E825B97C887573EC7E686669B2_117.root
124 :: file = /star/u/sprastar/data05/07GeV/flag/root/pV1L_4DF756E825B97C887573EC7E686669B2_67.root
125 :: file = /star/u/sprastar/data05/07GeV/flag/root/pV1L_4DF756E825B97C887573EC7E686669B2_38.root
126 :: file = /star/u/sprastar/data05/07GeV/flag/root/pV1L_4DF756E825B97C887573EC7E686669B2_53.root
127 :: file = /star/u/sprastar/data05/07GeV/flag/root/pV1L_4DF756E825B97C887573EC7E686669B2_125.root
128 :: file = /star/u/sprastar/data05/07GeV/flag/root/pV1L_4DF756E825B97C887573EC7E686669B2_143.root
129 :: file = /star/u/sprastar/data05/07GeV/flag/root/pV1L_4DF756E825B97C887573EC7E686669B2_100.root
130 :: file = /star/u/sprastar/data05/07GeV/flag/root/pV1L_4DF756E825B97C887573EC7E686669B2_108.root
131 :: file = /star/u/sprastar/data05/07GeV/flag/root/pV1L_4DF756E825B97C887573EC7E686669B2_182.root
132 :: file = /star/u/sprastar/data05/07GeV/flag/root/pV1L_4DF756E825B97C887573EC7E686669B2_166.root
133 :: file = /star/u/sprastar/data05/07GeV/flag/root/pV1L_4DF756E825B97C887573EC7E686669B2_209.root
134 :: file = /star/u/sprastar/data05/07GeV/flag/root/pV1L_4DF756E825B97C887573EC7E686669B2_153.root
135 :: file = /star/u/sprastar/data05/07GeV/flag/root/pV1L_4DF756E825B97C887573EC7E686669B2_204.root
136 :: file = /star/u/sprastar/data05/07GeV/flag/root/pV1L_4DF756E825B97C887573EC7E686669B2_197.root
137 :: file = /star/u/sprastar/data05/07GeV/flag/root/pV1L_4DF756E825B97C887573EC7E686669B2_187.root
138 :: file = /star/u/sprastar/data05/07GeV/flag/root/pV1L_4DF756E825B97C887573EC7E686669B2_16.root
139 :: file = /star/u/sprastar/data05/07GeV/flag/root/pV1L_4DF756E825B97C887573EC7E686669B2_15.root
140 :: file = /star/u/sprastar/data05/07GeV/flag/root/pV1L_4DF756E825B97C887573EC7E686669B2_169.root
141 :: file = /star/u/sprastar/data05/07GeV/flag/root/pV1L_4DF756E825B97C887573EC7E686669B2_9.root
142 :: file = /star/u/sprastar/data05/07GeV/flag/root/pV1L_4DF756E825B97C887573EC7E686669B2_136.root
143 :: file = /star/u/sprastar/data05/07GeV/flag/root/pV1L_4DF756E825B97C887573EC7E686669B2_107.root
144 :: file = /star/u/sprastar/data05/07GeV/flag/root/pV1L_4DF756E825B97C887573EC7E686669B2_134.root
145 :: file = /star/u/sprastar/data05/07GeV/flag/root/pV1L_4DF756E825B97C887573EC7E686669B2_126.root
146 :: file = /star/u/sprastar/data05/07GeV/flag/root/pV1L_4DF756E825B97C887573EC7E686669B2_92.root
147 :: file = /star/u/sprastar/data05/07GeV/flag/root/pV1L_4DF756E825B97C887573EC7E686669B2_139.root
148 :: file = /star/u/sprastar/data05/07GeV/flag/root/pV1L_4DF756E825B97C887573EC7E686669B2_105.root
149 :: file = /star/u/sprastar/data05/07GeV/flag/root/pV1L_4DF756E825B97C887573EC7E686669B2_32.root
150 :: file = /star/u/sprastar/data05/07GeV/flag/root/pV1L_4DF756E825B97C887573EC7E686669B2_59.root
151 :: file = /star/u/sprastar/data05/07GeV/flag/root/pV1L_4DF756E825B97C887573EC7E686669B2_86.root
152 :: file = /star/u/sprastar/data05/07GeV/flag/root/pV1L_4DF756E825B97C887573EC7E686669B2_122.root
153 :: file = /star/u/sprastar/data05/07GeV/flag/root/pV1L_4DF756E825B97C887573EC7E686669B2_31.root
154 :: file = /star/u/sprastar/data05/07GeV/flag/root/pV1L_4DF756E825B97C887573EC7E686669B2_35.root
155 :: file = /star/u/sprastar/data05/07GeV/flag/root/pV1L_4DF756E825B97C887573EC7E686669B2_29.root
156 :: file = /star/u/sprastar/data05/07GeV/flag/root/pV1L_4DF756E825B97C887573EC7E686669B2_14.root
157 :: file = /star/u/sprastar/data05/07GeV/flag/root/pV1L_4DF756E825B97C887573EC7E686669B2_55.root
158 :: file = /star/u/sprastar/data05/07GeV/flag/root/pV1L_4DF756E825B97C887573EC7E686669B2_76.root
159 :: file = /star/u/sprastar/data05/07GeV/flag/root/pV1L_4DF756E825B97C887573EC7E686669B2_205.root
160 :: file = /star/u/sprastar/data05/07GeV/flag/root/pV1L_4DF756E825B97C887573EC7E686669B2_181.root
161 :: file = /star/u/sprastar/data05/07GeV/flag/root/pV1L_4DF756E825B97C887573EC7E686669B2_155.root
162 :: file = /star/u/sprastar/data05/07GeV/flag/root/pV1L_4DF756E825B97C887573EC7E686669B2_198.root
163 :: file = /star/u/sprastar/data05/07GeV/flag/root/pV1L_4DF756E825B97C887573EC7E686669B2_8.root
164 :: file = /star/u/sprastar/data05/07GeV/flag/root/pV1L_4DF756E825B97C887573EC7E686669B2_20.root
165 :: file = /star/u/sprastar/data05/07GeV/flag/root/pV1L_4DF756E825B97C887573EC7E686669B2_200.root
166 :: file = /star/u/sprastar/data05/07GeV/flag/root/pV1L_4DF756E825B97C887573EC7E686669B2_147.root
167 :: file = /star/u/sprastar/data05/07GeV/flag/root/pV1L_4DF756E825B97C887573EC7E686669B2_154.root
168 :: file = /star/u/sprastar/data05/07GeV/flag/root/pV1L_4DF756E825B97C887573EC7E686669B2_152.root
169 :: file = /star/u/sprastar/data05/07GeV/flag/root/pV1L_4DF756E825B97C887573EC7E686669B2_184.root
170 :: file = /star/u/sprastar/data05/07GeV/flag/root/pV1L_4DF756E825B97C887573EC7E686669B2_167.root
171 :: file = /star/u/sprastar/data05/07GeV/flag/root/pV1L_4DF756E825B97C887573EC7E686669B2_196.root
172 :: file = /star/u/sprastar/data05/07GeV/flag/root/pV1L_4DF756E825B97C887573EC7E686669B2_73.root
173 :: file = /star/u/sprastar/data05/07GeV/flag/root/pV1L_4DF756E825B97C887573EC7E686669B2_97.root
174 :: file = /star/u/sprastar/data05/07GeV/flag/root/pV1L_4DF756E825B97C887573EC7E686669B2_49.root
175 :: file = /star/u/sprastar/data05/07GeV/flag/root/pV1L_4DF756E825B97C887573EC7E686669B2_11.root
176 :: file = /star/u/sprastar/data05/07GeV/flag/root/pV1L_4DF756E825B97C887573EC7E686669B2_158.root
177 :: file = /star/u/sprastar/data05/07GeV/flag/root/pV1L_4DF756E825B97C887573EC7E686669B2_37.root
178 :: file = /star/u/sprastar/data05/07GeV/flag/root/pV1L_4DF756E825B97C887573EC7E686669B2_47.root
179 :: file = /star/u/sprastar/data05/07GeV/flag/root/pV1L_4DF756E825B97C887573EC7E686669B2_116.root
180 :: file = /star/u/sprastar/data05/07GeV/flag/root/pV1L_4DF756E825B97C887573EC7E686669B2_127.root
181 :: file = /star/u/sprastar/data05/07GeV/flag/root/pV1L_4DF756E825B97C887573EC7E686669B2_96.root
182 :: file = /star/u/sprastar/data05/07GeV/flag/root/pV1L_4DF756E825B97C887573EC7E686669B2_141.root
183 :: file = /star/u/sprastar/data05/07GeV/flag/root/pV1L_4DF756E825B97C887573EC7E686669B2_90.root
184 :: file = /star/u/sprastar/data05/07GeV/flag/root/pV1L_4DF756E825B97C887573EC7E686669B2_42.root
185 :: file = /star/u/sprastar/data05/07GeV/flag/root/pV1L_4DF756E825B97C887573EC7E686669B2_7.root
186 :: file = /star/u/sprastar/data05/07GeV/flag/root/pV1L_4DF756E825B97C887573EC7E686669B2_160.root
187 :: file = /star/u/sprastar/data05/07GeV/flag/root/pV1L_4DF756E825B97C887573EC7E686669B2_178.root
188 :: file = /star/u/sprastar/data05/07GeV/flag/root/pV1L_4DF756E825B97C887573EC7E686669B2_164.root
189 :: file = /star/u/sprastar/data05/07GeV/flag/root/pV1L_4DF756E825B97C887573EC7E686669B2_191.root
190 :: file = /star/u/sprastar/data05/07GeV/flag/root/pV1L_4DF756E825B97C887573EC7E686669B2_17.root
191 :: file = /star/u/sprastar/data05/07GeV/flag/root/pV1L_4DF756E825B97C887573EC7E686669B2_159.root
192 :: file = /star/u/sprastar/data05/07GeV/flag/root/pV1L_4DF756E825B97C887573EC7E686669B2_80.root
193 :: file = /star/u/sprastar/data05/07GeV/flag/root/pV1L_4DF756E825B97C887573EC7E686669B2_103.root
194 :: file = /star/u/sprastar/data05/07GeV/flag/root/pV1L_4DF756E825B97C887573EC7E686669B2_68.root
195 :: file = /star/u/sprastar/data05/07GeV/flag/root/pV1L_4DF756E825B97C887573EC7E686669B2_119.root
196 :: file = /star/u/sprastar/data05/07GeV/flag/root/pV1L_4DF756E825B97C887573EC7E686669B2_124.root
197 :: file = /star/u/sprastar/data05/07GeV/flag/root/pV1L_4DF756E825B97C887573EC7E686669B2_45.root
198 :: file = /star/u/sprastar/data05/07GeV/flag/root/pV1L_4DF756E825B97C887573EC7E686669B2_46.root
199 :: file = /star/u/sprastar/data05/07GeV/flag/root/pV1L_4DF756E825B97C887573EC7E686669B2_58.root
200 :: file = /star/u/sprastar/data05/07GeV/flag/root/pV1L_4DF756E825B97C887573EC7E686669B2_115.root
201 :: file = /star/u/sprastar/data05/07GeV/flag/root/pV1L_4DF756E825B97C887573EC7E686669B2_62.root
202 :: file = /star/u/sprastar/data05/07GeV/flag/root/pV1L_4DF756E825B97C887573EC7E686669B2_69.root
203 :: file = /star/u/sprastar/data05/07GeV/flag/root/pV1L_4DF756E825B97C887573EC7E686669B2_56.root
204 :: file = /star/u/sprastar/data05/07GeV/flag/root/pV1L_4DF756E825B97C887573EC7E686669B2_25.root
205 :: file = /star/u/sprastar/data05/07GeV/flag/root/pV1L_4DF756E825B97C887573EC7E686669B2_48.root
206 :: file = /star/u/sprastar/data05/07GeV/flag/root/pV1L_4DF756E825B97C887573EC7E686669B2_12.root
207 :: file = /star/u/sprastar/data05/07GeV/flag/root/pV1L_4DF756E825B97C887573EC7E686669B2_179.root
208 :: file = /star/u/sprastar/data05/07GeV/flag/root/pV1L_4DF756E825B97C887573EC7E686669B2_194.root
209 :: file = /star/u/sprastar/data05/07GeV/flag/root/pV1L_4DF756E825B97C887573EC7E686669B2_163.root
210 :: file = /star/u/sprastar/data05/07GeV/flag/root/pV1L_4DF756E825B97C887573EC7E686669B2_195.root
662927925
0
1000000
2000000
3000000
4000000
5000000
6000000
7000000
8000000
9000000
10000000
11000000
12000000
13000000
14000000
15000000
16000000
17000000
18000000
19000000
20000000
21000000
22000000
23000000
24000000
25000000
26000000
27000000
28000000
29000000
30000000
31000000
32000000
33000000
34000000
35000000
36000000
37000000
38000000
39000000
40000000
41000000
42000000
43000000
44000000
45000000
46000000
47000000
48000000
49000000
50000000
51000000
52000000
53000000
54000000
55000000
56000000
57000000
58000000
59000000
60000000
61000000
62000000
63000000
64000000
65000000
66000000
67000000
68000000
69000000
70000000
71000000
72000000
73000000
74000000
75000000
76000000
77000000
78000000
79000000
80000000
81000000
82000000
83000000
84000000
85000000
86000000
87000000
88000000
89000000
90000000
91000000
92000000
93000000
94000000
95000000
96000000
97000000
98000000
99000000
100000000
101000000
102000000
103000000
104000000
105000000
106000000
107000000
108000000
109000000
110000000
111000000
112000000
113000000
114000000
115000000
116000000
117000000
118000000
119000000
120000000
121000000
122000000
123000000
124000000
125000000
126000000
127000000
128000000
129000000
130000000
131000000
132000000
133000000
134000000
135000000
136000000
137000000
138000000
139000000
140000000
141000000
142000000
143000000
144000000
145000000
146000000
147000000
148000000
149000000
150000000
151000000
152000000
153000000
154000000
155000000
156000000
157000000
158000000
159000000
160000000
161000000
162000000
163000000
164000000
165000000
166000000
167000000
168000000
169000000
170000000
171000000
172000000
173000000
174000000
175000000
176000000
177000000
178000000
179000000
180000000
181000000
182000000
183000000
184000000
185000000
186000000
187000000
188000000
189000000
190000000
191000000
192000000
193000000
194000000
195000000
196000000
197000000
198000000
199000000
200000000
201000000
202000000
203000000
204000000
205000000
206000000
207000000
208000000
209000000
210000000
211000000
212000000
213000000
214000000
215000000
216000000
217000000
218000000
219000000
220000000
221000000
222000000
223000000
224000000
225000000
226000000
227000000
228000000
229000000
230000000
231000000
232000000
233000000
234000000
235000000
236000000
237000000
238000000
239000000
240000000
241000000
242000000
243000000
244000000
245000000
246000000
247000000
248000000
249000000
250000000
251000000
252000000
253000000
254000000
255000000
256000000
257000000
258000000
259000000
260000000
261000000
262000000
263000000
264000000
265000000
266000000
267000000
268000000
269000000
270000000
271000000
272000000
273000000
274000000
275000000
276000000
277000000
278000000
279000000
280000000
281000000
282000000
283000000
284000000
285000000
286000000
287000000
288000000
289000000
290000000
291000000
292000000
293000000
294000000
295000000
296000000
297000000
298000000
299000000
300000000
301000000
302000000
303000000
304000000
305000000
306000000
307000000
308000000
309000000
310000000
311000000
312000000
313000000
314000000
315000000
316000000
317000000
318000000
319000000
320000000
321000000
322000000
323000000
324000000
325000000
326000000
327000000
328000000
329000000
330000000
331000000
332000000
333000000
334000000
335000000
336000000
337000000
338000000
339000000
340000000
341000000
342000000
343000000
344000000
345000000
346000000
347000000
348000000
349000000
350000000
351000000
352000000
353000000
354000000
355000000
356000000
357000000
358000000
359000000
360000000
361000000
362000000
363000000
364000000
365000000
366000000
367000000
368000000
369000000
370000000
371000000
372000000
373000000
374000000
375000000
376000000
377000000
378000000
379000000
380000000
381000000
382000000
383000000
384000000
385000000
386000000
387000000
388000000
389000000
390000000
391000000
392000000
393000000
394000000
395000000
396000000
397000000
398000000
399000000
400000000
401000000
402000000
403000000
404000000
405000000
406000000
407000000
408000000
409000000
410000000
411000000
412000000
413000000
414000000
415000000
416000000
417000000
418000000
419000000
420000000
421000000
422000000
423000000
424000000
425000000
426000000
427000000
428000000
429000000
430000000
431000000
432000000
433000000
434000000
435000000
436000000
437000000
438000000
439000000
440000000
441000000
442000000
443000000
444000000
445000000
446000000
447000000
448000000
449000000
450000000
451000000
452000000
453000000
454000000
455000000
456000000
457000000
458000000
459000000
460000000
461000000
462000000
463000000
464000000
465000000
466000000
467000000
468000000
469000000
470000000
471000000
472000000
473000000
474000000
475000000
476000000
477000000
478000000
479000000
480000000
481000000
482000000
483000000
484000000
485000000
486000000
487000000
488000000
489000000
490000000
491000000
492000000
493000000
494000000
495000000
496000000
497000000
498000000
499000000
500000000
501000000
502000000
503000000
504000000
505000000
506000000
507000000
508000000
509000000
510000000
511000000
512000000
513000000
514000000
515000000
516000000
517000000
518000000
519000000
520000000
521000000
522000000
523000000
524000000
525000000
526000000
527000000
528000000
529000000
530000000
531000000
532000000
533000000
534000000
535000000
536000000
537000000
538000000
539000000
540000000
541000000
542000000
543000000
544000000
545000000
546000000
547000000
548000000
549000000
550000000
551000000
552000000
553000000
554000000
555000000
556000000
557000000
558000000
559000000
560000000
561000000
562000000
563000000
564000000
565000000
566000000
567000000
568000000
569000000
570000000
571000000
572000000
573000000
574000000
575000000
576000000
577000000
578000000
579000000
580000000
581000000
582000000
583000000
584000000
585000000
586000000
587000000
588000000
589000000
590000000
591000000
592000000
593000000
594000000
595000000
596000000
597000000
598000000
599000000
600000000
601000000
602000000
603000000
604000000
605000000
606000000
607000000
608000000
609000000
610000000
611000000
612000000
613000000
614000000
615000000
616000000
617000000
618000000
619000000
620000000
621000000
622000000
623000000
624000000
625000000
626000000
627000000
628000000
629000000
630000000
631000000
632000000
633000000
634000000
635000000
636000000
637000000
638000000
639000000
640000000
641000000
642000000
643000000
644000000
645000000
646000000
647000000
648000000
649000000
650000000
651000000
652000000
653000000
654000000
655000000
656000000
657000000
658000000
659000000
660000000
661000000
662000000

This is the end of ROOT -- Goodbye

